#
# There is insufficient memory for the Java Runtime Environment to continue.
# Native memory allocation (mmap) failed to map 106954752 bytes for G1 virtual space
# Possible reasons:
#   The system is out of physical RAM or swap space
#   The process is running with CompressedOops enabled, and the Java Heap may be blocking the growth of the native heap
# Possible solutions:
#   Reduce memory load on the system
#   Increase physical memory or swap space
#   Check if swap backing store is full
#   Decrease Java heap size (-Xmx/-Xms)
#   Decrease number of Java threads
#   Decrease Java thread stack sizes (-Xss)
#   Set larger code cache with -XX:ReservedCodeCacheSize=
#   JVM is running with Unscaled Compressed Oops mode in which the Java heap is
#     placed in the first 4GB address space. The Java Heap base address is the
#     maximum limit for the native heap growth. Please use -XX:HeapBaseMinAddress
#     to set the Java Heap base and to place the Java Heap above 4GB virtual address.
# This output file may be truncated or incomplete.
#
#  Out of Memory Error (os_windows.cpp:3769), pid=10396, tid=13416
#
# JRE version: OpenJDK Runtime Environment (17.0.6) (build 17.0.6+0-b2043.56-10027231)
# Java VM: OpenJDK 64-Bit Server VM (17.0.6+0-b2043.56-10027231, mixed mode, tiered, compressed oops, compressed class ptrs, g1 gc, windows-amd64)
# No core dump will be written. Minidumps are not enabled by default on client versions of Windows
#

---------------  S U M M A R Y ------------

Command Line: --add-opens=java.base/java.util=ALL-UNNAMED --add-opens=java.base/java.lang=ALL-UNNAMED --add-opens=java.base/java.lang.invoke=ALL-UNNAMED --add-opens=java.prefs/java.util.prefs=ALL-UNNAMED --add-opens=java.base/java.nio.charset=ALL-UNNAMED --add-opens=java.base/java.net=ALL-UNNAMED --add-opens=java.base/java.util.concurrent.atomic=ALL-UNNAMED -Xmx2048m -Dfile.encoding=UTF-8 -Duser.country=US -Duser.language=en -Duser.variant org.gradle.launcher.daemon.bootstrap.GradleDaemon 8.0

Host: AMD Ryzen 5 3550H with Radeon Vega Mobile Gfx  , 8 cores, 5G,  Windows 11 , 64 bit Build 22621 (10.0.22621.3085)
Time: Thu Feb 29 22:59:58 2024 India Standard Time elapsed time: 46.194001 seconds (0d 0h 0m 46s)

---------------  T H R E A D  ---------------

Current thread (0x0000013a44e27ca0):  VMThread "VM Thread" [stack: 0x000000052e900000,0x000000052ea00000] [id=13416]

Stack: [0x000000052e900000,0x000000052ea00000]
Native frames: (J=compiled Java code, j=interpreted, Vv=VM code, C=native code)
V  [jvm.dll+0x683c9a]
V  [jvm.dll+0x8427a4]
V  [jvm.dll+0x843f9e]
V  [jvm.dll+0x844603]
V  [jvm.dll+0x249b75]
V  [jvm.dll+0x680b69]
V  [jvm.dll+0x67505a]
V  [jvm.dll+0x309acb]
V  [jvm.dll+0x310f86]
V  [jvm.dll+0x3608ee]
V  [jvm.dll+0x360b1f]
V  [jvm.dll+0x2dfbf8]
V  [jvm.dll+0x2ddec4]
V  [jvm.dll+0x2dd4cc]
V  [jvm.dll+0x321f3b]
V  [jvm.dll+0x848ccb]
V  [jvm.dll+0x849a04]
V  [jvm.dll+0x849f1d]
V  [jvm.dll+0x84a2f4]
V  [jvm.dll+0x84a3c0]
V  [jvm.dll+0x7f274a]
V  [jvm.dll+0x682ad5]
C  [ucrtbase.dll+0x29363]
C  [KERNEL32.DLL+0x1257d]
C  [ntdll.dll+0x5aa58]

VM_Operation (0x00000005300f2d30): G1CollectForAllocation, mode: safepoint, requested by thread 0x0000013a467742d0


---------------  P R O C E S S  ---------------

Threads class SMR info:
_java_thread_list=0x0000013a4e974fa0, length=127, elements={
0x0000013a2b010c80, 0x0000013a44e5e230, 0x0000013a44e64340, 0x0000013a44e8b200,
0x0000013a44e8c070, 0x0000013a44e8dd90, 0x0000013a44e8e740, 0x0000013a4581c730,
0x0000013a4581d030, 0x0000013a4581da20, 0x0000013a459bd340, 0x0000013a459be230,
0x0000013a472688f0, 0x0000013a46959e40, 0x0000013a46e73030, 0x0000013a46741030,
0x0000013a464ca650, 0x0000013a467712b0, 0x0000013a467742d0, 0x0000013a46771780,
0x0000013a467725f0, 0x0000013a46773e00, 0x0000013a46772ac0, 0x0000013a46773930,
0x0000013a46772120, 0x0000013a46770910, 0x0000013a46770de0, 0x0000013a46771c50,
0x0000013a46772f90, 0x0000013a46773460, 0x0000013a47193590, 0x0000013a47194400,
0x0000013a47194da0, 0x0000013a47193a60, 0x0000013a47196a80, 0x0000013a47193f30,
0x0000013a47195270, 0x0000013a47195c10, 0x0000013a471960e0, 0x0000013a471930c0,
0x0000013a471965b0, 0x0000013a45cacfe0, 0x0000013a45cb09a0, 0x0000013a45cab300,
0x0000013a45cad980, 0x0000013a45cade50, 0x0000013a45cb1340, 0x0000013a45cae7f0,
0x0000013a45ca9fc0, 0x0000013a45cab7d0, 0x0000013a45ca9af0, 0x0000013a45caa490,
0x0000013a45caa960, 0x0000013a4a3404c0, 0x0000013a4a33fff0, 0x0000013a4a33e7e0,
0x0000013a4a33d4a0, 0x0000013a4a33d970, 0x0000013a4a33fb20, 0x0000013a4a33b7c0,
0x0000013a4a340990, 0x0000013a4a341800, 0x0000013a4a342670, 0x0000013a4a33f180,
0x0000013a4a33de40, 0x0000013a4a341cd0, 0x0000013a4a33e310, 0x0000013a4a33bc90,
0x0000013a4a33c630, 0x0000013a4a33ecb0, 0x0000013a4a33c160, 0x0000013a4a33cb00,
0x0000013a4a3421a0, 0x0000013a4a33cfd0, 0x0000013a4a33ae20, 0x0000013a4a33f650,
0x0000013a4a340e60, 0x0000013a4a33b2f0, 0x0000013a4a341330, 0x0000013a49d20ed0,
0x0000013a49d23ef0, 0x0000013a49d243c0, 0x0000013a49d1fb90, 0x0000013a49d25bd0,
0x0000013a49d24d60, 0x0000013a49d260a0, 0x0000013a49d23080, 0x0000013a49d21d40,
0x0000013a49d22210, 0x0000013a49d26570, 0x0000013a49d20060, 0x0000013a49d20a00,
0x0000013a49d226e0, 0x0000013a49d20530, 0x0000013a49d24890, 0x0000013a49d23550,
0x0000013a49d22bb0, 0x0000013a49d213a0, 0x0000013a49d1f6c0, 0x0000013a49d1ed20,
0x0000013a49d1f1f0, 0x0000013a49d21870, 0x0000013a49d25700, 0x0000013a49d23a20,
0x0000013a49d25230, 0x0000013a45c35930, 0x0000013a45c38480, 0x0000013a45c362d0,
0x0000013a45c392f0, 0x0000013a45c33780, 0x0000013a45c34ac0, 0x0000013a45c36c70,
0x0000013a45c38950, 0x0000013a45c397c0, 0x0000013a45c34f90, 0x0000013a45c37140,
0x0000013a45c38e20, 0x0000013a45c39c90, 0x0000013a45c35460, 0x0000013a45c332b0,
0x0000013a45c3a160, 0x0000013a45c33c50, 0x0000013a45c3a630, 0x0000013a45c34120,
0x0000013a45c35e00, 0x0000013a45c37ae0, 0x0000013a45c37610
}

Java Threads: ( => current thread )
  0x0000013a2b010c80 JavaThread "main" [_thread_blocked, id=8992, stack(0x000000052e300000,0x000000052e400000)]
  0x0000013a44e5e230 JavaThread "Reference Handler" daemon [_thread_blocked, id=12992, stack(0x000000052ea00000,0x000000052eb00000)]
  0x0000013a44e64340 JavaThread "Finalizer" daemon [_thread_blocked, id=11584, stack(0x000000052eb00000,0x000000052ec00000)]
  0x0000013a44e8b200 JavaThread "Signal Dispatcher" daemon [_thread_blocked, id=7936, stack(0x000000052ec00000,0x000000052ed00000)]
  0x0000013a44e8c070 JavaThread "Attach Listener" daemon [_thread_blocked, id=8032, stack(0x000000052ed00000,0x000000052ee00000)]
  0x0000013a44e8dd90 JavaThread "Service Thread" daemon [_thread_blocked, id=1952, stack(0x000000052ee00000,0x000000052ef00000)]
  0x0000013a44e8e740 JavaThread "Monitor Deflation Thread" daemon [_thread_blocked, id=12880, stack(0x000000052ef00000,0x000000052f000000)]
  0x0000013a4581c730 JavaThread "C2 CompilerThread0" daemon [_thread_blocked, id=8016, stack(0x000000052f000000,0x000000052f100000)]
  0x0000013a4581d030 JavaThread "C1 CompilerThread0" daemon [_thread_blocked, id=10828, stack(0x000000052f100000,0x000000052f200000)]
  0x0000013a4581da20 JavaThread "Sweeper thread" daemon [_thread_blocked, id=4600, stack(0x000000052f200000,0x000000052f300000)]
  0x0000013a459bd340 JavaThread "Common-Cleaner" daemon [_thread_blocked, id=2640, stack(0x000000052f300000,0x000000052f400000)]
  0x0000013a459be230 JavaThread "Notification Thread" daemon [_thread_blocked, id=9272, stack(0x000000052f400000,0x000000052f500000)]
  0x0000013a472688f0 JavaThread "Daemon health stats" [_thread_blocked, id=5328, stack(0x000000052fa00000,0x000000052fb00000)]
  0x0000013a46959e40 JavaThread "Incoming local TCP Connector on port 55667" [_thread_in_native, id=9744, stack(0x000000052fb00000,0x000000052fc00000)]
  0x0000013a46e73030 JavaThread "Daemon periodic checks" [_thread_blocked, id=5656, stack(0x000000052fc00000,0x000000052fd00000)]
  0x0000013a46741030 JavaThread "Daemon" [_thread_blocked, id=5616, stack(0x000000052fd00000,0x000000052fe00000)]
  0x0000013a464ca650 JavaThread "Handler for socket connection from /127.0.0.1:55667 to /127.0.0.1:55668" [_thread_in_native, id=2756, stack(0x000000052fe00000,0x000000052ff00000)]
  0x0000013a467712b0 JavaThread "Cancel handler" [_thread_blocked, id=8416, stack(0x000000052ff00000,0x0000000530000000)]
  0x0000013a467742d0 JavaThread "Daemon worker" [_thread_blocked, id=9984, stack(0x0000000530000000,0x0000000530100000)]
  0x0000013a46771780 JavaThread "Asynchronous log dispatcher for DefaultDaemonConnection: socket connection from /127.0.0.1:55667 to /127.0.0.1:55668" [_thread_blocked, id=11676, stack(0x0000000530100000,0x0000000530200000)]
  0x0000013a467725f0 JavaThread "Stdin handler" [_thread_blocked, id=4500, stack(0x0000000530200000,0x0000000530300000)]
  0x0000013a46773e00 JavaThread "Daemon client event forwarder" [_thread_blocked, id=12996, stack(0x0000000530300000,0x0000000530400000)]
  0x0000013a46772ac0 JavaThread "Cache worker for journal cache (C:\Users\hp\.gradle\caches\journal-1)" [_thread_blocked, id=8004, stack(0x0000000530800000,0x0000000530900000)]
  0x0000013a46773930 JavaThread "File lock request listener" [_thread_in_native, id=9032, stack(0x0000000530900000,0x0000000530a00000)]
  0x0000013a46772120 JavaThread "Cache worker for file hash cache (C:\Users\hp\.gradle\caches\8.0\fileHashes)" [_thread_blocked, id=2900, stack(0x0000000530a00000,0x0000000530b00000)]
  0x0000013a46770910 JavaThread "File watcher server" daemon [_thread_in_native, id=13828, stack(0x0000000530b00000,0x0000000530c00000)]
  0x0000013a46770de0 JavaThread "File watcher consumer" daemon [_thread_blocked, id=10856, stack(0x0000000530c00000,0x0000000530d00000)]
  0x0000013a46771c50 JavaThread "jar transforms" [_thread_blocked, id=8196, stack(0x0000000530d00000,0x0000000530e00000)]
  0x0000013a46772f90 JavaThread "jar transforms Thread 2" [_thread_blocked, id=11792, stack(0x0000000530e00000,0x0000000530f00000)]
  0x0000013a46773460 JavaThread "jar transforms Thread 3" [_thread_blocked, id=4920, stack(0x0000000530f00000,0x0000000531000000)]
  0x0000013a47193590 JavaThread "jar transforms Thread 4" [_thread_blocked, id=14108, stack(0x0000000531000000,0x0000000531100000)]
  0x0000013a47194400 JavaThread "jar transforms Thread 5" [_thread_blocked, id=11744, stack(0x0000000531100000,0x0000000531200000)]
  0x0000013a47194da0 JavaThread "jar transforms Thread 6" [_thread_blocked, id=9764, stack(0x0000000531200000,0x0000000531300000)]
  0x0000013a47193a60 JavaThread "jar transforms Thread 7" [_thread_blocked, id=3028, stack(0x0000000531300000,0x0000000531400000)]
  0x0000013a47196a80 JavaThread "jar transforms Thread 8" [_thread_blocked, id=1540, stack(0x0000000531400000,0x0000000531500000)]
  0x0000013a47193f30 JavaThread "Cache worker for checksums cache (C:\Users\hp\Desktop\Main_Projects\LPUveggii\.gradle\8.0\checksums)" [_thread_blocked, id=13680, stack(0x0000000531500000,0x0000000531600000)]
  0x0000013a47195270 JavaThread "Cache worker for cache directory md-rule (C:\Users\hp\.gradle\caches\8.0\md-rule)" [_thread_blocked, id=1768, stack(0x0000000531600000,0x0000000531700000)]
  0x0000013a47195c10 JavaThread "Cache worker for file content cache (C:\Users\hp\.gradle\caches\8.0\fileContent)" [_thread_blocked, id=14228, stack(0x0000000531700000,0x0000000531800000)]
  0x0000013a471960e0 JavaThread "Cache worker for file hash cache (C:\Users\hp\Desktop\Main_Projects\LPUveggii\.gradle\8.0\fileHashes)" [_thread_blocked, id=2812, stack(0x0000000531800000,0x0000000531900000)]
  0x0000013a471930c0 JavaThread "Cache worker for cache directory md-supplier (C:\Users\hp\.gradle\caches\8.0\md-supplier)" [_thread_blocked, id=9620, stack(0x0000000531900000,0x0000000531a00000)]
  0x0000013a471965b0 JavaThread "Cache worker for execution history cache (C:\Users\hp\.gradle\caches\8.0\executionHistory)" [_thread_blocked, id=8072, stack(0x0000000531a00000,0x0000000531b00000)]
  0x0000013a45cacfe0 JavaThread "Cache worker for kotlin-dsl (C:\Users\hp\.gradle\caches\8.0\kotlin-dsl)" [_thread_blocked, id=12636, stack(0x0000000531b00000,0x0000000531c00000)]
  0x0000013a45cb09a0 JavaThread "Cache worker for dependencies-accessors (C:\Users\hp\Desktop\Main_Projects\LPUveggii\.gradle\8.0\dependencies-accessors)" [_thread_blocked, id=980, stack(0x0000000531c00000,0x0000000531d00000)]
  0x0000013a45cab300 JavaThread "Cache worker for Build Output Cleanup Cache (C:\Users\hp\Desktop\Main_Projects\LPUveggii\.gradle\buildOutputCleanup)" [_thread_blocked, id=8916, stack(0x0000000531d00000,0x0000000531e00000)]
  0x0000013a45cad980 JavaThread "Unconstrained build operations" [_thread_blocked, id=4828, stack(0x0000000531e00000,0x0000000531f00000)]
  0x0000013a45cade50 JavaThread "Unconstrained build operations Thread 2" [_thread_blocked, id=12800, stack(0x0000000531f00000,0x0000000532000000)]
  0x0000013a45cb1340 JavaThread "Unconstrained build operations Thread 3" [_thread_blocked, id=12316, stack(0x0000000532000000,0x0000000532100000)]
  0x0000013a45cae7f0 JavaThread "Unconstrained build operations Thread 4" [_thread_blocked, id=9520, stack(0x0000000532100000,0x0000000532200000)]
  0x0000013a45ca9fc0 JavaThread "Unconstrained build operations Thread 5" [_thread_blocked, id=3068, stack(0x0000000532200000,0x0000000532300000)]
  0x0000013a45cab7d0 JavaThread "Unconstrained build operations Thread 6" [_thread_blocked, id=8392, stack(0x0000000532300000,0x0000000532400000)]
  0x0000013a45ca9af0 JavaThread "Unconstrained build operations Thread 7" [_thread_blocked, id=9524, stack(0x0000000532400000,0x0000000532500000)]
  0x0000013a45caa490 JavaThread "Unconstrained build operations Thread 8" [_thread_blocked, id=10164, stack(0x0000000532500000,0x0000000532600000)]
  0x0000013a45caa960 JavaThread "Unconstrained build operations Thread 9" [_thread_blocked, id=12576, stack(0x0000000532600000,0x0000000532700000)]
  0x0000013a4a3404c0 JavaThread "Unconstrained build operations Thread 10" [_thread_blocked, id=8496, stack(0x0000000532700000,0x0000000532800000)]
  0x0000013a4a33fff0 JavaThread "Unconstrained build operations Thread 11" [_thread_blocked, id=4928, stack(0x0000000532800000,0x0000000532900000)]
  0x0000013a4a33e7e0 JavaThread "Unconstrained build operations Thread 12" [_thread_blocked, id=13160, stack(0x0000000532900000,0x0000000532a00000)]
  0x0000013a4a33d4a0 JavaThread "Unconstrained build operations Thread 13" [_thread_blocked, id=13264, stack(0x0000000532a00000,0x0000000532b00000)]
  0x0000013a4a33d970 JavaThread "Unconstrained build operations Thread 14" [_thread_blocked, id=7824, stack(0x0000000532b00000,0x0000000532c00000)]
  0x0000013a4a33fb20 JavaThread "Unconstrained build operations Thread 15" [_thread_blocked, id=1700, stack(0x0000000532c00000,0x0000000532d00000)]
  0x0000013a4a33b7c0 JavaThread "Unconstrained build operations Thread 16" [_thread_blocked, id=10528, stack(0x0000000532d00000,0x0000000532e00000)]
  0x0000013a4a340990 JavaThread "Unconstrained build operations Thread 17" [_thread_blocked, id=11268, stack(0x0000000532e00000,0x0000000532f00000)]
  0x0000013a4a341800 JavaThread "Unconstrained build operations Thread 18" [_thread_blocked, id=1240, stack(0x0000000532f00000,0x0000000533000000)]
  0x0000013a4a342670 JavaThread "Unconstrained build operations Thread 19" [_thread_blocked, id=4612, stack(0x0000000533000000,0x0000000533100000)]
  0x0000013a4a33f180 JavaThread "Unconstrained build operations Thread 20" [_thread_blocked, id=2140, stack(0x0000000533100000,0x0000000533200000)]
  0x0000013a4a33de40 JavaThread "Unconstrained build operations Thread 21" [_thread_blocked, id=2936, stack(0x0000000533200000,0x0000000533300000)]
  0x0000013a4a341cd0 JavaThread "Unconstrained build operations Thread 22" [_thread_blocked, id=13580, stack(0x0000000533300000,0x0000000533400000)]
  0x0000013a4a33e310 JavaThread "Unconstrained build operations Thread 23" [_thread_blocked, id=8520, stack(0x0000000533400000,0x0000000533500000)]
  0x0000013a4a33bc90 JavaThread "Unconstrained build operations Thread 24" [_thread_blocked, id=3172, stack(0x0000000533500000,0x0000000533600000)]
  0x0000013a4a33c630 JavaThread "Unconstrained build operations Thread 25" [_thread_blocked, id=13624, stack(0x0000000533600000,0x0000000533700000)]
  0x0000013a4a33ecb0 JavaThread "Unconstrained build operations Thread 26" [_thread_blocked, id=2444, stack(0x0000000533700000,0x0000000533800000)]
  0x0000013a4a33c160 JavaThread "Unconstrained build operations Thread 27" [_thread_blocked, id=11108, stack(0x0000000533800000,0x0000000533900000)]
  0x0000013a4a33cb00 JavaThread "Unconstrained build operations Thread 28" [_thread_blocked, id=11160, stack(0x0000000533900000,0x0000000533a00000)]
  0x0000013a4a3421a0 JavaThread "Unconstrained build operations Thread 29" [_thread_blocked, id=7804, stack(0x0000000533a00000,0x0000000533b00000)]
  0x0000013a4a33cfd0 JavaThread "Unconstrained build operations Thread 30" [_thread_blocked, id=3616, stack(0x0000000533b00000,0x0000000533c00000)]
  0x0000013a4a33ae20 JavaThread "Unconstrained build operations Thread 31" [_thread_blocked, id=6492, stack(0x0000000533c00000,0x0000000533d00000)]
  0x0000013a4a33f650 JavaThread "Unconstrained build operations Thread 32" [_thread_blocked, id=3800, stack(0x0000000533d00000,0x0000000533e00000)]
  0x0000013a4a340e60 JavaThread "Unconstrained build operations Thread 33" [_thread_blocked, id=7852, stack(0x0000000533e00000,0x0000000533f00000)]
  0x0000013a4a33b2f0 JavaThread "Unconstrained build operations Thread 34" [_thread_blocked, id=12208, stack(0x0000000533f00000,0x0000000534000000)]
  0x0000013a4a341330 JavaThread "Unconstrained build operations Thread 35" [_thread_blocked, id=3752, stack(0x0000000534000000,0x0000000534100000)]
  0x0000013a49d20ed0 JavaThread "Unconstrained build operations Thread 36" [_thread_blocked, id=13016, stack(0x0000000534100000,0x0000000534200000)]
  0x0000013a49d23ef0 JavaThread "Unconstrained build operations Thread 37" [_thread_blocked, id=5480, stack(0x0000000534200000,0x0000000534300000)]
  0x0000013a49d243c0 JavaThread "Unconstrained build operations Thread 38" [_thread_blocked, id=13020, stack(0x0000000534300000,0x0000000534400000)]
  0x0000013a49d1fb90 JavaThread "Unconstrained build operations Thread 39" [_thread_blocked, id=6660, stack(0x0000000534400000,0x0000000534500000)]
  0x0000013a49d25bd0 JavaThread "Unconstrained build operations Thread 40" [_thread_blocked, id=1200, stack(0x0000000534500000,0x0000000534600000)]
  0x0000013a49d24d60 JavaThread "Unconstrained build operations Thread 41" [_thread_blocked, id=10220, stack(0x0000000534600000,0x0000000534700000)]
  0x0000013a49d260a0 JavaThread "Unconstrained build operations Thread 42" [_thread_blocked, id=4404, stack(0x0000000534700000,0x0000000534800000)]
  0x0000013a49d23080 JavaThread "Unconstrained build operations Thread 43" [_thread_blocked, id=7924, stack(0x0000000534800000,0x0000000534900000)]
  0x0000013a49d21d40 JavaThread "Unconstrained build operations Thread 44" [_thread_blocked, id=1920, stack(0x0000000534900000,0x0000000534a00000)]
  0x0000013a49d22210 JavaThread "Unconstrained build operations Thread 45" [_thread_blocked, id=7404, stack(0x0000000534a00000,0x0000000534b00000)]
  0x0000013a49d26570 JavaThread "Unconstrained build operations Thread 46" [_thread_blocked, id=10088, stack(0x0000000534b00000,0x0000000534c00000)]
  0x0000013a49d20060 JavaThread "Unconstrained build operations Thread 47" [_thread_blocked, id=7900, stack(0x0000000534c00000,0x0000000534d00000)]
  0x0000013a49d20a00 JavaThread "Unconstrained build operations Thread 48" [_thread_blocked, id=5032, stack(0x0000000534d00000,0x0000000534e00000)]
  0x0000013a49d226e0 JavaThread "Unconstrained build operations Thread 49" [_thread_blocked, id=12836, stack(0x0000000534e00000,0x0000000534f00000)]
  0x0000013a49d20530 JavaThread "Unconstrained build operations Thread 50" [_thread_blocked, id=8408, stack(0x0000000534f00000,0x0000000535000000)]
  0x0000013a49d24890 JavaThread "Unconstrained build operations Thread 51" [_thread_blocked, id=8212, stack(0x0000000535000000,0x0000000535100000)]
  0x0000013a49d23550 JavaThread "Unconstrained build operations Thread 52" [_thread_blocked, id=9780, stack(0x0000000535100000,0x0000000535200000)]
  0x0000013a49d22bb0 JavaThread "Unconstrained build operations Thread 53" [_thread_blocked, id=6888, stack(0x0000000535200000,0x0000000535300000)]
  0x0000013a49d213a0 JavaThread "Unconstrained build operations Thread 54" [_thread_blocked, id=9096, stack(0x0000000535300000,0x0000000535400000)]
  0x0000013a49d1f6c0 JavaThread "Unconstrained build operations Thread 55" [_thread_blocked, id=2940, stack(0x0000000535400000,0x0000000535500000)]
  0x0000013a49d1ed20 JavaThread "Unconstrained build operations Thread 56" [_thread_blocked, id=10448, stack(0x0000000535500000,0x0000000535600000)]
  0x0000013a49d1f1f0 JavaThread "Unconstrained build operations Thread 57" [_thread_blocked, id=9892, stack(0x0000000535600000,0x0000000535700000)]
  0x0000013a49d21870 JavaThread "Unconstrained build operations Thread 58" [_thread_blocked, id=2828, stack(0x0000000535700000,0x0000000535800000)]
  0x0000013a49d25700 JavaThread "Unconstrained build operations Thread 59" [_thread_blocked, id=2736, stack(0x0000000535800000,0x0000000535900000)]
  0x0000013a49d23a20 JavaThread "Unconstrained build operations Thread 60" [_thread_blocked, id=11952, stack(0x0000000535900000,0x0000000535a00000)]
  0x0000013a49d25230 JavaThread "Unconstrained build operations Thread 61" [_thread_blocked, id=8500, stack(0x0000000535a00000,0x0000000535b00000)]
  0x0000013a45c35930 JavaThread "Unconstrained build operations Thread 62" [_thread_blocked, id=8380, stack(0x0000000535b00000,0x0000000535c00000)]
  0x0000013a45c38480 JavaThread "Unconstrained build operations Thread 63" [_thread_blocked, id=808, stack(0x0000000535c00000,0x0000000535d00000)]
  0x0000013a45c362d0 JavaThread "Unconstrained build operations Thread 64" [_thread_blocked, id=2340, stack(0x0000000535d00000,0x0000000535e00000)]
  0x0000013a45c392f0 JavaThread "Unconstrained build operations Thread 65" [_thread_blocked, id=288, stack(0x0000000535e00000,0x0000000535f00000)]
  0x0000013a45c33780 JavaThread "Unconstrained build operations Thread 66" [_thread_blocked, id=3328, stack(0x0000000535f00000,0x0000000536000000)]
  0x0000013a45c34ac0 JavaThread "Unconstrained build operations Thread 67" [_thread_blocked, id=1668, stack(0x0000000536000000,0x0000000536100000)]
  0x0000013a45c36c70 JavaThread "Unconstrained build operations Thread 68" [_thread_blocked, id=13848, stack(0x0000000536100000,0x0000000536200000)]
  0x0000013a45c38950 JavaThread "Unconstrained build operations Thread 69" [_thread_blocked, id=2512, stack(0x0000000536200000,0x0000000536300000)]
  0x0000013a45c397c0 JavaThread "Unconstrained build operations Thread 70" [_thread_blocked, id=2328, stack(0x0000000536300000,0x0000000536400000)]
  0x0000013a45c34f90 JavaThread "Unconstrained build operations Thread 71" [_thread_blocked, id=7208, stack(0x0000000536400000,0x0000000536500000)]
  0x0000013a45c37140 JavaThread "Unconstrained build operations Thread 72" [_thread_blocked, id=2128, stack(0x0000000536500000,0x0000000536600000)]
  0x0000013a45c38e20 JavaThread "Unconstrained build operations Thread 73" [_thread_blocked, id=9456, stack(0x0000000536600000,0x0000000536700000)]
  0x0000013a45c39c90 JavaThread "Unconstrained build operations Thread 74" [_thread_blocked, id=11812, stack(0x0000000536700000,0x0000000536800000)]
  0x0000013a45c35460 JavaThread "Unconstrained build operations Thread 75" [_thread_blocked, id=9104, stack(0x0000000536800000,0x0000000536900000)]
  0x0000013a45c332b0 JavaThread "Unconstrained build operations Thread 76" [_thread_blocked, id=1956, stack(0x0000000536900000,0x0000000536a00000)]
  0x0000013a45c3a160 JavaThread "Unconstrained build operations Thread 77" [_thread_blocked, id=2160, stack(0x0000000536a00000,0x0000000536b00000)]
  0x0000013a45c33c50 JavaThread "Unconstrained build operations Thread 78" [_thread_blocked, id=12932, stack(0x0000000536b00000,0x0000000536c00000)]
  0x0000013a45c3a630 JavaThread "Unconstrained build operations Thread 79" [_thread_blocked, id=14204, stack(0x0000000536c00000,0x0000000536d00000)]
  0x0000013a45c34120 JavaThread "Unconstrained build operations Thread 80" [_thread_blocked, id=13936, stack(0x0000000536d00000,0x0000000536e00000)]
  0x0000013a45c35e00 JavaThread "Memory manager" [_thread_blocked, id=4376, stack(0x0000000537100000,0x0000000537200000)]
  0x0000013a45c37ae0 JavaThread "build event listener" [_thread_blocked, id=10344, stack(0x0000000537200000,0x0000000537300000)]
  0x0000013a45c37610 JavaThread "build event listener" [_thread_blocked, id=10372, stack(0x0000000537300000,0x0000000537400000)]

Other Threads:
=>0x0000013a44e27ca0 VMThread "VM Thread" [stack: 0x000000052e900000,0x000000052ea00000] [id=13416]
  0x0000013a459c0710 WatcherThread [stack: 0x000000052f500000,0x000000052f600000] [id=7032]
  0x0000013a2b06bc30 GCTaskThread "GC Thread#0" [stack: 0x000000052e400000,0x000000052e500000] [id=4636]
  0x0000013a46431ed0 GCTaskThread "GC Thread#1" [stack: 0x000000052f600000,0x000000052f700000] [id=1368]
  0x0000013a46475ae0 GCTaskThread "GC Thread#2" [stack: 0x000000052f700000,0x000000052f800000] [id=13660]
  0x0000013a463de8b0 GCTaskThread "GC Thread#3" [stack: 0x000000052f800000,0x000000052f900000] [id=12264]
  0x0000013a46268e80 GCTaskThread "GC Thread#4" [stack: 0x000000052f900000,0x000000052fa00000] [id=9388]
  0x0000013a4654ffd0 GCTaskThread "GC Thread#5" [stack: 0x0000000530400000,0x0000000530500000] [id=12976]
  0x0000013a46551ab0 GCTaskThread "GC Thread#6" [stack: 0x0000000530500000,0x0000000530600000] [id=6876]
  0x0000013a46550a90 GCTaskThread "GC Thread#7" [stack: 0x0000000530600000,0x0000000530700000] [id=1672]
  0x0000013a2b07cb70 ConcurrentGCThread "G1 Main Marker" [stack: 0x000000052e500000,0x000000052e600000] [id=14132]
  0x0000013a2b07d580 ConcurrentGCThread "G1 Conc#0" [stack: 0x000000052e600000,0x000000052e700000] [id=2536]
  0x0000013a46550ff0 ConcurrentGCThread "G1 Conc#1" [stack: 0x0000000530700000,0x0000000530800000] [id=9024]
  0x0000013a2b0cd170 ConcurrentGCThread "G1 Refine#0" [stack: 0x000000052e700000,0x000000052e800000] [id=4924]
  0x0000013a48a1bbf0 ConcurrentGCThread "G1 Refine#1" [stack: 0x0000000537400000,0x0000000537500000] [id=11068]
  0x0000013a48a1c490 ConcurrentGCThread "G1 Refine#2" [stack: 0x0000000537500000,0x0000000537600000] [id=5976]
  0x0000013a2b0cdb90 ConcurrentGCThread "G1 Service" [stack: 0x000000052e800000,0x000000052e900000] [id=8076]

Threads with active compile tasks:

VM state: at safepoint (normal execution)

VM Mutex/Monitor currently owned by a thread:  ([mutex/lock_event])
[0x0000013a2b00b320] Threads_lock - owner thread: 0x0000013a44e27ca0
[0x0000013a2b00bb90] Heap_lock - owner thread: 0x0000013a467742d0

Heap address: 0x0000000080000000, size: 2048 MB, Compressed Oops mode: 32-bit

CDS archive(s) not mapped
Compressed class space mapped at: 0x0000000100000000-0x0000000140000000, reserved size: 1073741824
Narrow klass base: 0x0000000000000000, Narrow klass shift: 3, Narrow klass range: 0x140000000

GC Precious Log:
 CPUs: 8 total, 8 available
 Memory: 6021M
 Large Page Support: Disabled
 NUMA Support: Disabled
 Compressed Oops: Enabled (32-bit)
 Heap Region Size: 1M
 Heap Min Capacity: 8M
 Heap Initial Capacity: 96M
 Heap Max Capacity: 2G
 Pre-touch: Disabled
 Parallel Workers: 8
 Concurrent Workers: 2
 Concurrent Refinement Workers: 8
 Periodic GC: Disabled

Heap:
 garbage-first heap   total 184320K, used 111315K [0x0000000080000000, 0x0000000100000000)
  region size 1024K, 4 young (4096K), 4 survivors (4096K)
 Metaspace       used 86359K, committed 87104K, reserved 1130496K
  class space    used 11960K, committed 12288K, reserved 1048576K

Heap Regions: E=young(eden), S=young(survivor), O=old, HS=humongous(starts), HC=humongous(continues), CS=collection set, F=free, OA=open archive, CA=closed archive, TAMS=top-at-mark-start (previous, next)
|   0|0x0000000080000000, 0x0000000080100000, 0x0000000080100000|100%|HS|  |TAMS 0x0000000080100000, 0x0000000080100000| Complete 
|   1|0x0000000080100000, 0x0000000080200000, 0x0000000080200000|100%|HC|  |TAMS 0x0000000080200000, 0x0000000080200000| Complete 
|   2|0x0000000080200000, 0x0000000080300000, 0x0000000080300000|100%|HC|  |TAMS 0x0000000080300000, 0x0000000080300000| Complete 
|   3|0x0000000080300000, 0x0000000080400000, 0x0000000080400000|100%|HC|  |TAMS 0x0000000080400000, 0x0000000080400000| Complete 
|   4|0x0000000080400000, 0x0000000080500000, 0x0000000080500000|100%| O|  |TAMS 0x0000000080500000, 0x0000000080500000| Untracked 
|   5|0x0000000080500000, 0x0000000080600000, 0x0000000080600000|100%| O|  |TAMS 0x0000000080600000, 0x0000000080600000| Untracked 
|   6|0x0000000080600000, 0x0000000080700000, 0x0000000080700000|100%| O|  |TAMS 0x0000000080700000, 0x0000000080700000| Untracked 
|   7|0x0000000080700000, 0x0000000080800000, 0x0000000080800000|100%| O|  |TAMS 0x0000000080800000, 0x0000000080800000| Untracked 
|   8|0x0000000080800000, 0x00000000808fd600, 0x0000000080900000| 98%| O|  |TAMS 0x00000000808fd600, 0x00000000808fd600| Untracked 
|   9|0x0000000080900000, 0x0000000080a00000, 0x0000000080a00000|100%| O|  |TAMS 0x0000000080a00000, 0x0000000080a00000| Untracked 
|  10|0x0000000080a00000, 0x0000000080b00000, 0x0000000080b00000|100%| O|  |TAMS 0x0000000080b00000, 0x0000000080b00000| Untracked 
|  11|0x0000000080b00000, 0x0000000080c00000, 0x0000000080c00000|100%| O|  |TAMS 0x0000000080c00000, 0x0000000080c00000| Untracked 
|  12|0x0000000080c00000, 0x0000000080d00000, 0x0000000080d00000|100%| O|  |TAMS 0x0000000080d00000, 0x0000000080d00000| Untracked 
|  13|0x0000000080d00000, 0x0000000080e00000, 0x0000000080e00000|100%| O|  |TAMS 0x0000000080e00000, 0x0000000080e00000| Untracked 
|  14|0x0000000080e00000, 0x0000000080f00000, 0x0000000080f00000|100%| O|  |TAMS 0x0000000080f00000, 0x0000000080f00000| Untracked 
|  15|0x0000000080f00000, 0x0000000081000000, 0x0000000081000000|100%| O|  |TAMS 0x0000000081000000, 0x0000000081000000| Untracked 
|  16|0x0000000081000000, 0x0000000081100000, 0x0000000081100000|100%| O|  |TAMS 0x0000000081100000, 0x0000000081100000| Untracked 
|  17|0x0000000081100000, 0x0000000081200000, 0x0000000081200000|100%| O|  |TAMS 0x0000000081200000, 0x0000000081200000| Untracked 
|  18|0x0000000081200000, 0x0000000081300000, 0x0000000081300000|100%| O|  |TAMS 0x0000000081300000, 0x0000000081300000| Untracked 
|  19|0x0000000081300000, 0x0000000081400000, 0x0000000081400000|100%| O|  |TAMS 0x0000000081400000, 0x0000000081400000| Untracked 
|  20|0x0000000081400000, 0x0000000081500000, 0x0000000081500000|100%| O|  |TAMS 0x0000000081500000, 0x0000000081500000| Untracked 
|  21|0x0000000081500000, 0x0000000081600000, 0x0000000081600000|100%| O|  |TAMS 0x0000000081600000, 0x0000000081600000| Untracked 
|  22|0x0000000081600000, 0x0000000081700000, 0x0000000081700000|100%|HS|  |TAMS 0x0000000081700000, 0x0000000081700000| Complete 
|  23|0x0000000081700000, 0x0000000081800000, 0x0000000081800000|100%|HC|  |TAMS 0x0000000081800000, 0x0000000081800000| Complete 
|  24|0x0000000081800000, 0x0000000081900000, 0x0000000081900000|100%|HS|  |TAMS 0x0000000081900000, 0x0000000081900000| Complete 
|  25|0x0000000081900000, 0x0000000081a00000, 0x0000000081a00000|100%|HC|  |TAMS 0x0000000081a00000, 0x0000000081a00000| Complete 
|  26|0x0000000081a00000, 0x0000000081b00000, 0x0000000081b00000|100%|HC|  |TAMS 0x0000000081b00000, 0x0000000081b00000| Complete 
|  27|0x0000000081b00000, 0x0000000081c00000, 0x0000000081c00000|100%|HS|  |TAMS 0x0000000081c00000, 0x0000000081c00000| Complete 
|  28|0x0000000081c00000, 0x0000000081d00000, 0x0000000081d00000|100%|HC|  |TAMS 0x0000000081d00000, 0x0000000081d00000| Complete 
|  29|0x0000000081d00000, 0x0000000081e00000, 0x0000000081e00000|100%|HC|  |TAMS 0x0000000081e00000, 0x0000000081e00000| Complete 
|  30|0x0000000081e00000, 0x0000000081f00000, 0x0000000081f00000|100%|HS|  |TAMS 0x0000000081f00000, 0x0000000081f00000| Complete 
|  31|0x0000000081f00000, 0x0000000082000000, 0x0000000082000000|100%|HC|  |TAMS 0x0000000082000000, 0x0000000082000000| Complete 
|  32|0x0000000082000000, 0x0000000082100000, 0x0000000082100000|100%| O|  |TAMS 0x0000000082100000, 0x0000000082100000| Untracked 
|  33|0x0000000082100000, 0x0000000082200000, 0x0000000082200000|100%| O|  |TAMS 0x0000000082200000, 0x0000000082200000| Untracked 
|  34|0x0000000082200000, 0x0000000082300000, 0x0000000082300000|100%| O|  |TAMS 0x0000000082300000, 0x0000000082300000| Untracked 
|  35|0x0000000082300000, 0x0000000082400000, 0x0000000082400000|100%| O|  |TAMS 0x0000000082400000, 0x0000000082400000| Untracked 
|  36|0x0000000082400000, 0x0000000082500000, 0x0000000082500000|100%| O|  |TAMS 0x0000000082500000, 0x0000000082500000| Untracked 
|  37|0x0000000082500000, 0x0000000082600000, 0x0000000082600000|100%| O|  |TAMS 0x0000000082600000, 0x0000000082600000| Untracked 
|  38|0x0000000082600000, 0x0000000082700000, 0x0000000082700000|100%| O|  |TAMS 0x0000000082700000, 0x0000000082700000| Untracked 
|  39|0x0000000082700000, 0x0000000082800000, 0x0000000082800000|100%| O|  |TAMS 0x0000000082800000, 0x0000000082800000| Untracked 
|  40|0x0000000082800000, 0x0000000082900000, 0x0000000082900000|100%| O|  |TAMS 0x0000000082900000, 0x0000000082900000| Untracked 
|  41|0x0000000082900000, 0x0000000082a00000, 0x0000000082a00000|100%|HS|  |TAMS 0x0000000082a00000, 0x0000000082a00000| Complete 
|  42|0x0000000082a00000, 0x0000000082b00000, 0x0000000082b00000|100%|HC|  |TAMS 0x0000000082b00000, 0x0000000082b00000| Complete 
|  43|0x0000000082b00000, 0x0000000082c00000, 0x0000000082c00000|100%|HC|  |TAMS 0x0000000082c00000, 0x0000000082c00000| Complete 
|  44|0x0000000082c00000, 0x0000000082d00000, 0x0000000082d00000|100%|HC|  |TAMS 0x0000000082d00000, 0x0000000082d00000| Complete 
|  45|0x0000000082d00000, 0x0000000082e00000, 0x0000000082e00000|100%|HC|  |TAMS 0x0000000082e00000, 0x0000000082e00000| Complete 
|  46|0x0000000082e00000, 0x0000000082f00000, 0x0000000082f00000|100%|HC|  |TAMS 0x0000000082f00000, 0x0000000082f00000| Complete 
|  47|0x0000000082f00000, 0x0000000083000000, 0x0000000083000000|100%|HC|  |TAMS 0x0000000083000000, 0x0000000083000000| Complete 
|  48|0x0000000083000000, 0x0000000083100000, 0x0000000083100000|100%|HC|  |TAMS 0x0000000083100000, 0x0000000083100000| Complete 
|  49|0x0000000083100000, 0x0000000083200000, 0x0000000083200000|100%|HC|  |TAMS 0x0000000083200000, 0x0000000083200000| Complete 
|  50|0x0000000083200000, 0x0000000083300000, 0x0000000083300000|100%|HC|  |TAMS 0x0000000083300000, 0x0000000083300000| Complete 
|  51|0x0000000083300000, 0x0000000083400000, 0x0000000083400000|100%|HC|  |TAMS 0x0000000083400000, 0x0000000083400000| Complete 
|  52|0x0000000083400000, 0x0000000083500000, 0x0000000083500000|100%|HC|  |TAMS 0x0000000083500000, 0x0000000083500000| Complete 
|  53|0x0000000083500000, 0x0000000083600000, 0x0000000083600000|100%|HS|  |TAMS 0x0000000083600000, 0x0000000083600000| Complete 
|  54|0x0000000083600000, 0x0000000083700000, 0x0000000083700000|100%|HC|  |TAMS 0x0000000083700000, 0x0000000083700000| Complete 
|  55|0x0000000083700000, 0x0000000083800000, 0x0000000083800000|100%|HC|  |TAMS 0x0000000083800000, 0x0000000083800000| Complete 
|  56|0x0000000083800000, 0x0000000083900000, 0x0000000083900000|100%| O|  |TAMS 0x0000000083900000, 0x0000000083900000| Untracked 
|  57|0x0000000083900000, 0x0000000083a00000, 0x0000000083a00000|100%| O|  |TAMS 0x0000000083a00000, 0x0000000083a00000| Untracked 
|  58|0x0000000083a00000, 0x0000000083b00000, 0x0000000083b00000|100%| O|  |TAMS 0x0000000083a00000, 0x0000000083b00000| Untracked 
|  59|0x0000000083b00000, 0x0000000083c00000, 0x0000000083c00000|100%|HS|  |TAMS 0x0000000083c00000, 0x0000000083c00000| Complete 
|  60|0x0000000083c00000, 0x0000000083d00000, 0x0000000083d00000|100%|HC|  |TAMS 0x0000000083d00000, 0x0000000083d00000| Complete 
|  61|0x0000000083d00000, 0x0000000083e00000, 0x0000000083e00000|100%|HC|  |TAMS 0x0000000083e00000, 0x0000000083e00000| Complete 
|  62|0x0000000083e00000, 0x0000000083f00000, 0x0000000083f00000|100%| O|  |TAMS 0x0000000083f00000, 0x0000000083f00000| Untracked 
|  63|0x0000000083f00000, 0x0000000084000000, 0x0000000084000000|100%| O|  |TAMS 0x0000000084000000, 0x0000000084000000| Untracked 
|  64|0x0000000084000000, 0x0000000084100000, 0x0000000084100000|100%| O|  |TAMS 0x0000000084100000, 0x0000000084100000| Untracked 
|  65|0x0000000084100000, 0x0000000084200000, 0x0000000084200000|100%| O|  |TAMS 0x0000000084200000, 0x0000000084200000| Untracked 
|  66|0x0000000084200000, 0x0000000084300000, 0x0000000084300000|100%| O|  |TAMS 0x0000000084300000, 0x0000000084300000| Untracked 
|  67|0x0000000084300000, 0x0000000084300000, 0x0000000084400000|  0%| F|  |TAMS 0x0000000084300000, 0x0000000084300000| Untracked 
|  68|0x0000000084400000, 0x0000000084500000, 0x0000000084500000|100%| O|  |TAMS 0x0000000084500000, 0x0000000084500000| Untracked 
|  69|0x0000000084500000, 0x0000000084600000, 0x0000000084600000|100%| O|  |TAMS 0x0000000084600000, 0x0000000084600000| Untracked 
|  70|0x0000000084600000, 0x0000000084700000, 0x0000000084700000|100%| O|  |TAMS 0x0000000084700000, 0x0000000084700000| Untracked 
|  71|0x0000000084700000, 0x0000000084800000, 0x0000000084800000|100%| O|  |TAMS 0x0000000084800000, 0x0000000084800000| Untracked 
|  72|0x0000000084800000, 0x0000000084900000, 0x0000000084900000|100%| O|  |TAMS 0x0000000084900000, 0x0000000084900000| Untracked 
|  73|0x0000000084900000, 0x0000000084a00000, 0x0000000084a00000|100%| O|  |TAMS 0x0000000084a00000, 0x0000000084a00000| Untracked 
|  74|0x0000000084a00000, 0x0000000084b00000, 0x0000000084b00000|100%| O|  |TAMS 0x0000000084b00000, 0x0000000084b00000| Untracked 
|  75|0x0000000084b00000, 0x0000000084c00000, 0x0000000084c00000|100%|HS|  |TAMS 0x0000000084c00000, 0x0000000084c00000| Complete 
|  76|0x0000000084c00000, 0x0000000084d00000, 0x0000000084d00000|100%|HS|  |TAMS 0x0000000084d00000, 0x0000000084d00000| Complete 
|  77|0x0000000084d00000, 0x0000000084e00000, 0x0000000084e00000|100%|HS|  |TAMS 0x0000000084e00000, 0x0000000084e00000| Complete 
|  78|0x0000000084e00000, 0x0000000084f00000, 0x0000000084f00000|100%|HS|  |TAMS 0x0000000084f00000, 0x0000000084f00000| Complete 
|  79|0x0000000084f00000, 0x0000000085000000, 0x0000000085000000|100%|HC|  |TAMS 0x0000000085000000, 0x0000000085000000| Complete 
|  80|0x0000000085000000, 0x0000000085100000, 0x0000000085100000|100%|HS|  |TAMS 0x0000000085100000, 0x0000000085100000| Complete 
|  81|0x0000000085100000, 0x0000000085200000, 0x0000000085200000|100%|HC|  |TAMS 0x0000000085200000, 0x0000000085200000| Complete 
|  82|0x0000000085200000, 0x0000000085300000, 0x0000000085300000|100%|HC|  |TAMS 0x0000000085300000, 0x0000000085300000| Complete 
|  83|0x0000000085300000, 0x0000000085400000, 0x0000000085400000|100%|HC|  |TAMS 0x0000000085400000, 0x0000000085400000| Complete 
|  84|0x0000000085400000, 0x0000000085500000, 0x0000000085500000|100%| O|  |TAMS 0x0000000085500000, 0x0000000085500000| Untracked 
|  85|0x0000000085500000, 0x0000000085600000, 0x0000000085600000|100%| O|  |TAMS 0x0000000085600000, 0x0000000085600000| Untracked 
|  86|0x0000000085600000, 0x0000000085700000, 0x0000000085700000|100%| O|  |TAMS 0x0000000085700000, 0x0000000085700000| Untracked 
|  87|0x0000000085700000, 0x0000000085800000, 0x0000000085800000|100%| O|  |TAMS 0x0000000085800000, 0x0000000085800000| Untracked 
|  88|0x0000000085800000, 0x0000000085900000, 0x0000000085900000|100%| O|  |TAMS 0x0000000085900000, 0x0000000085900000| Untracked 
|  89|0x0000000085900000, 0x0000000085a00000, 0x0000000085a00000|100%| O|  |TAMS 0x0000000085a00000, 0x0000000085a00000| Untracked 
|  90|0x0000000085a00000, 0x0000000085b00000, 0x0000000085b00000|100%| O|  |TAMS 0x0000000085b00000, 0x0000000085b00000| Untracked 
|  91|0x0000000085b00000, 0x0000000085c00000, 0x0000000085c00000|100%| O|  |TAMS 0x0000000085c00000, 0x0000000085c00000| Untracked 
|  92|0x0000000085c00000, 0x0000000085d00000, 0x0000000085d00000|100%| O|  |TAMS 0x0000000085d00000, 0x0000000085d00000| Untracked 
|  93|0x0000000085d00000, 0x0000000085e00000, 0x0000000085e00000|100%| O|  |TAMS 0x0000000085e00000, 0x0000000085e00000| Untracked 
|  94|0x0000000085e00000, 0x0000000085f00000, 0x0000000085f00000|100%| O|  |TAMS 0x0000000085f00000, 0x0000000085f00000| Untracked 
|  95|0x0000000085f00000, 0x0000000086000000, 0x0000000086000000|100%| O|  |TAMS 0x0000000086000000, 0x0000000086000000| Untracked 
|  96|0x0000000086000000, 0x0000000086100000, 0x0000000086100000|100%| O|  |TAMS 0x0000000086100000, 0x0000000086100000| Untracked 
|  97|0x0000000086100000, 0x0000000086200000, 0x0000000086200000|100%| O|  |TAMS 0x0000000086200000, 0x0000000086200000| Untracked 
|  98|0x0000000086200000, 0x0000000086300000, 0x0000000086300000|100%| O|  |TAMS 0x0000000086223600, 0x0000000086300000| Untracked 
|  99|0x0000000086300000, 0x0000000086400000, 0x0000000086400000|100%| O|  |TAMS 0x0000000086400000, 0x0000000086400000| Untracked 
| 100|0x0000000086400000, 0x0000000086500000, 0x0000000086500000|100%| O|  |TAMS 0x0000000086400000, 0x0000000086500000| Untracked 
| 101|0x0000000086500000, 0x0000000086600000, 0x0000000086600000|100%| O|  |TAMS 0x0000000086500000, 0x0000000086600000| Untracked 
| 102|0x0000000086600000, 0x0000000086700000, 0x0000000086700000|100%| O|  |TAMS 0x0000000086600000, 0x0000000086700000| Untracked 
| 103|0x0000000086700000, 0x0000000086800000, 0x0000000086800000|100%| O|  |TAMS 0x0000000086700000, 0x0000000086800000| Untracked 
| 104|0x0000000086800000, 0x0000000086900000, 0x0000000086900000|100%| O|  |TAMS 0x0000000086800000, 0x0000000086900000| Untracked 
| 105|0x0000000086900000, 0x0000000086a00000, 0x0000000086a00000|100%| O|  |TAMS 0x0000000086900000, 0x0000000086a00000| Untracked 
| 106|0x0000000086a00000, 0x0000000086a50600, 0x0000000086b00000| 31%| O|  |TAMS 0x0000000086a00000, 0x0000000086a50600| Untracked 
| 107|0x0000000086b00000, 0x0000000086b00000, 0x0000000086c00000|  0%| F|  |TAMS 0x0000000086b00000, 0x0000000086b00000| Untracked 
| 108|0x0000000086c00000, 0x0000000086c00000, 0x0000000086d00000|  0%| F|  |TAMS 0x0000000086c00000, 0x0000000086c00000| Untracked 
| 109|0x0000000086d00000, 0x0000000086d00000, 0x0000000086e00000|  0%| F|  |TAMS 0x0000000086d00000, 0x0000000086d00000| Untracked 
| 110|0x0000000086e00000, 0x0000000086e00000, 0x0000000086f00000|  0%| F|  |TAMS 0x0000000086e00000, 0x0000000086e00000| Untracked 
| 111|0x0000000086f00000, 0x0000000086f00000, 0x0000000087000000|  0%| F|  |TAMS 0x0000000086f00000, 0x0000000086f00000| Untracked 
| 112|0x0000000087000000, 0x0000000087000000, 0x0000000087100000|  0%| F|  |TAMS 0x0000000087000000, 0x0000000087000000| Untracked 
| 113|0x0000000087100000, 0x0000000087100000, 0x0000000087200000|  0%| F|  |TAMS 0x0000000087100000, 0x0000000087100000| Untracked 
| 114|0x0000000087200000, 0x0000000087200000, 0x0000000087300000|  0%| F|  |TAMS 0x0000000087200000, 0x0000000087200000| Untracked 
| 115|0x0000000087300000, 0x0000000087300000, 0x0000000087400000|  0%| F|  |TAMS 0x0000000087300000, 0x0000000087300000| Untracked 
| 116|0x0000000087400000, 0x0000000087400000, 0x0000000087500000|  0%| F|  |TAMS 0x0000000087400000, 0x0000000087400000| Untracked 
| 117|0x0000000087500000, 0x0000000087500000, 0x0000000087600000|  0%| F|  |TAMS 0x0000000087500000, 0x0000000087500000| Untracked 
| 118|0x0000000087600000, 0x0000000087600000, 0x0000000087700000|  0%| F|  |TAMS 0x0000000087600000, 0x0000000087600000| Untracked 
| 119|0x0000000087700000, 0x0000000087700000, 0x0000000087800000|  0%| F|  |TAMS 0x0000000087700000, 0x0000000087700000| Untracked 
| 120|0x0000000087800000, 0x0000000087800000, 0x0000000087900000|  0%| F|  |TAMS 0x0000000087800000, 0x0000000087800000| Untracked 
| 121|0x0000000087900000, 0x0000000087900000, 0x0000000087a00000|  0%| F|  |TAMS 0x0000000087900000, 0x0000000087900000| Untracked 
| 122|0x0000000087a00000, 0x0000000087a00000, 0x0000000087b00000|  0%| F|  |TAMS 0x0000000087a00000, 0x0000000087a00000| Untracked 
| 123|0x0000000087b00000, 0x0000000087b00000, 0x0000000087c00000|  0%| F|  |TAMS 0x0000000087b00000, 0x0000000087b00000| Untracked 
| 124|0x0000000087c00000, 0x0000000087c00000, 0x0000000087d00000|  0%| F|  |TAMS 0x0000000087c00000, 0x0000000087c00000| Untracked 
| 125|0x0000000087d00000, 0x0000000087d00000, 0x0000000087e00000|  0%| F|  |TAMS 0x0000000087d00000, 0x0000000087d00000| Untracked 
| 126|0x0000000087e00000, 0x0000000087e00000, 0x0000000087f00000|  0%| F|  |TAMS 0x0000000087e00000, 0x0000000087e00000| Untracked 
| 127|0x0000000087f00000, 0x0000000087f00000, 0x0000000088000000|  0%| F|  |TAMS 0x0000000087f00000, 0x0000000087f00000| Untracked 
| 128|0x0000000088000000, 0x0000000088000000, 0x0000000088100000|  0%| F|  |TAMS 0x0000000088000000, 0x0000000088000000| Untracked 
| 129|0x0000000088100000, 0x0000000088100000, 0x0000000088200000|  0%| F|  |TAMS 0x0000000088100000, 0x0000000088100000| Untracked 
| 130|0x0000000088200000, 0x0000000088200000, 0x0000000088300000|  0%| F|  |TAMS 0x0000000088200000, 0x0000000088200000| Untracked 
| 131|0x0000000088300000, 0x0000000088300000, 0x0000000088400000|  0%| F|  |TAMS 0x0000000088300000, 0x0000000088300000| Untracked 
| 132|0x0000000088400000, 0x0000000088400000, 0x0000000088500000|  0%| F|  |TAMS 0x0000000088400000, 0x0000000088400000| Untracked 
| 133|0x0000000088500000, 0x0000000088500000, 0x0000000088600000|  0%| F|  |TAMS 0x0000000088500000, 0x0000000088500000| Untracked 
| 134|0x0000000088600000, 0x0000000088600000, 0x0000000088700000|  0%| F|  |TAMS 0x0000000088600000, 0x0000000088600000| Untracked 
| 135|0x0000000088700000, 0x0000000088767390, 0x0000000088800000| 40%| S|CS|TAMS 0x0000000088700000, 0x0000000088700000| Complete 
| 136|0x0000000088800000, 0x0000000088900000, 0x0000000088900000|100%| S|CS|TAMS 0x0000000088800000, 0x0000000088800000| Complete 
| 137|0x0000000088900000, 0x0000000088a00000, 0x0000000088a00000|100%| S|CS|TAMS 0x0000000088900000, 0x0000000088900000| Complete 
| 138|0x0000000088a00000, 0x0000000088b00000, 0x0000000088b00000|100%| S|CS|TAMS 0x0000000088a00000, 0x0000000088a00000| Complete 
| 139|0x0000000088b00000, 0x0000000088b00000, 0x0000000088c00000|  0%| F|  |TAMS 0x0000000088b00000, 0x0000000088b00000| Untracked 
| 140|0x0000000088c00000, 0x0000000088c00000, 0x0000000088d00000|  0%| F|  |TAMS 0x0000000088c00000, 0x0000000088c00000| Untracked 
| 141|0x0000000088d00000, 0x0000000088d00000, 0x0000000088e00000|  0%| F|  |TAMS 0x0000000088d00000, 0x0000000088d00000| Untracked 
| 142|0x0000000088e00000, 0x0000000088e00000, 0x0000000088f00000|  0%| F|  |TAMS 0x0000000088e00000, 0x0000000088e00000| Untracked 
| 143|0x0000000088f00000, 0x0000000088f00000, 0x0000000089000000|  0%| F|  |TAMS 0x0000000088f00000, 0x0000000088f00000| Untracked 
| 144|0x0000000089000000, 0x0000000089000000, 0x0000000089100000|  0%| F|  |TAMS 0x0000000089000000, 0x0000000089000000| Untracked 
| 145|0x0000000089100000, 0x0000000089100000, 0x0000000089200000|  0%| F|  |TAMS 0x0000000089100000, 0x0000000089100000| Untracked 
| 146|0x0000000089200000, 0x0000000089200000, 0x0000000089300000|  0%| F|  |TAMS 0x0000000089200000, 0x0000000089200000| Untracked 
| 147|0x0000000089300000, 0x0000000089300000, 0x0000000089400000|  0%| F|  |TAMS 0x0000000089300000, 0x0000000089300000| Untracked 
| 148|0x0000000089400000, 0x0000000089400000, 0x0000000089500000|  0%| F|  |TAMS 0x0000000089400000, 0x0000000089400000| Untracked 
| 149|0x0000000089500000, 0x0000000089500000, 0x0000000089600000|  0%| F|  |TAMS 0x0000000089500000, 0x0000000089500000| Untracked 
| 150|0x0000000089600000, 0x0000000089600000, 0x0000000089700000|  0%| F|  |TAMS 0x0000000089600000, 0x0000000089600000| Untracked 
| 151|0x0000000089700000, 0x0000000089700000, 0x0000000089800000|  0%| F|  |TAMS 0x0000000089700000, 0x0000000089700000| Untracked 
| 152|0x0000000089800000, 0x0000000089800000, 0x0000000089900000|  0%| F|  |TAMS 0x0000000089800000, 0x0000000089800000| Untracked 
| 153|0x0000000089900000, 0x0000000089900000, 0x0000000089a00000|  0%| F|  |TAMS 0x0000000089900000, 0x0000000089900000| Untracked 
| 154|0x0000000089a00000, 0x0000000089a00000, 0x0000000089b00000|  0%| F|  |TAMS 0x0000000089a00000, 0x0000000089a00000| Untracked 
| 155|0x0000000089b00000, 0x0000000089b00000, 0x0000000089c00000|  0%| F|  |TAMS 0x0000000089b00000, 0x0000000089b00000| Untracked 
| 156|0x0000000089c00000, 0x0000000089c00000, 0x0000000089d00000|  0%| F|  |TAMS 0x0000000089c00000, 0x0000000089c00000| Untracked 
| 157|0x0000000089d00000, 0x0000000089d00000, 0x0000000089e00000|  0%| F|  |TAMS 0x0000000089d00000, 0x0000000089d00000| Untracked 
| 158|0x0000000089e00000, 0x0000000089e00000, 0x0000000089f00000|  0%| F|  |TAMS 0x0000000089e00000, 0x0000000089e00000| Untracked 
| 159|0x0000000089f00000, 0x0000000089f00000, 0x000000008a000000|  0%| F|  |TAMS 0x0000000089f00000, 0x0000000089f00000| Untracked 
| 160|0x000000008a000000, 0x000000008a000000, 0x000000008a100000|  0%| F|  |TAMS 0x000000008a000000, 0x000000008a000000| Untracked 
| 161|0x000000008a100000, 0x000000008a100000, 0x000000008a200000|  0%| F|  |TAMS 0x000000008a100000, 0x000000008a100000| Untracked 
| 162|0x000000008a200000, 0x000000008a200000, 0x000000008a300000|  0%| F|  |TAMS 0x000000008a200000, 0x000000008a200000| Untracked 
| 163|0x000000008a300000, 0x000000008a300000, 0x000000008a400000|  0%| F|  |TAMS 0x000000008a300000, 0x000000008a300000| Untracked 
| 164|0x000000008a400000, 0x000000008a400000, 0x000000008a500000|  0%| F|  |TAMS 0x000000008a400000, 0x000000008a400000| Untracked 
| 165|0x000000008a500000, 0x000000008a500000, 0x000000008a600000|  0%| F|  |TAMS 0x000000008a500000, 0x000000008a500000| Untracked 
| 166|0x000000008a600000, 0x000000008a600000, 0x000000008a700000|  0%| F|  |TAMS 0x000000008a600000, 0x000000008a600000| Untracked 
| 167|0x000000008a700000, 0x000000008a700000, 0x000000008a800000|  0%| F|  |TAMS 0x000000008a700000, 0x000000008a700000| Untracked 
| 168|0x000000008a800000, 0x000000008a800000, 0x000000008a900000|  0%| F|  |TAMS 0x000000008a800000, 0x000000008a800000| Untracked 
| 169|0x000000008a900000, 0x000000008a900000, 0x000000008aa00000|  0%| F|  |TAMS 0x000000008a900000, 0x000000008a900000| Untracked 
| 170|0x000000008aa00000, 0x000000008aa00000, 0x000000008ab00000|  0%| F|  |TAMS 0x000000008aa00000, 0x000000008aa00000| Untracked 
| 171|0x000000008ab00000, 0x000000008ab00000, 0x000000008ac00000|  0%| F|  |TAMS 0x000000008ab00000, 0x000000008ab00000| Untracked 
| 172|0x000000008ac00000, 0x000000008ac00000, 0x000000008ad00000|  0%| F|  |TAMS 0x000000008ac00000, 0x000000008ac00000| Untracked 
| 173|0x000000008ad00000, 0x000000008ad00000, 0x000000008ae00000|  0%| F|  |TAMS 0x000000008ad00000, 0x000000008ad00000| Untracked 
| 174|0x000000008ae00000, 0x000000008ae00000, 0x000000008af00000|  0%| F|  |TAMS 0x000000008ae00000, 0x000000008ae00000| Untracked 
| 175|0x000000008af00000, 0x000000008af00000, 0x000000008b000000|  0%| F|  |TAMS 0x000000008af00000, 0x000000008af00000| Untracked 
| 176|0x000000008b000000, 0x000000008b000000, 0x000000008b100000|  0%| F|  |TAMS 0x000000008b000000, 0x000000008b000000| Untracked 
| 177|0x000000008b100000, 0x000000008b100000, 0x000000008b200000|  0%| F|  |TAMS 0x000000008b100000, 0x000000008b100000| Untracked 
| 178|0x000000008b200000, 0x000000008b200000, 0x000000008b300000|  0%| F|  |TAMS 0x000000008b200000, 0x000000008b200000| Untracked 
| 179|0x000000008b300000, 0x000000008b300000, 0x000000008b400000|  0%| F|  |TAMS 0x000000008b300000, 0x000000008b300000| Untracked 

Card table byte_map: [0x0000013a3dc00000,0x0000013a3e000000] _byte_map_base: 0x0000013a3d800000

Marking Bits (Prev, Next): (CMBitMap*) 0x0000013a2b06c240, (CMBitMap*) 0x0000013a2b06c280
 Prev Bits: [0x0000013a3e400000, 0x0000013a40400000)
 Next Bits: [0x0000013a40400000, 0x0000013a42400000)

Polling page: 0x0000013a28fa0000

Metaspace:

Usage:
  Non-class:     72.65 MB used.
      Class:     11.68 MB used.
       Both:     84.33 MB used.

Virtual space:
  Non-class space:       80.00 MB reserved,      73.06 MB ( 91%) committed,  10 nodes.
      Class space:        1.00 GB reserved,      12.00 MB (  1%) committed,  1 nodes.
             Both:        1.08 GB reserved,      85.06 MB (  8%) committed. 

Chunk freelists:
   Non-Class:  2.17 MB
       Class:  3.84 MB
        Both:  6.01 MB

MaxMetaspaceSize: unlimited
CompressedClassSpaceSize: 1.00 GB
Initial GC threshold: 21.00 MB
Current GC threshold: 131.25 MB
CDS: off
MetaspaceReclaimPolicy: balanced
 - commit_granule_bytes: 65536.
 - commit_granule_words: 8192.
 - virtual_space_node_default_size: 1048576.
 - enlarge_chunks_in_place: 1.
 - new_chunks_are_fully_committed: 0.
 - uncommit_free_chunks: 1.
 - use_allocation_guard: 0.
 - handle_deallocations: 1.


Internal statistics:

num_allocs_failed_limit: 3.
num_arena_births: 946.
num_arena_deaths: 0.
num_vsnodes_births: 11.
num_vsnodes_deaths: 0.
num_space_committed: 1361.
num_space_uncommitted: 0.
num_chunks_returned_to_freelist: 3.
num_chunks_taken_from_freelist: 3983.
num_chunk_merges: 3.
num_chunk_splits: 2731.
num_chunks_enlarged: 1907.
num_purges: 0.
num_inconsistent_stats: 0.

CodeHeap 'non-profiled nmethods': size=120000Kb used=4221Kb max_used=4221Kb free=115778Kb
 bounds [0x0000013a35fa0000, 0x0000013a363c0000, 0x0000013a3d4d0000]
CodeHeap 'profiled nmethods': size=120000Kb used=14934Kb max_used=14934Kb free=105065Kb
 bounds [0x0000013a2e4d0000, 0x0000013a2f370000, 0x0000013a35a00000]
CodeHeap 'non-nmethods': size=5760Kb used=2388Kb max_used=2423Kb free=3371Kb
 bounds [0x0000013a35a00000, 0x0000013a35c70000, 0x0000013a35fa0000]
 total_blobs=8610 nmethods=7683 adapters=838
 compilation: enabled
              stopped_count=0, restarted_count=0
 full_count=0

Compilation events (20 events):
Event: 45.736 Thread 0x0000013a4581d030 nmethod 8593 0x0000013a363bda10 code [0x0000013a363bdba0, 0x0000013a363bdc78]
Event: 45.736 Thread 0x0000013a4581d030 8594       1       kotlin.jvm.internal.CallableReference::getBoundReceiver (5 bytes)
Event: 45.736 Thread 0x0000013a4581d030 nmethod 8594 0x0000013a363bdd10 code [0x0000013a363bdea0, 0x0000013a363bdf78]
Event: 45.736 Thread 0x0000013a4581c730 nmethod 8595 0x0000013a363be010 code [0x0000013a363be180, 0x0000013a363be1f8]
Event: 45.815 Thread 0x0000013a4581d030 8596       3       java.lang.invoke.LambdaForm$Name::<init> (52 bytes)
Event: 45.816 Thread 0x0000013a4581d030 nmethod 8596 0x0000013a2f362f10 code [0x0000013a2f3630c0, 0x0000013a2f3632b8]
Event: 45.819 Thread 0x0000013a4581c730 8598       4       java.lang.invoke.InvokerBytecodeGenerator::loadInsnOpcode (98 bytes)
Event: 45.821 Thread 0x0000013a4581c730 nmethod 8598 0x0000013a363be610 code [0x0000013a363be780, 0x0000013a363be878]
Event: 45.821 Thread 0x0000013a4581c730 8599       4       java.lang.invoke.DirectMethodHandle::internalMemberName (8 bytes)
Event: 45.821 Thread 0x0000013a4581d030 8600   !   3       org.jetbrains.kotlin.com.intellij.util.containers.ConcurrentIntObjectHashMap::tabAt (33 bytes)
Event: 45.821 Thread 0x0000013a4581c730 nmethod 8599 0x0000013a363be990 code [0x0000013a363beb00, 0x0000013a363beb98]
Event: 45.822 Thread 0x0000013a4581d030 nmethod 8600 0x0000013a2f363390 code [0x0000013a2f3635c0, 0x0000013a2f364408]
Event: 45.822 Thread 0x0000013a4581d030 8601       3       java.lang.invoke.LambdaForm$MH/0x00000001007db400::invokeExact_MT (25 bytes)
Event: 45.823 Thread 0x0000013a4581d030 nmethod 8601 0x0000013a2f364710 code [0x0000013a2f364920, 0x0000013a2f365138]
Event: 45.863 Thread 0x0000013a4581d030 8602       3       java.util.regex.Pattern$CharPropertyGreedy::study (45 bytes)
Event: 45.863 Thread 0x0000013a4581d030 nmethod 8602 0x0000013a2f365390 code [0x0000013a2f365540, 0x0000013a2f365768]
Event: 45.935 Thread 0x0000013a4581d030 8603       1       org.jetbrains.kotlin.com.intellij.openapi.util.Key::hashCode (5 bytes)
Event: 45.935 Thread 0x0000013a4581d030 nmethod 8603 0x0000013a363bec90 code [0x0000013a363bee20, 0x0000013a363beef8]
Event: 45.956 Thread 0x0000013a4581c730 8604       4       jdk.internal.loader.URLClassPath$JarLoader$2::getBytes (48 bytes)
Event: 45.959 Thread 0x0000013a4581c730 nmethod 8604 0x0000013a363bef90 code [0x0000013a363bf120, 0x0000013a363bf268]

GC Heap History (20 events):
Event: 37.005 GC heap after
{Heap after GC invocations=37 (full 0):
 garbage-first heap   total 135168K, used 94801K [0x0000000080000000, 0x0000000100000000)
  region size 1024K, 1 young (1024K), 1 survivors (1024K)
 Metaspace       used 62249K, committed 62912K, reserved 1105920K
  class space    used 8793K, committed 9088K, reserved 1048576K
}
Event: 37.519 GC heap before
{Heap before GC invocations=37 (full 0):
 garbage-first heap   total 135168K, used 108113K [0x0000000080000000, 0x0000000100000000)
  region size 1024K, 15 young (15360K), 1 survivors (1024K)
 Metaspace       used 64111K, committed 64832K, reserved 1105920K
  class space    used 9074K, committed 9408K, reserved 1048576K
}
Event: 37.524 GC heap after
{Heap after GC invocations=38 (full 0):
 garbage-first heap   total 135168K, used 95257K [0x0000000080000000, 0x0000000100000000)
  region size 1024K, 1 young (1024K), 1 survivors (1024K)
 Metaspace       used 64111K, committed 64832K, reserved 1105920K
  class space    used 9074K, committed 9408K, reserved 1048576K
}
Event: 38.139 GC heap before
{Heap before GC invocations=39 (full 0):
 garbage-first heap   total 163840K, used 110617K [0x0000000080000000, 0x0000000100000000)
  region size 1024K, 16 young (16384K), 1 survivors (1024K)
 Metaspace       used 67003K, committed 67712K, reserved 1114112K
  class space    used 9359K, committed 9664K, reserved 1048576K
}
Event: 38.143 GC heap after
{Heap after GC invocations=40 (full 0):
 garbage-first heap   total 163840K, used 95735K [0x0000000080000000, 0x0000000100000000)
  region size 1024K, 2 young (2048K), 2 survivors (2048K)
 Metaspace       used 67003K, committed 67712K, reserved 1114112K
  class space    used 9359K, committed 9664K, reserved 1048576K
}
Event: 38.399 GC heap before
{Heap before GC invocations=40 (full 0):
 garbage-first heap   total 163840K, used 101879K [0x0000000080000000, 0x0000000100000000)
  region size 1024K, 8 young (8192K), 2 survivors (2048K)
 Metaspace       used 67850K, committed 68544K, reserved 1114112K
  class space    used 9460K, committed 9728K, reserved 1048576K
}
Event: 38.407 GC heap after
{Heap after GC invocations=41 (full 0):
 garbage-first heap   total 163840K, used 95697K [0x0000000080000000, 0x0000000100000000)
  region size 1024K, 1 young (1024K), 1 survivors (1024K)
 Metaspace       used 67850K, committed 68544K, reserved 1114112K
  class space    used 9460K, committed 9728K, reserved 1048576K
}
Event: 39.516 GC heap before
{Heap before GC invocations=41 (full 0):
 garbage-first heap   total 163840K, used 117201K [0x0000000080000000, 0x0000000100000000)
  region size 1024K, 23 young (23552K), 1 survivors (1024K)
 Metaspace       used 72127K, committed 72896K, reserved 1114112K
  class space    used 10037K, committed 10368K, reserved 1048576K
}
Event: 39.523 GC heap after
{Heap after GC invocations=42 (full 0):
 garbage-first heap   total 163840K, used 97902K [0x0000000080000000, 0x0000000100000000)
  region size 1024K, 4 young (4096K), 4 survivors (4096K)
 Metaspace       used 72127K, committed 72896K, reserved 1114112K
  class space    used 10037K, committed 10368K, reserved 1048576K
}
Event: 41.138 GC heap before
{Heap before GC invocations=43 (full 0):
 garbage-first heap   total 184320K, used 137838K [0x0000000080000000, 0x0000000100000000)
  region size 1024K, 37 young (37888K), 4 survivors (4096K)
 Metaspace       used 74269K, committed 74944K, reserved 1114112K
  class space    used 10328K, committed 10624K, reserved 1048576K
}
Event: 41.147 GC heap after
{Heap after GC invocations=44 (full 0):
 garbage-first heap   total 184320K, used 100817K [0x0000000080000000, 0x0000000100000000)
  region size 1024K, 5 young (5120K), 5 survivors (5120K)
 Metaspace       used 74269K, committed 74944K, reserved 1114112K
  class space    used 10328K, committed 10624K, reserved 1048576K
}
Event: 41.298 GC heap before
{Heap before GC invocations=44 (full 0):
 garbage-first heap   total 184320K, used 104913K [0x0000000080000000, 0x0000000100000000)
  region size 1024K, 9 young (9216K), 5 survivors (5120K)
 Metaspace       used 74600K, committed 75328K, reserved 1114112K
  class space    used 10372K, committed 10688K, reserved 1048576K
}
Event: 41.306 GC heap after
{Heap after GC invocations=45 (full 0):
 garbage-first heap   total 184320K, used 101219K [0x0000000080000000, 0x0000000100000000)
  region size 1024K, 1 young (1024K), 1 survivors (1024K)
 Metaspace       used 74600K, committed 75328K, reserved 1114112K
  class space    used 10372K, committed 10688K, reserved 1048576K
}
Event: 43.131 GC heap before
{Heap before GC invocations=45 (full 0):
 garbage-first heap   total 184320K, used 144227K [0x0000000080000000, 0x0000000100000000)
  region size 1024K, 43 young (44032K), 1 survivors (1024K)
 Metaspace       used 79696K, committed 80448K, reserved 1122304K
  class space    used 11086K, committed 11392K, reserved 1048576K
}
Event: 43.140 GC heap after
{Heap after GC invocations=46 (full 0):
 garbage-first heap   total 184320K, used 102921K [0x0000000080000000, 0x0000000100000000)
  region size 1024K, 3 young (3072K), 3 survivors (3072K)
 Metaspace       used 79696K, committed 80448K, reserved 1122304K
  class space    used 11086K, committed 11392K, reserved 1048576K
}
Event: 44.969 GC heap before
{Heap before GC invocations=47 (full 0):
 garbage-first heap   total 184320K, used 149001K [0x0000000080000000, 0x0000000100000000)
  region size 1024K, 48 young (49152K), 3 survivors (3072K)
 Metaspace       used 83925K, committed 84608K, reserved 1122304K
  class space    used 11652K, committed 11968K, reserved 1048576K
}
Event: 44.981 GC heap after
{Heap after GC invocations=48 (full 0):
 garbage-first heap   total 184320K, used 108826K [0x0000000080000000, 0x0000000100000000)
  region size 1024K, 6 young (6144K), 6 survivors (6144K)
 Metaspace       used 83925K, committed 84608K, reserved 1122304K
  class space    used 11652K, committed 11968K, reserved 1048576K
}
Event: 45.086 GC heap before
{Heap before GC invocations=48 (full 0):
 garbage-first heap   total 184320K, used 111898K [0x0000000080000000, 0x0000000100000000)
  region size 1024K, 9 young (9216K), 6 survivors (6144K)
 Metaspace       used 83925K, committed 84608K, reserved 1122304K
  class space    used 11652K, committed 11968K, reserved 1048576K
}
Event: 45.095 GC heap after
{Heap after GC invocations=49 (full 0):
 garbage-first heap   total 184320K, used 109879K [0x0000000080000000, 0x0000000100000000)
  region size 1024K, 2 young (2048K), 2 survivors (2048K)
 Metaspace       used 83925K, committed 84608K, reserved 1122304K
  class space    used 11652K, committed 11968K, reserved 1048576K
}
Event: 46.182 GC heap before
{Heap before GC invocations=49 (full 0):
 garbage-first heap   total 184320K, used 149815K [0x0000000080000000, 0x0000000100000000)
  region size 1024K, 41 young (41984K), 2 survivors (2048K)
 Metaspace       used 86359K, committed 87104K, reserved 1130496K
  class space    used 11960K, committed 12288K, reserved 1048576K
}

Dll operation events (2 events):
Event: 0.057 Loaded shared library C:\Program Files\Android\Android Studio1\jbr\bin\java.dll
Event: 2.942 Loaded shared library C:\Program Files\Android\Android Studio1\jbr\bin\verify.dll

Deoptimization events (20 events):
Event: 44.559 Thread 0x0000013a467742d0 Uncommon trap: trap_request=0xffffffde fr.pc=0x0000013a3610a374 relative=0x0000000000000474
Event: 44.559 Thread 0x0000013a467742d0 Uncommon trap: reason=class_check action=maybe_recompile pc=0x0000013a3610a374 method=org.gradle.internal.instantiation.generator.AbstractClassGenerator$InjectionAnnotationValidator.validateMethod(Ljava/lang/reflect/Method;Lorg/gradle/internal/reflect/Pro
Event: 44.559 Thread 0x0000013a467742d0 DEOPT PACKING pc=0x0000013a3610a374 sp=0x00000005300f6f10
Event: 44.559 Thread 0x0000013a467742d0 DEOPT UNPACKING pc=0x0000013a35a569a3 sp=0x00000005300f6ed8 mode 2
Event: 44.730 Thread 0x0000013a467742d0 Uncommon trap: trap_request=0xffffff45 fr.pc=0x0000013a36361294 relative=0x00000000000001f4
Event: 44.730 Thread 0x0000013a467742d0 Uncommon trap: reason=unstable_if action=reinterpret pc=0x0000013a36361294 method=kotlin.reflect.jvm.internal.impl.protobuf.CodedInputStream.readRawVarint32()I @ 69 c2
Event: 44.730 Thread 0x0000013a467742d0 DEOPT PACKING pc=0x0000013a36361294 sp=0x00000005300f7b90
Event: 44.730 Thread 0x0000013a467742d0 DEOPT UNPACKING pc=0x0000013a35a569a3 sp=0x00000005300f7ac0 mode 2
Event: 44.780 Thread 0x0000013a45cacfe0 Uncommon trap: trap_request=0xffffff45 fr.pc=0x0000013a3629913c relative=0x00000000000001fc
Event: 44.780 Thread 0x0000013a45cacfe0 Uncommon trap: reason=unstable_if action=reinterpret pc=0x0000013a3629913c method=com.esotericsoftware.kryo.io.Input.readVarInt(Z)I @ 42 c2
Event: 44.780 Thread 0x0000013a45cacfe0 DEOPT PACKING pc=0x0000013a3629913c sp=0x0000000531bfe260
Event: 44.781 Thread 0x0000013a45cacfe0 DEOPT UNPACKING pc=0x0000013a35a569a3 sp=0x0000000531bfe150 mode 2
Event: 44.784 Thread 0x0000013a45cacfe0 Uncommon trap: trap_request=0xffffff45 fr.pc=0x0000013a36299a9c relative=0x00000000000001dc
Event: 44.784 Thread 0x0000013a45cacfe0 Uncommon trap: reason=unstable_if action=reinterpret pc=0x0000013a36299a9c method=com.esotericsoftware.kryo.io.Input.readVarInt(Z)I @ 42 c2
Event: 44.784 Thread 0x0000013a45cacfe0 DEOPT PACKING pc=0x0000013a36299a9c sp=0x0000000531bfe1c0
Event: 44.784 Thread 0x0000013a45cacfe0 DEOPT UNPACKING pc=0x0000013a35a569a3 sp=0x0000000531bfe168 mode 2
Event: 45.528 Thread 0x0000013a467742d0 Uncommon trap: trap_request=0xffffffde fr.pc=0x0000013a362f45e8 relative=0x0000000000000d68
Event: 45.528 Thread 0x0000013a467742d0 Uncommon trap: reason=class_check action=maybe_recompile pc=0x0000013a362f45e8 method=org.gradle.internal.snapshot.ChildMap$Entry.handleAncestorDescendantOrExactMatch(Lorg/gradle/internal/snapshot/VfsRelativePath;Lorg/gradle/internal/snapshot/CaseSensitiv
Event: 45.528 Thread 0x0000013a467742d0 DEOPT PACKING pc=0x0000013a362f45e8 sp=0x00000005300f43c0
Event: 45.528 Thread 0x0000013a467742d0 DEOPT UNPACKING pc=0x0000013a35a569a3 sp=0x00000005300f43a8 mode 2

Classes unloaded (0 events):
No events

Classes redefined (0 events):
No events

Internal exceptions (20 events):
Event: 42.214 Thread 0x0000013a467742d0 Exception <a 'java/lang/NoSuchMethodError'{0x0000000089d2da30}: static Lorg/jetbrains/kotlin/gradle/plugin/internal/MavenPluginConfigurator$DefaultMavenPluginConfiguratorVariantFactory;.<clinit>()V> (0x0000000089d2da30) 
thrown [s\src\hotspot\share\prims\jni.cpp, line 1108]
Event: 42.217 Thread 0x0000013a467742d0 Exception <a 'java/lang/NoSuchMethodError'{0x0000000089d46df8}: static Lorg/jetbrains/kotlin/gradle/plugin/internal/DefaultJavaSourceSetsAccessorVariantFactory;.<clinit>()V> (0x0000000089d46df8) 
thrown [s\src\hotspot\share\prims\jni.cpp, line 1108]
Event: 42.219 Thread 0x0000013a467742d0 Exception <a 'java/lang/NoSuchMethodError'{0x0000000089d5fa50}: static Lorg/jetbrains/kotlin/gradle/targets/js/nodejs/DefaultUnameExecutorVariantFactory;.<clinit>()V> (0x0000000089d5fa50) 
thrown [s\src\hotspot\share\prims\jni.cpp, line 1108]
Event: 42.223 Thread 0x0000013a467742d0 Exception <a 'java/lang/NoSuchMethodError'{0x0000000089d78e58}: static Lorg/jetbrains/kotlin/gradle/plugin/internal/DefaultBasePluginConfigurationVariantFactory;.<clinit>()V> (0x0000000089d78e58) 
thrown [s\src\hotspot\share\prims\jni.cpp, line 1108]
Event: 42.226 Thread 0x0000013a467742d0 Exception <a 'java/lang/NoSuchMethodError'{0x0000000089d91da8}: static Lorg/jetbrains/kotlin/gradle/plugin/internal/DefaultIdeaSyncDetectorVariantFactory;.<clinit>()V> (0x0000000089d91da8) 
thrown [s\src\hotspot\share\prims\jni.cpp, line 1108]
Event: 42.230 Thread 0x0000013a467742d0 Exception <a 'java/lang/NoSuchMethodError'{0x0000000089dab738}: static Lorg/jetbrains/kotlin/gradle/plugin/internal/DefaultKotlinTestReportCompatibilityHelperVariantFactory;.<clinit>()V> (0x0000000089dab738) 
thrown [s\src\hotspot\share\prims\jni.cpp, line 1108]
Event: 44.326 Thread 0x0000013a467742d0 Exception <a 'java/lang/ClassNotFoundException'{0x0000000089669358}: org/jetbrains/kotlin/gradle/targets/js/npm/DefaultNpmDependencyExtensionBeanInfo> (0x0000000089669358) 
thrown [s\src\hotspot\share\classfile\systemDictionary.cpp, line 256]
Event: 44.328 Thread 0x0000013a467742d0 Exception <a 'java/lang/ClassNotFoundException'{0x0000000089675db8}: org/jetbrains/kotlin/gradle/targets/js/npm/DefaultNpmDependencyExtensionCustomizer> (0x0000000089675db8) 
thrown [s\src\hotspot\share\classfile\systemDictionary.cpp, line 256]
Event: 44.350 Thread 0x0000013a467742d0 Exception <a 'java/lang/ClassNotFoundException'{0x00000000896e1620}: org/jetbrains/kotlin/gradle/targets/js/npm/NpmDependencyExtensionKt$defaultNpmDependencyDelegate$1BeanInfo> (0x00000000896e1620) 
thrown [s\src\hotspot\share\classfile\systemDictionary.cpp, line 256]
Event: 44.350 Thread 0x0000013a467742d0 Exception <a 'java/lang/ClassNotFoundException'{0x00000000896ee0c8}: org/jetbrains/kotlin/gradle/targets/js/npm/NpmDependencyExtensionDelegateBeanInfo> (0x00000000896ee0c8) 
thrown [s\src\hotspot\share\classfile\systemDictionary.cpp, line 256]
Event: 44.351 Thread 0x0000013a467742d0 Exception <a 'java/lang/ClassNotFoundException'{0x00000000896fab38}: org/jetbrains/kotlin/gradle/targets/js/npm/NpmDependencyExtensionDelegateCustomizer> (0x00000000896fab38) 
thrown [s\src\hotspot\share\classfile\systemDictionary.cpp, line 256]
Event: 44.353 Thread 0x0000013a467742d0 Exception <a 'java/lang/ClassNotFoundException'{0x000000008951cb98}: org/jetbrains/kotlin/gradle/targets/js/npm/NpmDependencyExtensionKt$defaultNpmDependencyDelegate$1Customizer> (0x000000008951cb98) 
thrown [s\src\hotspot\share\classfile\systemDictionary.cpp, line 256]
Event: 44.362 Thread 0x0000013a467742d0 Exception <a 'java/lang/ClassNotFoundException'{0x00000000895545f0}: org/jetbrains/kotlin/gradle/targets/js/npm/DefaultDevNpmDependencyExtensionBeanInfo> (0x00000000895545f0) 
thrown [s\src\hotspot\share\classfile\systemDictionary.cpp, line 256]
Event: 44.363 Thread 0x0000013a467742d0 Exception <a 'java/lang/ClassNotFoundException'{0x0000000089561068}: org/jetbrains/kotlin/gradle/targets/js/npm/DefaultDevNpmDependencyExtensionCustomizer> (0x0000000089561068) 
thrown [s\src\hotspot\share\classfile\systemDictionary.cpp, line 256]
Event: 44.370 Thread 0x0000013a467742d0 Exception <a 'java/lang/ClassNotFoundException'{0x000000008959bf98}: org/jetbrains/kotlin/gradle/targets/js/npm/DefaultPeerNpmDependencyExtensionBeanInfo> (0x000000008959bf98) 
thrown [s\src\hotspot\share\classfile\systemDictionary.cpp, line 256]
Event: 44.372 Thread 0x0000013a467742d0 Exception <a 'java/lang/ClassNotFoundException'{0x00000000895a8a60}: org/jetbrains/kotlin/gradle/targets/js/npm/DefaultPeerNpmDependencyExtensionCustomizer> (0x00000000895a8a60) 
thrown [s\src\hotspot\share\classfile\systemDictionary.cpp, line 256]
Event: 44.384 Thread 0x0000013a467742d0 Exception <a 'java/lang/ClassNotFoundException'{0x00000000895eafa0}: org/jetbrains/kotlin/gradle/targets/js/npm/DefaultPeerNpmDependencyExtension$delegate$1BeanInfo> (0x00000000895eafa0) 
thrown [s\src\hotspot\share\classfile\systemDictionary.cpp, line 256]
Event: 44.386 Thread 0x0000013a467742d0 Exception <a 'java/lang/ClassNotFoundException'{0x00000000895f7d70}: org/jetbrains/kotlin/gradle/targets/js/npm/DefaultPeerNpmDependencyExtension$delegate$1Customizer> (0x00000000895f7d70) 
thrown [s\src\hotspot\share\classfile\systemDictionary.cpp, line 256]
Event: 46.172 Thread 0x0000013a467742d0 Exception <a 'java/lang/NoSuchMethodError'{0x0000000088bd1950}: 'long java.lang.invoke.DirectMethodHandle$Holder.invokeStatic(java.lang.Object)'> (0x0000000088bd1950) 
thrown [s\src\hotspot\share\interpreter\linkResolver.cpp, line 771]
Event: 46.173 Thread 0x0000013a467742d0 Exception <a 'java/lang/NoSuchMethodError'{0x0000000088bd64f0}: 'long java.lang.invoke.DirectMethodHandle$Holder.invokeStaticInit(java.lang.Object)'> (0x0000000088bd64f0) 
thrown [s\src\hotspot\share\interpreter\linkResolver.cpp, line 771]

VM Operations (20 events):
Event: 41.841 Executing VM operation: HandshakeAllThreads done
Event: 42.494 Executing VM operation: HandshakeAllThreads
Event: 42.494 Executing VM operation: HandshakeAllThreads done
Event: 42.494 Executing VM operation: Cleanup
Event: 42.494 Executing VM operation: Cleanup done
Event: 43.131 Executing VM operation: G1CollectForAllocation
Event: 43.140 Executing VM operation: G1CollectForAllocation done
Event: 43.236 Executing VM operation: G1Concurrent
Event: 43.243 Executing VM operation: G1Concurrent done
Event: 43.276 Executing VM operation: G1Concurrent
Event: 43.276 Executing VM operation: G1Concurrent done
Event: 44.278 Executing VM operation: Cleanup
Event: 44.295 Executing VM operation: Cleanup done
Event: 44.969 Executing VM operation: G1CollectForAllocation
Event: 44.981 Executing VM operation: G1CollectForAllocation done
Event: 45.086 Executing VM operation: G1CollectForAllocation
Event: 45.095 Executing VM operation: G1CollectForAllocation done
Event: 45.231 Executing VM operation: HandshakeAllThreads
Event: 45.232 Executing VM operation: HandshakeAllThreads done
Event: 46.182 Executing VM operation: G1CollectForAllocation

Events (20 events):
Event: 43.554 loading class java/util/ArrayList$SubList$1 done
Event: 43.669 Thread 0x0000013a4ab39030 Thread added: 0x0000013a4ab39030
Event: 43.872 Thread 0x0000013a4ab39030 Thread exited: 0x0000013a4ab39030
Event: 44.113 Thread 0x0000013a4d0df570 Thread added: 0x0000013a4d0df570
Event: 45.239 Thread 0x0000013a4581da20 flushing nmethod 0x0000013a2ec7f790
Event: 45.594 loading class java/util/Stack
Event: 45.594 loading class java/util/Stack done
Event: 45.735 Thread 0x0000013a4d0df570 Thread exited: 0x0000013a4d0df570
Event: 45.851 loading class java/util/regex/Pattern$Behind
Event: 45.852 loading class java/util/regex/Pattern$Behind done
Event: 45.853 loading class javax/swing/text/html/HTMLEditorKit$ParserCallback
Event: 45.854 loading class javax/swing/text/html/HTMLEditorKit$ParserCallback done
Event: 45.952 loading class java/lang/AbstractMethodError
Event: 45.952 loading class java/lang/AbstractMethodError done
Event: 46.175 loading class java/util/concurrent/atomic/AtomicLongFieldUpdater
Event: 46.175 loading class java/util/concurrent/atomic/AtomicLongFieldUpdater done
Event: 46.175 loading class java/util/concurrent/atomic/AtomicLongFieldUpdater$CASUpdater
Event: 46.175 loading class java/util/concurrent/atomic/AtomicLongFieldUpdater$CASUpdater done
Event: 46.176 loading class java/util/concurrent/atomic/AtomicLongFieldUpdater$CASUpdater$1
Event: 46.176 loading class java/util/concurrent/atomic/AtomicLongFieldUpdater$CASUpdater$1 done


Dynamic libraries:
0x00007ff61a990000 - 0x00007ff61a99a000 	C:\Program Files\Android\Android Studio1\jbr\bin\java.exe
0x00007fff2e790000 - 0x00007fff2e9a7000 	C:\WINDOWS\SYSTEM32\ntdll.dll
0x00007fff2d4a0000 - 0x00007fff2d564000 	C:\WINDOWS\System32\KERNEL32.DLL
0x00007fff2bef0000 - 0x00007fff2c296000 	C:\WINDOWS\System32\KERNELBASE.dll
0x00007fff2bd50000 - 0x00007fff2be61000 	C:\WINDOWS\System32\ucrtbase.dll
0x00007fff08ac0000 - 0x00007fff08ad7000 	C:\Program Files\Android\Android Studio1\jbr\bin\jli.dll
0x00007fff1d2e0000 - 0x00007fff1d2fb000 	C:\Program Files\Android\Android Studio1\jbr\bin\VCRUNTIME140.dll
0x00007fff2d1d0000 - 0x00007fff2d37e000 	C:\WINDOWS\System32\USER32.dll
0x00007fff2bad0000 - 0x00007fff2baf6000 	C:\WINDOWS\System32\win32u.dll
0x00007fff2cae0000 - 0x00007fff2cb09000 	C:\WINDOWS\System32\GDI32.dll
0x00007fff2bc30000 - 0x00007fff2bd48000 	C:\WINDOWS\System32\gdi32full.dll
0x00007fff2c2a0000 - 0x00007fff2c33a000 	C:\WINDOWS\System32\msvcp_win.dll
0x00007fff1a170000 - 0x00007fff1a403000 	C:\WINDOWS\WinSxS\amd64_microsoft.windows.common-controls_6595b64144ccf1df_6.0.22621.2506_none_270c5ae97388e100\COMCTL32.dll
0x00007fff2cd80000 - 0x00007fff2ce27000 	C:\WINDOWS\System32\msvcrt.dll
0x00007fff2c4e0000 - 0x00007fff2c511000 	C:\WINDOWS\System32\IMM32.DLL
0x00007fff1cac0000 - 0x00007fff1cacc000 	C:\Program Files\Android\Android Studio1\jbr\bin\vcruntime140_1.dll
0x00007ffeee020000 - 0x00007ffeee0ad000 	C:\Program Files\Android\Android Studio1\jbr\bin\msvcp140.dll
0x00007ffedb4f0000 - 0x00007ffedc15e000 	C:\Program Files\Android\Android Studio1\jbr\bin\server\jvm.dll
0x00007fff2ca20000 - 0x00007fff2cad3000 	C:\WINDOWS\System32\ADVAPI32.dll
0x00007fff2cb10000 - 0x00007fff2cbb8000 	C:\WINDOWS\System32\sechost.dll
0x00007fff2c340000 - 0x00007fff2c368000 	C:\WINDOWS\System32\bcrypt.dll
0x00007fff2e630000 - 0x00007fff2e747000 	C:\WINDOWS\System32\RPCRT4.dll
0x00007fff271b0000 - 0x00007fff271b9000 	C:\WINDOWS\SYSTEM32\WSOCK32.dll
0x00007fff2d7e0000 - 0x00007fff2d851000 	C:\WINDOWS\System32\WS2_32.dll
0x00007fff240e0000 - 0x00007fff240ea000 	C:\WINDOWS\SYSTEM32\VERSION.dll
0x00007fff24d80000 - 0x00007fff24db4000 	C:\WINDOWS\SYSTEM32\WINMM.dll
0x00007fff2aae0000 - 0x00007fff2aaf8000 	C:\WINDOWS\SYSTEM32\kernel.appcore.dll
0x00007fff27110000 - 0x00007fff2711a000 	C:\Program Files\Android\Android Studio1\jbr\bin\jimage.dll
0x00007fff17920000 - 0x00007fff17b53000 	C:\WINDOWS\SYSTEM32\DBGHELP.DLL
0x00007fff2ce30000 - 0x00007fff2d1b9000 	C:\WINDOWS\System32\combase.dll
0x00007fff2e550000 - 0x00007fff2e627000 	C:\WINDOWS\System32\OLEAUT32.dll
0x00007fff0e200000 - 0x00007fff0e232000 	C:\WINDOWS\SYSTEM32\dbgcore.DLL
0x00007fff2be70000 - 0x00007fff2beea000 	C:\WINDOWS\System32\bcryptPrimitives.dll
0x00007fff1e350000 - 0x00007fff1e375000 	C:\Program Files\Android\Android Studio1\jbr\bin\java.dll
0x00007fff1e330000 - 0x00007fff1e348000 	C:\Program Files\Android\Android Studio1\jbr\bin\zip.dll
0x00007fff2dc50000 - 0x00007fff2e4ab000 	C:\WINDOWS\System32\SHELL32.dll
0x00007fff299e0000 - 0x00007fff2a2d6000 	C:\WINDOWS\SYSTEM32\windows.storage.dll
0x00007fff298a0000 - 0x00007fff299de000 	C:\WINDOWS\SYSTEM32\wintypes.dll
0x00007fff2d380000 - 0x00007fff2d473000 	C:\WINDOWS\System32\SHCORE.dll
0x00007fff2d910000 - 0x00007fff2d96e000 	C:\WINDOWS\System32\shlwapi.dll
0x00007fff2ba00000 - 0x00007fff2ba26000 	C:\WINDOWS\SYSTEM32\profapi.dll
0x00007fff1d130000 - 0x00007fff1d149000 	C:\Program Files\Android\Android Studio1\jbr\bin\net.dll
0x00007fff25750000 - 0x00007fff25887000 	C:\WINDOWS\SYSTEM32\WINHTTP.dll
0x00007fff2af90000 - 0x00007fff2aff9000 	C:\WINDOWS\system32\mswsock.dll
0x00007fff1cbe0000 - 0x00007fff1cbf6000 	C:\Program Files\Android\Android Studio1\jbr\bin\nio.dll
0x00007fff26520000 - 0x00007fff26530000 	C:\Program Files\Android\Android Studio1\jbr\bin\verify.dll
0x00007fff26340000 - 0x00007fff26367000 	C:\Users\hp\.gradle\native\68d5fa5c4cc2d200863cafc0d521ce42e7d3e7ee720ec0a83991735586a16f82\windows-amd64\native-platform.dll
0x00007fff1d380000 - 0x00007fff1d4c4000 	C:\Users\hp\.gradle\native\e376f236ea51e6404a007f0833ffe2c6e607c4080706a723a18a27aeea778392\windows-amd64\native-platform-file-events.dll
0x00007fff1e490000 - 0x00007fff1e499000 	C:\Program Files\Android\Android Studio1\jbr\bin\management.dll
0x00007fff1b2b0000 - 0x00007fff1b2bb000 	C:\Program Files\Android\Android Studio1\jbr\bin\management_ext.dll
0x00007fff2d1c0000 - 0x00007fff2d1c8000 	C:\WINDOWS\System32\PSAPI.DLL
0x00007fff2b1e0000 - 0x00007fff2b1fb000 	C:\WINDOWS\SYSTEM32\CRYPTSP.dll
0x00007fff2aa40000 - 0x00007fff2aa75000 	C:\WINDOWS\system32\rsaenh.dll
0x00007fff2b080000 - 0x00007fff2b0ac000 	C:\WINDOWS\SYSTEM32\USERENV.dll
0x00007fff2b200000 - 0x00007fff2b20c000 	C:\WINDOWS\SYSTEM32\CRYPTBASE.dll
0x00007fff2a580000 - 0x00007fff2a5ad000 	C:\WINDOWS\SYSTEM32\IPHLPAPI.DLL
0x00007fff2d970000 - 0x00007fff2d979000 	C:\WINDOWS\System32\NSI.dll
0x00007fff25730000 - 0x00007fff25749000 	C:\WINDOWS\SYSTEM32\dhcpcsvc6.DLL
0x00007fff25710000 - 0x00007fff2572f000 	C:\WINDOWS\SYSTEM32\dhcpcsvc.DLL
0x00007fff2a5b0000 - 0x00007fff2a6a9000 	C:\WINDOWS\SYSTEM32\DNSAPI.dll
0x00007fff26620000 - 0x00007fff26628000 	C:\WINDOWS\system32\wshunix.dll

dbghelp: loaded successfully - version: 4.0.5 - missing functions: none
symbol engine: initialized successfully - sym options: 0x614 - pdb path: .;C:\Program Files\Android\Android Studio1\jbr\bin;C:\WINDOWS\SYSTEM32;C:\WINDOWS\WinSxS\amd64_microsoft.windows.common-controls_6595b64144ccf1df_6.0.22621.2506_none_270c5ae97388e100;C:\Program Files\Android\Android Studio1\jbr\bin\server;C:\Users\hp\.gradle\native\68d5fa5c4cc2d200863cafc0d521ce42e7d3e7ee720ec0a83991735586a16f82\windows-amd64;C:\Users\hp\.gradle\native\e376f236ea51e6404a007f0833ffe2c6e607c4080706a723a18a27aeea778392\windows-amd64

VM Arguments:
jvm_args: --add-opens=java.base/java.util=ALL-UNNAMED --add-opens=java.base/java.lang=ALL-UNNAMED --add-opens=java.base/java.lang.invoke=ALL-UNNAMED --add-opens=java.prefs/java.util.prefs=ALL-UNNAMED --add-opens=java.base/java.nio.charset=ALL-UNNAMED --add-opens=java.base/java.net=ALL-UNNAMED --add-opens=java.base/java.util.concurrent.atomic=ALL-UNNAMED -Xmx2048m -Dfile.encoding=UTF-8 -Duser.country=US -Duser.language=en -Duser.variant 
java_command: org.gradle.launcher.daemon.bootstrap.GradleDaemon 8.0
java_class_path (initial): C:\Users\hp\.gradle\wrapper\dists\gradle-8.0-bin\ca5e32bp14vu59qr306oxotwh\gradle-8.0\lib\gradle-launcher-8.0.jar
Launcher Type: SUN_STANDARD

[Global flags]
     intx CICompilerCount                          = 4                                         {product} {ergonomic}
     uint ConcGCThreads                            = 2                                         {product} {ergonomic}
     uint G1ConcRefinementThreads                  = 8                                         {product} {ergonomic}
   size_t G1HeapRegionSize                         = 1048576                                   {product} {ergonomic}
    uintx GCDrainStackTargetSize                   = 64                                        {product} {ergonomic}
   size_t InitialHeapSize                          = 100663296                                 {product} {ergonomic}
   size_t MarkStackSize                            = 4194304                                   {product} {ergonomic}
   size_t MaxHeapSize                              = 2147483648                                {product} {command line}
   size_t MaxNewSize                               = 1287651328                                {product} {ergonomic}
   size_t MinHeapDeltaBytes                        = 1048576                                   {product} {ergonomic}
   size_t MinHeapSize                              = 8388608                                   {product} {ergonomic}
    uintx NonNMethodCodeHeapSize                   = 5839372                                {pd product} {ergonomic}
    uintx NonProfiledCodeHeapSize                  = 122909434                              {pd product} {ergonomic}
    uintx ProfiledCodeHeapSize                     = 122909434                              {pd product} {ergonomic}
    uintx ReservedCodeCacheSize                    = 251658240                              {pd product} {ergonomic}
     bool SegmentedCodeCache                       = true                                      {product} {ergonomic}
   size_t SoftMaxHeapSize                          = 2147483648                             {manageable} {ergonomic}
     bool UseCompressedClassPointers               = true                           {product lp64_product} {ergonomic}
     bool UseCompressedOops                        = true                           {product lp64_product} {ergonomic}
     bool UseG1GC                                  = true                                      {product} {ergonomic}
     bool UseLargePagesIndividualAllocation        = false                                  {pd product} {ergonomic}

Logging:
Log output configuration:
 #0: stdout all=warning uptime,level,tags
 #1: stderr all=off uptime,level,tags

Environment Variables:
JAVA_HOME=C:\Program Files\Java\jdk-18.0.2
PATH=C:\Program Files (x86)\VMware\VMware Workstation\bin\;C:\Program Files\Common Files\Oracle\Java\javapath;C:\Program Files (x86)\Common Files\Oracle\Java\javapath;C:\WINDOWS\system32;C:\WINDOWS;C:\WINDOWS\System32\Wbem;C:\WINDOWS\System32\WindowsPowerShell\v1.0\;C:\WINDOWS\System32\OpenSSH\;C:\Program Files\Java\jdk1.8.0_311\bin;C:\Program Files\Git\cmd;C:\Program Files\Java\jdk-18.0.2\bin;C:\xampp\php;C:\ProgramData\ComposerSetup\bin;E:\src\flutter\bin;C:\dart-sdk\bin;C:\Program Files\DB Browser for SQLite;C:\Program Files\nodejs\;C:\Users\hp\AppData\Local\Packages\PythonSoftwareFoundation.Python.3.9_qbz5n2kfra8p0\LocalCache\local-packages\Python39\Scripts;C:\hadoop\winutils.exe\bin;C:\Program Files\Java\jdk-18.0.2\bin;C:\Users\hp\AppData\Local\Pub\Cache\bin;C:\Users\hp\AppData\Local\Microsoft\WindowsApps;C:\MinGW\bin;C:\Program Files\JetBrains\IntelliJ IDEA Community Edition 2022.2\bin;C:\Users\hp\AppData\Local\Programs\Microsoft VS Code\bin;C:\Users\hp\AppData\Local\GitHubDesktop\bin;C:\Users\hp\AppData\Roaming\Composer\vendor\bin;E:\src\flutter\bin;C:\dart-sdk\bin;C:\Program Files\DB Browser for SQLite;C:\Users\hp\AppData\Roaming\npm;C:\Users\hp\AppData\Local\Packages\PythonSoftwareFoundation.Python.3.9_qbz5n2kfra8p0\LocalCache\local-packages\Python39\Scripts;C:\Users\hp\AppData\Local\Pub\Cache\bin;C:\spark\spark-3.3.4-bin-hadoop3\bin;C:\spark\spark-3.3.4-bin-hadoop3\bin;C:\Users\hp\AppData\Local\Coursier\data\bin;C:\Users\hp\Downloads\sbt-1.9.8.zip\sbt\bin;
USERNAME=hp
OS=Windows_NT
PROCESSOR_IDENTIFIER=AMD64 Family 23 Model 24 Stepping 1, AuthenticAMD
TMP=C:\Users\hp\AppData\Local\Temp
TEMP=C:\Users\hp\AppData\Local\Temp


JNI global refs:
JNI global refs: 25, weak refs: 0

JNI global refs memory usage: 843, weak refs: 841


---------------  S Y S T E M  ---------------

OS:
 Windows 11 , 64 bit Build 22621 (10.0.22621.3085)
OS uptime: 2 days 3:34 hours
Hyper-V role detected

CPU: total 8 (initial active 8) (8 cores per cpu, 2 threads per core) family 23 model 24 stepping 1 microcode 0x0, cx8, cmov, fxsr, ht, mmx, 3dnowpref, sse, sse2, sse3, ssse3, sse4a, sse4.1, sse4.2, popcnt, lzcnt, tsc, tscinvbit, avx, avx2, aes, clmul, bmi1, bmi2, adx, sha, fma, vzeroupper, clflush, clflushopt, hv

Memory: 4k page, system-wide physical 6021M (529M free)
TotalPageFile size 24453M (AvailPageFile size 86M)
current process WorkingSet (physical memory assigned to process): 391M, peak: 391M
current process commit charge ("private bytes"): 446M, peak: 548M

vm_info: OpenJDK 64-Bit Server VM (17.0.6+0-b2043.56-10027231) for windows-amd64 JRE (17.0.6+0-b2043.56-10027231), built on Apr 28 2023 00:43:19 by "androidbuild" with MS VC++ 16.10 / 16.11 (VS2019)

END.
