#
# There is insufficient memory for the Java Runtime Environment to continue.
# Native memory allocation (malloc) failed to allocate 1036336 bytes for Chunk::new
# Possible reasons:
#   The system is out of physical RAM or swap space
#   The process is running with CompressedOops enabled, and the Java Heap may be blocking the growth of the native heap
# Possible solutions:
#   Reduce memory load on the system
#   Increase physical memory or swap space
#   Check if swap backing store is full
#   Decrease Java heap size (-Xmx/-Xms)
#   Decrease number of Java threads
#   Decrease Java thread stack sizes (-Xss)
#   Set larger code cache with -XX:ReservedCodeCacheSize=
#   JVM is running with Unscaled Compressed Oops mode in which the Java heap is
#     placed in the first 4GB address space. The Java Heap base address is the
#     maximum limit for the native heap growth. Please use -XX:HeapBaseMinAddress
#     to set the Java Heap base and to place the Java Heap above 4GB virtual address.
# This output file may be truncated or incomplete.
#
#  Out of Memory Error (arena.cpp:189), pid=5728, tid=11124
#
# JRE version: OpenJDK Runtime Environment (17.0.6) (build 17.0.6+0-b2043.56-10027231)
# Java VM: OpenJDK 64-Bit Server VM (17.0.6+0-b2043.56-10027231, mixed mode, tiered, compressed oops, compressed class ptrs, g1 gc, windows-amd64)
# No core dump will be written. Minidumps are not enabled by default on client versions of Windows
#

---------------  S U M M A R Y ------------

Command Line: --add-opens=java.base/java.util=ALL-UNNAMED --add-opens=java.base/java.lang=ALL-UNNAMED --add-opens=java.base/java.lang.invoke=ALL-UNNAMED --add-opens=java.prefs/java.util.prefs=ALL-UNNAMED --add-opens=java.base/java.nio.charset=ALL-UNNAMED --add-opens=java.base/java.net=ALL-UNNAMED --add-opens=java.base/java.util.concurrent.atomic=ALL-UNNAMED -Xmx2048m -Dfile.encoding=UTF-8 -Duser.country=US -Duser.language=en -Duser.variant org.gradle.launcher.daemon.bootstrap.GradleDaemon 8.0

Host: AMD Ryzen 5 3550H with Radeon Vega Mobile Gfx  , 8 cores, 5G,  Windows 11 , 64 bit Build 22621 (10.0.22621.3085)
Time: Thu Feb 29 22:57:47 2024 India Standard Time elapsed time: 57.496247 seconds (0d 0h 0m 57s)

---------------  T H R E A D  ---------------

Current thread (0x000001923301c340):  JavaThread "C2 CompilerThread0" daemon [_thread_in_native, id=11124, stack(0x0000004694200000,0x0000004694300000)]


Current CompileTask:
C2:  57496 12185 % !   4       java.util.jar.Attributes::read @ 214 (494 bytes)

Stack: [0x0000004694200000,0x0000004694300000]
Native frames: (J=compiled Java code, j=interpreted, Vv=VM code, C=native code)
V  [jvm.dll+0x683c9a]
V  [jvm.dll+0x8427a4]
V  [jvm.dll+0x843f9e]
V  [jvm.dll+0x844603]
V  [jvm.dll+0x249b75]
V  [jvm.dll+0xabcac]
V  [jvm.dll+0xac27c]
V  [jvm.dll+0x368802]
V  [jvm.dll+0x332f31]
V  [jvm.dll+0x3323da]
V  [jvm.dll+0x21c201]
V  [jvm.dll+0x21b621]
V  [jvm.dll+0x1a4fdd]
V  [jvm.dll+0x22b098]
V  [jvm.dll+0x229159]
V  [jvm.dll+0x7f81ec]
V  [jvm.dll+0x7f274a]
V  [jvm.dll+0x682ad5]
C  [ucrtbase.dll+0x29363]
C  [KERNEL32.DLL+0x1257d]
C  [ntdll.dll+0x5aa58]


---------------  P R O C E S S  ---------------

Threads class SMR info:
_java_thread_list=0x00000192399fd150, length=125, elements={
0x000001921880ff30, 0x000001923267f660, 0x0000019232684c80, 0x0000019232650450,
0x0000019232651810, 0x00000192326523c0, 0x0000019232652d70, 0x000001923301c340,
0x000001923301dc50, 0x00000192330225a0, 0x00000192331ded80, 0x00000192331e3470,
0x0000019234b99e10, 0x00000192346ac290, 0x00000192346ab8f0, 0x00000192346ad5d0,
0x00000192346adaa0, 0x00000192346ae440, 0x00000192346adf70, 0x00000192346ae910,
0x00000192346aede0, 0x00000192346af2b0, 0x00000192346acc30, 0x00000192346ac760,
0x00000192346ad100, 0x00000192346abdc0, 0x0000019235be5350, 0x0000019235be1990,
0x0000019235be4010, 0x0000019235be3b40, 0x0000019235be3670, 0x0000019235be4e80,
0x0000019235be0ff0, 0x0000019235be49b0, 0x0000019235be14c0, 0x0000019235be6b60,
0x0000019235be0650, 0x0000019235be44e0, 0x0000019235be1e60, 0x0000019235be5820,
0x0000019235be0b20, 0x0000019235be31a0, 0x0000019236387210, 0x0000019236383380,
0x00000192363863a0, 0x0000019236384b90, 0x0000019236388080, 0x0000019236388550,
0x0000019236385060, 0x0000019235bdf7e0, 0x0000019235bdfcb0, 0x00000192342360a0,
0x00000192342343c0, 0x0000019234236570, 0x00000192342373e0, 0x0000019234238720,
0x0000019234236a40, 0x0000019234237d80, 0x00000192342378b0, 0x0000019234233550,
0x0000019234238250, 0x0000019234233ef0, 0x0000019234236f10, 0x0000019234238bf0,
0x0000019234234890, 0x000001923423a400, 0x00000192342390c0, 0x0000019234235bd0,
0x0000019234239590, 0x0000019234239a60, 0x0000019234239f30, 0x000001923423a8d0,
0x0000019234235230, 0x0000019234233080, 0x0000019234233a20, 0x0000019234234d60,
0x0000019234235700, 0x000001923994f010, 0x000001923994c990, 0x0000019239949e40,
0x000001923994dcd0, 0x000001923994b180, 0x000001923994a310, 0x000001923994f9b0,
0x000001923994b650, 0x0000019239948b00, 0x000001923994bb20, 0x000001923994d800,
0x000001923994bff0, 0x000001923994ce60, 0x000001923994f4e0, 0x000001923994a7e0,
0x000001923994fe80, 0x000001923994c4c0, 0x0000019239948fd0, 0x0000019239950350,
0x0000019239949970, 0x000001923994acb0, 0x000001923994e670, 0x000001923994d330,
0x000001923994e1a0, 0x00000192399494a0, 0x000001923994eb40, 0x000001923b984c60,
0x000001923b987c80, 0x000001923b986e10, 0x000001923b9877b0, 0x000001923b9872e0,
0x000001923b982ab0, 0x000001923b983df0, 0x000001923b986470, 0x000001923b988fc0,
0x000001923b983920, 0x000001923b9842c0, 0x000001923b988150, 0x000001923b983450,
0x000001923b988620, 0x000001923b982f80, 0x000001923b9825e0, 0x000001923b988af0,
0x000001923b981770, 0x000001923b984790, 0x000001923b981c40, 0x000001923b982110,
0x0000019235e1adb0
}

Java Threads: ( => current thread )
  0x000001921880ff30 JavaThread "main" [_thread_blocked, id=4828, stack(0x0000004693500000,0x0000004693600000)]
  0x000001923267f660 JavaThread "Reference Handler" daemon [_thread_blocked, id=12636, stack(0x0000004693c00000,0x0000004693d00000)]
  0x0000019232684c80 JavaThread "Finalizer" daemon [_thread_blocked, id=980, stack(0x0000004693d00000,0x0000004693e00000)]
  0x0000019232650450 JavaThread "Signal Dispatcher" daemon [_thread_blocked, id=2232, stack(0x0000004693e00000,0x0000004693f00000)]
  0x0000019232651810 JavaThread "Attach Listener" daemon [_thread_blocked, id=8916, stack(0x0000004693f00000,0x0000004694000000)]
  0x00000192326523c0 JavaThread "Service Thread" daemon [_thread_blocked, id=5044, stack(0x0000004694000000,0x0000004694100000)]
  0x0000019232652d70 JavaThread "Monitor Deflation Thread" daemon [_thread_blocked, id=6060, stack(0x0000004694100000,0x0000004694200000)]
=>0x000001923301c340 JavaThread "C2 CompilerThread0" daemon [_thread_in_native, id=11124, stack(0x0000004694200000,0x0000004694300000)]
  0x000001923301dc50 JavaThread "C1 CompilerThread0" daemon [_thread_blocked, id=2060, stack(0x0000004694300000,0x0000004694400000)]
  0x00000192330225a0 JavaThread "Sweeper thread" daemon [_thread_blocked, id=12676, stack(0x0000004694400000,0x0000004694500000)]
  0x00000192331ded80 JavaThread "Common-Cleaner" daemon [_thread_blocked, id=3108, stack(0x0000004694500000,0x0000004694600000)]
  0x00000192331e3470 JavaThread "Notification Thread" daemon [_thread_blocked, id=13964, stack(0x0000004694600000,0x0000004694700000)]
  0x0000019234b99e10 JavaThread "Daemon health stats" [_thread_blocked, id=12424, stack(0x0000004694c00000,0x0000004694d00000)]
  0x00000192346ac290 JavaThread "Incoming local TCP Connector on port 55608" [_thread_in_native, id=12800, stack(0x0000004694d00000,0x0000004694e00000)]
  0x00000192346ab8f0 JavaThread "Daemon periodic checks" [_thread_blocked, id=244, stack(0x0000004694e00000,0x0000004694f00000)]
  0x00000192346ad5d0 JavaThread "Daemon" [_thread_blocked, id=12316, stack(0x0000004694f00000,0x0000004695000000)]
  0x00000192346adaa0 JavaThread "Handler for socket connection from /127.0.0.1:55608 to /127.0.0.1:55609" [_thread_in_native, id=9520, stack(0x0000004695000000,0x0000004695100000)]
  0x00000192346ae440 JavaThread "Cancel handler" [_thread_blocked, id=3068, stack(0x0000004695100000,0x0000004695200000)]
  0x00000192346adf70 JavaThread "Daemon worker" [_thread_in_vm, id=8392, stack(0x0000004695200000,0x0000004695300000)]
  0x00000192346ae910 JavaThread "Asynchronous log dispatcher for DefaultDaemonConnection: socket connection from /127.0.0.1:55608 to /127.0.0.1:55609" [_thread_blocked, id=9524, stack(0x0000004695300000,0x0000004695400000)]
  0x00000192346aede0 JavaThread "Stdin handler" [_thread_blocked, id=10164, stack(0x0000004695400000,0x0000004695500000)]
  0x00000192346af2b0 JavaThread "Daemon client event forwarder" [_thread_blocked, id=12576, stack(0x0000004695500000,0x0000004695600000)]
  0x00000192346acc30 JavaThread "Cache worker for journal cache (C:\Users\hp\.gradle\caches\journal-1)" [_thread_blocked, id=7824, stack(0x0000004695a00000,0x0000004695b00000)]
  0x00000192346ac760 JavaThread "File lock request listener" [_thread_in_native, id=1700, stack(0x0000004695b00000,0x0000004695c00000)]
  0x00000192346ad100 JavaThread "Cache worker for file hash cache (C:\Users\hp\.gradle\caches\8.0\fileHashes)" [_thread_blocked, id=10528, stack(0x0000004695c00000,0x0000004695d00000)]
  0x00000192346abdc0 JavaThread "File watcher server" daemon [_thread_in_native, id=11268, stack(0x0000004695d00000,0x0000004695e00000)]
  0x0000019235be5350 JavaThread "File watcher consumer" daemon [_thread_blocked, id=1240, stack(0x0000004695e00000,0x0000004695f00000)]
  0x0000019235be1990 JavaThread "jar transforms" [_thread_blocked, id=4612, stack(0x0000004695f00000,0x0000004696000000)]
  0x0000019235be4010 JavaThread "jar transforms Thread 2" [_thread_blocked, id=2140, stack(0x0000004696000000,0x0000004696100000)]
  0x0000019235be3b40 JavaThread "jar transforms Thread 3" [_thread_blocked, id=2936, stack(0x0000004696100000,0x0000004696200000)]
  0x0000019235be3670 JavaThread "jar transforms Thread 4" [_thread_blocked, id=13580, stack(0x0000004696200000,0x0000004696300000)]
  0x0000019235be4e80 JavaThread "jar transforms Thread 5" [_thread_blocked, id=8520, stack(0x0000004696300000,0x0000004696400000)]
  0x0000019235be0ff0 JavaThread "jar transforms Thread 6" [_thread_blocked, id=3172, stack(0x0000004696400000,0x0000004696500000)]
  0x0000019235be49b0 JavaThread "jar transforms Thread 7" [_thread_blocked, id=13624, stack(0x0000004696500000,0x0000004696600000)]
  0x0000019235be14c0 JavaThread "jar transforms Thread 8" [_thread_blocked, id=2444, stack(0x0000004696600000,0x0000004696700000)]
  0x0000019235be6b60 JavaThread "Cache worker for checksums cache (C:\Users\hp\Desktop\Main_Projects\LPUveggii\.gradle\8.0\checksums)" [_thread_blocked, id=11108, stack(0x0000004696800000,0x0000004696900000)]
  0x0000019235be0650 JavaThread "Cache worker for cache directory md-rule (C:\Users\hp\.gradle\caches\8.0\md-rule)" [_thread_blocked, id=11160, stack(0x0000004696900000,0x0000004696a00000)]
  0x0000019235be44e0 JavaThread "Cache worker for file content cache (C:\Users\hp\.gradle\caches\8.0\fileContent)" [_thread_blocked, id=7804, stack(0x0000004696a00000,0x0000004696b00000)]
  0x0000019235be1e60 JavaThread "Cache worker for file hash cache (C:\Users\hp\Desktop\Main_Projects\LPUveggii\.gradle\8.0\fileHashes)" [_thread_blocked, id=3616, stack(0x0000004696b00000,0x0000004696c00000)]
  0x0000019235be5820 JavaThread "Cache worker for cache directory md-supplier (C:\Users\hp\.gradle\caches\8.0\md-supplier)" [_thread_blocked, id=3800, stack(0x0000004696c00000,0x0000004696d00000)]
  0x0000019235be0b20 JavaThread "Cache worker for execution history cache (C:\Users\hp\.gradle\caches\8.0\executionHistory)" [_thread_blocked, id=7852, stack(0x0000004696700000,0x0000004696800000)]
  0x0000019235be31a0 JavaThread "Cache worker for kotlin-dsl (C:\Users\hp\.gradle\caches\8.0\kotlin-dsl)" [_thread_blocked, id=6492, stack(0x0000004696d00000,0x0000004696e00000)]
  0x0000019236387210 JavaThread "Cache worker for dependencies-accessors (C:\Users\hp\Desktop\Main_Projects\LPUveggii\.gradle\8.0\dependencies-accessors)" [_thread_blocked, id=7924, stack(0x0000004696e00000,0x0000004696f00000)]
  0x0000019236383380 JavaThread "Cache worker for Build Output Cleanup Cache (C:\Users\hp\Desktop\Main_Projects\LPUveggii\.gradle\buildOutputCleanup)" [_thread_blocked, id=6660, stack(0x0000004693200000,0x0000004693300000)]
  0x00000192363863a0 JavaThread "Unconstrained build operations" [_thread_blocked, id=7900, stack(0x0000004697600000,0x0000004697700000)]
  0x0000019236384b90 JavaThread "Unconstrained build operations Thread 2" [_thread_blocked, id=5032, stack(0x0000004697700000,0x0000004697800000)]
  0x0000019236388080 JavaThread "Unconstrained build operations Thread 3" [_thread_blocked, id=8408, stack(0x0000004697800000,0x0000004697900000)]
  0x0000019236388550 JavaThread "Unconstrained build operations Thread 4" [_thread_blocked, id=8212, stack(0x0000004697900000,0x0000004697a00000)]
  0x0000019236385060 JavaThread "Unconstrained build operations Thread 5" [_thread_blocked, id=9780, stack(0x0000004697a00000,0x0000004697b00000)]
  0x0000019235bdf7e0 JavaThread "Unconstrained build operations Thread 6" [_thread_blocked, id=6888, stack(0x0000004697b00000,0x0000004697c00000)]
  0x0000019235bdfcb0 JavaThread "Unconstrained build operations Thread 7" [_thread_blocked, id=9096, stack(0x0000004697c00000,0x0000004697d00000)]
  0x00000192342360a0 JavaThread "Unconstrained build operations Thread 8" [_thread_blocked, id=2940, stack(0x0000004697d00000,0x0000004697e00000)]
  0x00000192342343c0 JavaThread "Unconstrained build operations Thread 9" [_thread_blocked, id=10448, stack(0x0000004697e00000,0x0000004697f00000)]
  0x0000019234236570 JavaThread "Unconstrained build operations Thread 10" [_thread_blocked, id=9892, stack(0x0000004697f00000,0x0000004698000000)]
  0x00000192342373e0 JavaThread "Unconstrained build operations Thread 11" [_thread_blocked, id=2828, stack(0x0000004698000000,0x0000004698100000)]
  0x0000019234238720 JavaThread "Unconstrained build operations Thread 12" [_thread_blocked, id=2736, stack(0x0000004698100000,0x0000004698200000)]
  0x0000019234236a40 JavaThread "Unconstrained build operations Thread 13" [_thread_blocked, id=11952, stack(0x0000004698200000,0x0000004698300000)]
  0x0000019234237d80 JavaThread "Unconstrained build operations Thread 14" [_thread_blocked, id=8500, stack(0x0000004698300000,0x0000004698400000)]
  0x00000192342378b0 JavaThread "Unconstrained build operations Thread 15" [_thread_blocked, id=8380, stack(0x0000004698400000,0x0000004698500000)]
  0x0000019234233550 JavaThread "Unconstrained build operations Thread 16" [_thread_blocked, id=808, stack(0x0000004698500000,0x0000004698600000)]
  0x0000019234238250 JavaThread "Unconstrained build operations Thread 17" [_thread_blocked, id=7404, stack(0x0000004698600000,0x0000004698700000)]
  0x0000019234233ef0 JavaThread "Unconstrained build operations Thread 18" [_thread_blocked, id=2340, stack(0x0000004698800000,0x0000004698900000)]
  0x0000019234236f10 JavaThread "Unconstrained build operations Thread 19" [_thread_blocked, id=288, stack(0x0000004698900000,0x0000004698a00000)]
  0x0000019234238bf0 JavaThread "Unconstrained build operations Thread 20" [_thread_blocked, id=12836, stack(0x0000004698a00000,0x0000004698b00000)]
  0x0000019234234890 JavaThread "Unconstrained build operations Thread 21" [_thread_blocked, id=3328, stack(0x0000004698b00000,0x0000004698c00000)]
  0x000001923423a400 JavaThread "Unconstrained build operations Thread 22" [_thread_blocked, id=1668, stack(0x0000004698c00000,0x0000004698d00000)]
  0x00000192342390c0 JavaThread "Unconstrained build operations Thread 23" [_thread_blocked, id=13848, stack(0x0000004698d00000,0x0000004698e00000)]
  0x0000019234235bd0 JavaThread "Unconstrained build operations Thread 24" [_thread_blocked, id=2512, stack(0x0000004698e00000,0x0000004698f00000)]
  0x0000019234239590 JavaThread "Unconstrained build operations Thread 25" [_thread_blocked, id=2328, stack(0x0000004698f00000,0x0000004699000000)]
  0x0000019234239a60 JavaThread "Unconstrained build operations Thread 26" [_thread_blocked, id=7208, stack(0x0000004699000000,0x0000004699100000)]
  0x0000019234239f30 JavaThread "Unconstrained build operations Thread 27" [_thread_blocked, id=2128, stack(0x0000004699100000,0x0000004699200000)]
  0x000001923423a8d0 JavaThread "Unconstrained build operations Thread 28" [_thread_blocked, id=1920, stack(0x0000004699200000,0x0000004699300000)]
  0x0000019234235230 JavaThread "Unconstrained build operations Thread 29" [_thread_blocked, id=10220, stack(0x0000004699300000,0x0000004699400000)]
  0x0000019234233080 JavaThread "Unconstrained build operations Thread 30" [_thread_blocked, id=1200, stack(0x0000004699400000,0x0000004699500000)]
  0x0000019234233a20 JavaThread "Unconstrained build operations Thread 31" [_thread_blocked, id=9456, stack(0x0000004699500000,0x0000004699600000)]
  0x0000019234234d60 JavaThread "Unconstrained build operations Thread 32" [_thread_blocked, id=11812, stack(0x0000004699600000,0x0000004699700000)]
  0x0000019234235700 JavaThread "Unconstrained build operations Thread 33" [_thread_blocked, id=10088, stack(0x0000004699700000,0x0000004699800000)]
  0x000001923994f010 JavaThread "Unconstrained build operations Thread 34" [_thread_blocked, id=9104, stack(0x0000004699800000,0x0000004699900000)]
  0x000001923994c990 JavaThread "Unconstrained build operations Thread 35" [_thread_blocked, id=1956, stack(0x0000004699900000,0x0000004699a00000)]
  0x0000019239949e40 JavaThread "Unconstrained build operations Thread 36" [_thread_blocked, id=2160, stack(0x0000004699a00000,0x0000004699b00000)]
  0x000001923994dcd0 JavaThread "Unconstrained build operations Thread 37" [_thread_blocked, id=12932, stack(0x0000004699b00000,0x0000004699c00000)]
  0x000001923994b180 JavaThread "Unconstrained build operations Thread 38" [_thread_blocked, id=14204, stack(0x0000004699c00000,0x0000004699d00000)]
  0x000001923994a310 JavaThread "Unconstrained build operations Thread 39" [_thread_blocked, id=13936, stack(0x0000004699d00000,0x0000004699e00000)]
  0x000001923994f9b0 JavaThread "Unconstrained build operations Thread 40" [_thread_blocked, id=9152, stack(0x0000004699e00000,0x0000004699f00000)]
  0x000001923994b650 JavaThread "Unconstrained build operations Thread 41" [_thread_blocked, id=10692, stack(0x0000004699f00000,0x000000469a000000)]
  0x0000019239948b00 JavaThread "Unconstrained build operations Thread 42" [_thread_blocked, id=13336, stack(0x000000469a000000,0x000000469a100000)]
  0x000001923994bb20 JavaThread "Unconstrained build operations Thread 43" [_thread_blocked, id=5996, stack(0x000000469a100000,0x000000469a200000)]
  0x000001923994d800 JavaThread "Unconstrained build operations Thread 44" [_thread_blocked, id=5364, stack(0x000000469a200000,0x000000469a300000)]
  0x000001923994bff0 JavaThread "Unconstrained build operations Thread 45" [_thread_blocked, id=13824, stack(0x000000469a300000,0x000000469a400000)]
  0x000001923994ce60 JavaThread "Unconstrained build operations Thread 46" [_thread_blocked, id=6792, stack(0x000000469a400000,0x000000469a500000)]
  0x000001923994f4e0 JavaThread "Unconstrained build operations Thread 47" [_thread_blocked, id=9288, stack(0x000000469a500000,0x000000469a600000)]
  0x000001923994a7e0 JavaThread "Unconstrained build operations Thread 48" [_thread_blocked, id=10672, stack(0x000000469a600000,0x000000469a700000)]
  0x000001923994fe80 JavaThread "Unconstrained build operations Thread 49" [_thread_blocked, id=10128, stack(0x000000469a700000,0x000000469a800000)]
  0x000001923994c4c0 JavaThread "Unconstrained build operations Thread 50" [_thread_blocked, id=10368, stack(0x000000469a800000,0x000000469a900000)]
  0x0000019239948fd0 JavaThread "Unconstrained build operations Thread 51" [_thread_blocked, id=10256, stack(0x000000469a900000,0x000000469aa00000)]
  0x0000019239950350 JavaThread "Unconstrained build operations Thread 52" [_thread_blocked, id=4376, stack(0x000000469aa00000,0x000000469ab00000)]
  0x0000019239949970 JavaThread "Unconstrained build operations Thread 53" [_thread_blocked, id=13520, stack(0x000000469ab00000,0x000000469ac00000)]
  0x000001923994acb0 JavaThread "Unconstrained build operations Thread 54" [_thread_blocked, id=10160, stack(0x000000469ac00000,0x000000469ad00000)]
  0x000001923994e670 JavaThread "Unconstrained build operations Thread 55" [_thread_blocked, id=6128, stack(0x000000469ad00000,0x000000469ae00000)]
  0x000001923994d330 JavaThread "Unconstrained build operations Thread 56" [_thread_blocked, id=3128, stack(0x000000469ae00000,0x000000469af00000)]
  0x000001923994e1a0 JavaThread "Unconstrained build operations Thread 57" [_thread_blocked, id=268, stack(0x000000469af00000,0x000000469b000000)]
  0x00000192399494a0 JavaThread "Unconstrained build operations Thread 58" [_thread_blocked, id=10344, stack(0x000000469b000000,0x000000469b100000)]
  0x000001923994eb40 JavaThread "Unconstrained build operations Thread 59" [_thread_blocked, id=9940, stack(0x000000469b100000,0x000000469b200000)]
  0x000001923b984c60 JavaThread "Unconstrained build operations Thread 60" [_thread_blocked, id=9644, stack(0x000000469b200000,0x000000469b300000)]
  0x000001923b987c80 JavaThread "Unconstrained build operations Thread 61" [_thread_blocked, id=10996, stack(0x000000469b300000,0x000000469b400000)]
  0x000001923b986e10 JavaThread "Unconstrained build operations Thread 62" [_thread_blocked, id=10372, stack(0x000000469b400000,0x000000469b500000)]
  0x000001923b9877b0 JavaThread "Unconstrained build operations Thread 63" [_thread_blocked, id=11428, stack(0x000000469b500000,0x000000469b600000)]
  0x000001923b9872e0 JavaThread "Unconstrained build operations Thread 64" [_thread_blocked, id=10632, stack(0x000000469b600000,0x000000469b700000)]
  0x000001923b982ab0 JavaThread "Unconstrained build operations Thread 65" [_thread_blocked, id=11068, stack(0x000000469b700000,0x000000469b800000)]
  0x000001923b983df0 JavaThread "Unconstrained build operations Thread 66" [_thread_blocked, id=5976, stack(0x000000469b800000,0x000000469b900000)]
  0x000001923b986470 JavaThread "Unconstrained build operations Thread 67" [_thread_blocked, id=724, stack(0x000000469b900000,0x000000469ba00000)]
  0x000001923b988fc0 JavaThread "Unconstrained build operations Thread 68" [_thread_blocked, id=1652, stack(0x000000469ba00000,0x000000469bb00000)]
  0x000001923b983920 JavaThread "Unconstrained build operations Thread 69" [_thread_blocked, id=13056, stack(0x000000469bb00000,0x000000469bc00000)]
  0x000001923b9842c0 JavaThread "Unconstrained build operations Thread 70" [_thread_blocked, id=6652, stack(0x000000469bc00000,0x000000469bd00000)]
  0x000001923b988150 JavaThread "Unconstrained build operations Thread 71" [_thread_blocked, id=9240, stack(0x000000469bd00000,0x000000469be00000)]
  0x000001923b983450 JavaThread "Unconstrained build operations Thread 72" [_thread_blocked, id=2224, stack(0x000000469be00000,0x000000469bf00000)]
  0x000001923b988620 JavaThread "Unconstrained build operations Thread 73" [_thread_blocked, id=4748, stack(0x000000469bf00000,0x000000469c000000)]
  0x000001923b982f80 JavaThread "Unconstrained build operations Thread 74" [_thread_blocked, id=6268, stack(0x000000469c000000,0x000000469c100000)]
  0x000001923b9825e0 JavaThread "Unconstrained build operations Thread 75" [_thread_blocked, id=2760, stack(0x000000469c100000,0x000000469c200000)]
  0x000001923b988af0 JavaThread "Unconstrained build operations Thread 76" [_thread_blocked, id=4284, stack(0x000000469c200000,0x000000469c300000)]
  0x000001923b981770 JavaThread "Unconstrained build operations Thread 77" [_thread_blocked, id=1748, stack(0x000000469c300000,0x000000469c400000)]
  0x000001923b984790 JavaThread "Unconstrained build operations Thread 78" [_thread_blocked, id=4360, stack(0x000000469c400000,0x000000469c500000)]
  0x000001923b981c40 JavaThread "Unconstrained build operations Thread 79" [_thread_blocked, id=7308, stack(0x000000469c500000,0x000000469c600000)]
  0x000001923b982110 JavaThread "Unconstrained build operations Thread 80" [_thread_blocked, id=7484, stack(0x000000469c600000,0x000000469c700000)]
  0x0000019235e1adb0 JavaThread "C2 CompilerThread1" daemon [_thread_in_native, id=10052, stack(0x0000004698700000,0x0000004698800000)]

Other Threads:
  0x000001923266a930 VMThread "VM Thread" [stack: 0x0000004693b00000,0x0000004693c00000] [id=8080]
  0x00000192331c7290 WatcherThread [stack: 0x0000004694700000,0x0000004694800000] [id=9808]
  0x000001921886b0c0 GCTaskThread "GC Thread#0" [stack: 0x0000004693600000,0x0000004693700000] [id=6996]
  0x0000019233a4f650 GCTaskThread "GC Thread#1" [stack: 0x0000004694900000,0x0000004694a00000] [id=11644]
  0x0000019233f6f9f0 GCTaskThread "GC Thread#2" [stack: 0x0000004694a00000,0x0000004694b00000] [id=8752]
  0x00000192341bacd0 GCTaskThread "GC Thread#3" [stack: 0x0000004694b00000,0x0000004694c00000] [id=11736]
  0x00000192344e6c20 GCTaskThread "GC Thread#4" [stack: 0x0000004694800000,0x0000004694900000] [id=8584]
  0x0000019233674cc0 GCTaskThread "GC Thread#5" [stack: 0x0000004695600000,0x0000004695700000] [id=8496]
  0x0000019233674a10 GCTaskThread "GC Thread#6" [stack: 0x0000004695700000,0x0000004695800000] [id=4928]
  0x0000019233674f70 GCTaskThread "GC Thread#7" [stack: 0x0000004695800000,0x0000004695900000] [id=13160]
  0x000001921887c000 ConcurrentGCThread "G1 Main Marker" [stack: 0x0000004693700000,0x0000004693800000] [id=12052]
  0x000001921887ca10 ConcurrentGCThread "G1 Conc#0" [stack: 0x0000004693800000,0x0000004693900000] [id=12596]
  0x0000019233675a30 ConcurrentGCThread "G1 Conc#1" [stack: 0x0000004695900000,0x0000004695a00000] [id=13264]
  0x00000192188ce610 ConcurrentGCThread "G1 Refine#0" [stack: 0x0000004693900000,0x0000004693a00000] [id=1744]
  0x0000019237cc0c30 ConcurrentGCThread "G1 Refine#1" [stack: 0x0000004696f00000,0x0000004697000000] [id=12208]
  0x0000019237cc11f0 ConcurrentGCThread "G1 Refine#2" [stack: 0x0000004697000000,0x0000004697100000] [id=3752]
  0x0000019237cbfdd0 ConcurrentGCThread "G1 Refine#3" [stack: 0x0000004697100000,0x0000004697200000] [id=13016]
  0x0000019237cc0390 ConcurrentGCThread "G1 Refine#4" [stack: 0x0000004697200000,0x0000004697300000] [id=5480]
  0x0000019237cc0670 ConcurrentGCThread "G1 Refine#5" [stack: 0x0000004697300000,0x0000004697400000] [id=13020]
  0x00000192324b0200 ConcurrentGCThread "G1 Service" [stack: 0x0000004693a00000,0x0000004693b00000] [id=10136]

Threads with active compile tasks:
C2 CompilerThread0    57560 12185 % !   4       java.util.jar.Attributes::read @ 214 (494 bytes)
C2 CompilerThread1    57560 12186       4       java.lang.Class::privateGetDeclaredMethods (64 bytes)

VM state: not at safepoint (normal execution)

VM Mutex/Monitor currently owned by a thread: None

Heap address: 0x0000000080000000, size: 2048 MB, Compressed Oops mode: 32-bit

CDS archive(s) not mapped
Compressed class space mapped at: 0x0000000100000000-0x0000000140000000, reserved size: 1073741824
Narrow klass base: 0x0000000000000000, Narrow klass shift: 3, Narrow klass range: 0x140000000

GC Precious Log:
 CPUs: 8 total, 8 available
 Memory: 6021M
 Large Page Support: Disabled
 NUMA Support: Disabled
 Compressed Oops: Enabled (32-bit)
 Heap Region Size: 1M
 Heap Min Capacity: 8M
 Heap Initial Capacity: 96M
 Heap Max Capacity: 2G
 Pre-touch: Disabled
 Parallel Workers: 8
 Concurrent Workers: 2
 Concurrent Refinement Workers: 8
 Periodic GC: Disabled

Heap:
 garbage-first heap   total 256000K, used 196690K [0x0000000080000000, 0x0000000100000000)
  region size 1024K, 54 young (55296K), 5 survivors (5120K)
 Metaspace       used 125554K, committed 126336K, reserved 1163264K
  class space    used 15978K, committed 16320K, reserved 1048576K

Heap Regions: E=young(eden), S=young(survivor), O=old, HS=humongous(starts), HC=humongous(continues), CS=collection set, F=free, OA=open archive, CA=closed archive, TAMS=top-at-mark-start (previous, next)
|   0|0x0000000080000000, 0x0000000080100000, 0x0000000080100000|100%|HS|  |TAMS 0x0000000080100000, 0x0000000080000000| Complete 
|   1|0x0000000080100000, 0x0000000080200000, 0x0000000080200000|100%|HC|  |TAMS 0x0000000080200000, 0x0000000080100000| Complete 
|   2|0x0000000080200000, 0x0000000080300000, 0x0000000080300000|100%|HC|  |TAMS 0x0000000080300000, 0x0000000080200000| Complete 
|   3|0x0000000080300000, 0x0000000080400000, 0x0000000080400000|100%|HC|  |TAMS 0x0000000080400000, 0x0000000080300000| Complete 
|   4|0x0000000080400000, 0x0000000080500000, 0x0000000080500000|100%| O|  |TAMS 0x0000000080500000, 0x0000000080400000| Untracked 
|   5|0x0000000080500000, 0x0000000080600000, 0x0000000080600000|100%| O|  |TAMS 0x0000000080600000, 0x0000000080500000| Untracked 
|   6|0x0000000080600000, 0x0000000080700000, 0x0000000080700000|100%| O|  |TAMS 0x0000000080700000, 0x0000000080600000| Untracked 
|   7|0x0000000080700000, 0x0000000080800000, 0x0000000080800000|100%| O|  |TAMS 0x0000000080800000, 0x0000000080700000| Untracked 
|   8|0x0000000080800000, 0x0000000080900000, 0x0000000080900000|100%| O|  |TAMS 0x0000000080900000, 0x0000000080800000| Untracked 
|   9|0x0000000080900000, 0x0000000080a00000, 0x0000000080a00000|100%| O|  |TAMS 0x0000000080a00000, 0x0000000080900000| Untracked 
|  10|0x0000000080a00000, 0x0000000080b00000, 0x0000000080b00000|100%| O|  |TAMS 0x0000000080b00000, 0x0000000080a00000| Untracked 
|  11|0x0000000080b00000, 0x0000000080c00000, 0x0000000080c00000|100%| O|  |TAMS 0x0000000080c00000, 0x0000000080b00000| Untracked 
|  12|0x0000000080c00000, 0x0000000080d00000, 0x0000000080d00000|100%| O|  |TAMS 0x0000000080d00000, 0x0000000080c00000| Untracked 
|  13|0x0000000080d00000, 0x0000000080e00000, 0x0000000080e00000|100%| O|  |TAMS 0x0000000080e00000, 0x0000000080d00000| Untracked 
|  14|0x0000000080e00000, 0x0000000080f00000, 0x0000000080f00000|100%| O|  |TAMS 0x0000000080f00000, 0x0000000080e00000| Untracked 
|  15|0x0000000080f00000, 0x0000000081000000, 0x0000000081000000|100%| O|  |TAMS 0x0000000081000000, 0x0000000080f00000| Untracked 
|  16|0x0000000081000000, 0x0000000081100000, 0x0000000081100000|100%| O|  |TAMS 0x0000000081100000, 0x0000000081000000| Untracked 
|  17|0x0000000081100000, 0x0000000081200000, 0x0000000081200000|100%| O|  |TAMS 0x0000000081200000, 0x0000000081100000| Untracked 
|  18|0x0000000081200000, 0x0000000081300000, 0x0000000081300000|100%| O|  |TAMS 0x0000000081300000, 0x0000000081200000| Untracked 
|  19|0x0000000081300000, 0x0000000081400000, 0x0000000081400000|100%| O|  |TAMS 0x0000000081400000, 0x0000000081300000| Untracked 
|  20|0x0000000081400000, 0x0000000081500000, 0x0000000081500000|100%| O|  |TAMS 0x0000000081500000, 0x0000000081400000| Untracked 
|  21|0x0000000081500000, 0x0000000081600000, 0x0000000081600000|100%|HS|  |TAMS 0x0000000081600000, 0x0000000081500000| Complete 
|  22|0x0000000081600000, 0x0000000081700000, 0x0000000081700000|100%|HC|  |TAMS 0x0000000081700000, 0x0000000081600000| Complete 
|  23|0x0000000081700000, 0x0000000081800000, 0x0000000081800000|100%|HS|  |TAMS 0x0000000081800000, 0x0000000081700000| Complete 
|  24|0x0000000081800000, 0x0000000081900000, 0x0000000081900000|100%|HC|  |TAMS 0x0000000081900000, 0x0000000081800000| Complete 
|  25|0x0000000081900000, 0x0000000081a00000, 0x0000000081a00000|100%|HC|  |TAMS 0x0000000081a00000, 0x0000000081900000| Complete 
|  26|0x0000000081a00000, 0x0000000081b00000, 0x0000000081b00000|100%|HS|  |TAMS 0x0000000081b00000, 0x0000000081a00000| Complete 
|  27|0x0000000081b00000, 0x0000000081c00000, 0x0000000081c00000|100%|HC|  |TAMS 0x0000000081c00000, 0x0000000081b00000| Complete 
|  28|0x0000000081c00000, 0x0000000081d00000, 0x0000000081d00000|100%|HC|  |TAMS 0x0000000081d00000, 0x0000000081c00000| Complete 
|  29|0x0000000081d00000, 0x0000000081e00000, 0x0000000081e00000|100%| O|  |TAMS 0x0000000081e00000, 0x0000000081d00000| Untracked 
|  30|0x0000000081e00000, 0x0000000081f00000, 0x0000000081f00000|100%| O|  |TAMS 0x0000000081f00000, 0x0000000081e00000| Untracked 
|  31|0x0000000081f00000, 0x0000000082000000, 0x0000000082000000|100%| O|  |TAMS 0x0000000082000000, 0x0000000081f00000| Untracked 
|  32|0x0000000082000000, 0x0000000082100000, 0x0000000082100000|100%|HS|  |TAMS 0x0000000082100000, 0x0000000082000000| Complete 
|  33|0x0000000082100000, 0x0000000082200000, 0x0000000082200000|100%|HC|  |TAMS 0x0000000082200000, 0x0000000082100000| Complete 
|  34|0x0000000082200000, 0x0000000082300000, 0x0000000082300000|100%| O|  |TAMS 0x0000000082300000, 0x0000000082200000| Untracked 
|  35|0x0000000082300000, 0x0000000082400000, 0x0000000082400000|100%| O|  |TAMS 0x0000000082400000, 0x0000000082300000| Untracked 
|  36|0x0000000082400000, 0x0000000082500000, 0x0000000082500000|100%| O|  |TAMS 0x0000000082500000, 0x0000000082400000| Untracked 
|  37|0x0000000082500000, 0x0000000082600000, 0x0000000082600000|100%| O|  |TAMS 0x0000000082600000, 0x0000000082500000| Untracked 
|  38|0x0000000082600000, 0x0000000082700000, 0x0000000082700000|100%| O|  |TAMS 0x0000000082700000, 0x0000000082600000| Untracked 
|  39|0x0000000082700000, 0x0000000082800000, 0x0000000082800000|100%| O|  |TAMS 0x0000000082800000, 0x0000000082700000| Untracked 
|  40|0x0000000082800000, 0x0000000082900000, 0x0000000082900000|100%| O|  |TAMS 0x0000000082900000, 0x0000000082800000| Untracked 
|  41|0x0000000082900000, 0x0000000082a00000, 0x0000000082a00000|100%|HS|  |TAMS 0x0000000082a00000, 0x0000000082900000| Complete 
|  42|0x0000000082a00000, 0x0000000082b00000, 0x0000000082b00000|100%|HC|  |TAMS 0x0000000082b00000, 0x0000000082a00000| Complete 
|  43|0x0000000082b00000, 0x0000000082c00000, 0x0000000082c00000|100%|HC|  |TAMS 0x0000000082c00000, 0x0000000082b00000| Complete 
|  44|0x0000000082c00000, 0x0000000082d00000, 0x0000000082d00000|100%|HC|  |TAMS 0x0000000082d00000, 0x0000000082c00000| Complete 
|  45|0x0000000082d00000, 0x0000000082e00000, 0x0000000082e00000|100%|HC|  |TAMS 0x0000000082e00000, 0x0000000082d00000| Complete 
|  46|0x0000000082e00000, 0x0000000082f00000, 0x0000000082f00000|100%|HC|  |TAMS 0x0000000082f00000, 0x0000000082e00000| Complete 
|  47|0x0000000082f00000, 0x0000000083000000, 0x0000000083000000|100%|HC|  |TAMS 0x0000000083000000, 0x0000000082f00000| Complete 
|  48|0x0000000083000000, 0x0000000083100000, 0x0000000083100000|100%|HC|  |TAMS 0x0000000083100000, 0x0000000083000000| Complete 
|  49|0x0000000083100000, 0x0000000083200000, 0x0000000083200000|100%|HC|  |TAMS 0x0000000083200000, 0x0000000083100000| Complete 
|  50|0x0000000083200000, 0x0000000083300000, 0x0000000083300000|100%|HC|  |TAMS 0x0000000083300000, 0x0000000083200000| Complete 
|  51|0x0000000083300000, 0x0000000083400000, 0x0000000083400000|100%|HC|  |TAMS 0x0000000083400000, 0x0000000083300000| Complete 
|  52|0x0000000083400000, 0x0000000083500000, 0x0000000083500000|100%|HC|  |TAMS 0x0000000083500000, 0x0000000083400000| Complete 
|  53|0x0000000083500000, 0x0000000083600000, 0x0000000083600000|100%| O|  |TAMS 0x0000000083600000, 0x0000000083500000| Untracked 
|  54|0x0000000083600000, 0x0000000083700000, 0x0000000083700000|100%|HS|  |TAMS 0x0000000083700000, 0x0000000083600000| Complete 
|  55|0x0000000083700000, 0x0000000083800000, 0x0000000083800000|100%|HC|  |TAMS 0x0000000083800000, 0x0000000083700000| Complete 
|  56|0x0000000083800000, 0x0000000083900000, 0x0000000083900000|100%|HC|  |TAMS 0x0000000083900000, 0x0000000083800000| Complete 
|  57|0x0000000083900000, 0x0000000083a00000, 0x0000000083a00000|100%| O|  |TAMS 0x0000000083a00000, 0x0000000083900000| Untracked 
|  58|0x0000000083a00000, 0x0000000083b00000, 0x0000000083b00000|100%| O|  |TAMS 0x0000000083b00000, 0x0000000083a00000| Untracked 
|  59|0x0000000083b00000, 0x0000000083c00000, 0x0000000083c00000|100%|HS|  |TAMS 0x0000000083c00000, 0x0000000083b00000| Complete 
|  60|0x0000000083c00000, 0x0000000083d00000, 0x0000000083d00000|100%|HC|  |TAMS 0x0000000083d00000, 0x0000000083c00000| Complete 
|  61|0x0000000083d00000, 0x0000000083e00000, 0x0000000083e00000|100%|HC|  |TAMS 0x0000000083e00000, 0x0000000083d00000| Complete 
|  62|0x0000000083e00000, 0x0000000083f00000, 0x0000000083f00000|100%| O|  |TAMS 0x0000000083f00000, 0x0000000083e00000| Untracked 
|  63|0x0000000083f00000, 0x0000000084000000, 0x0000000084000000|100%| O|  |TAMS 0x0000000084000000, 0x0000000083f00000| Untracked 
|  64|0x0000000084000000, 0x0000000084100000, 0x0000000084100000|100%| O|  |TAMS 0x0000000084100000, 0x0000000084000000| Untracked 
|  65|0x0000000084100000, 0x0000000084200000, 0x0000000084200000|100%| O|  |TAMS 0x0000000084200000, 0x0000000084100000| Untracked 
|  66|0x0000000084200000, 0x0000000084300000, 0x0000000084300000|100%| O|  |TAMS 0x0000000084300000, 0x0000000084200000| Untracked 
|  67|0x0000000084300000, 0x0000000084400000, 0x0000000084400000|100%| O|  |TAMS 0x0000000084400000, 0x0000000084300000| Untracked 
|  68|0x0000000084400000, 0x0000000084500000, 0x0000000084500000|100%| O|  |TAMS 0x0000000084500000, 0x0000000084400000| Untracked 
|  69|0x0000000084500000, 0x0000000084600000, 0x0000000084600000|100%| O|  |TAMS 0x0000000084600000, 0x0000000084500000| Untracked 
|  70|0x0000000084600000, 0x0000000084700000, 0x0000000084700000|100%| O|  |TAMS 0x0000000084700000, 0x0000000084600000| Untracked 
|  71|0x0000000084700000, 0x0000000084800000, 0x0000000084800000|100%| O|  |TAMS 0x0000000084800000, 0x0000000084700000| Untracked 
|  72|0x0000000084800000, 0x0000000084900000, 0x0000000084900000|100%|HS|  |TAMS 0x0000000084900000, 0x0000000084800000| Complete 
|  73|0x0000000084900000, 0x0000000084a00000, 0x0000000084a00000|100%|HC|  |TAMS 0x0000000084a00000, 0x0000000084900000| Complete 
|  74|0x0000000084a00000, 0x0000000084b00000, 0x0000000084b00000|100%|HC|  |TAMS 0x0000000084b00000, 0x0000000084a00000| Complete 
|  75|0x0000000084b00000, 0x0000000084c00000, 0x0000000084c00000|100%|HC|  |TAMS 0x0000000084c00000, 0x0000000084b00000| Complete 
|  76|0x0000000084c00000, 0x0000000084d00000, 0x0000000084d00000|100%| O|  |TAMS 0x0000000084d00000, 0x0000000084c00000| Untracked 
|  77|0x0000000084d00000, 0x0000000084e00000, 0x0000000084e00000|100%|HS|  |TAMS 0x0000000084e00000, 0x0000000084d00000| Complete 
|  78|0x0000000084e00000, 0x0000000084f00000, 0x0000000084f00000|100%|HC|  |TAMS 0x0000000084f00000, 0x0000000084e00000| Complete 
|  79|0x0000000084f00000, 0x0000000085000000, 0x0000000085000000|100%|HC|  |TAMS 0x0000000085000000, 0x0000000084f00000| Complete 
|  80|0x0000000085000000, 0x0000000085100000, 0x0000000085100000|100%|HC|  |TAMS 0x0000000085100000, 0x0000000085000000| Complete 
|  81|0x0000000085100000, 0x0000000085200000, 0x0000000085200000|100%|HC|  |TAMS 0x0000000085200000, 0x0000000085100000| Complete 
|  82|0x0000000085200000, 0x0000000085300000, 0x0000000085300000|100%|HC|  |TAMS 0x0000000085300000, 0x0000000085200000| Complete 
|  83|0x0000000085300000, 0x0000000085400000, 0x0000000085400000|100%| O|  |TAMS 0x0000000085400000, 0x0000000085300000| Untracked 
|  84|0x0000000085400000, 0x0000000085500000, 0x0000000085500000|100%| O|  |TAMS 0x0000000085500000, 0x0000000085400000| Untracked 
|  85|0x0000000085500000, 0x0000000085600000, 0x0000000085600000|100%| O|  |TAMS 0x0000000085600000, 0x0000000085500000| Untracked 
|  86|0x0000000085600000, 0x0000000085700000, 0x0000000085700000|100%| O|  |TAMS 0x0000000085700000, 0x0000000085600000| Untracked 
|  87|0x0000000085700000, 0x0000000085800000, 0x0000000085800000|100%| O|  |TAMS 0x0000000085800000, 0x0000000085700000| Untracked 
|  88|0x0000000085800000, 0x0000000085900000, 0x0000000085900000|100%| O|  |TAMS 0x0000000085900000, 0x0000000085800000| Untracked 
|  89|0x0000000085900000, 0x0000000085a00000, 0x0000000085a00000|100%| O|  |TAMS 0x0000000085900000, 0x0000000085900000| Untracked 
|  90|0x0000000085a00000, 0x0000000085b00000, 0x0000000085b00000|100%| O|  |TAMS 0x0000000085b00000, 0x0000000085a00000| Untracked 
|  91|0x0000000085b00000, 0x0000000085c00000, 0x0000000085c00000|100%| O|  |TAMS 0x0000000085c00000, 0x0000000085b00000| Untracked 
|  92|0x0000000085c00000, 0x0000000085d00000, 0x0000000085d00000|100%| O|  |TAMS 0x0000000085d00000, 0x0000000085c00000| Untracked 
|  93|0x0000000085d00000, 0x0000000085e00000, 0x0000000085e00000|100%| O|  |TAMS 0x0000000085e00000, 0x0000000085d00000| Untracked 
|  94|0x0000000085e00000, 0x0000000085f00000, 0x0000000085f00000|100%| O|  |TAMS 0x0000000085f00000, 0x0000000085e00000| Untracked 
|  95|0x0000000085f00000, 0x0000000086000000, 0x0000000086000000|100%| O|  |TAMS 0x0000000086000000, 0x0000000085f00000| Untracked 
|  96|0x0000000086000000, 0x0000000086100000, 0x0000000086100000|100%| O|  |TAMS 0x0000000086100000, 0x0000000086000000| Untracked 
|  97|0x0000000086100000, 0x0000000086200000, 0x0000000086200000|100%| O|  |TAMS 0x0000000086200000, 0x0000000086100000| Untracked 
|  98|0x0000000086200000, 0x0000000086300000, 0x0000000086300000|100%| O|  |TAMS 0x0000000086300000, 0x0000000086200000| Untracked 
|  99|0x0000000086300000, 0x0000000086400000, 0x0000000086400000|100%| O|  |TAMS 0x0000000086400000, 0x0000000086300000| Untracked 
| 100|0x0000000086400000, 0x0000000086500000, 0x0000000086500000|100%| O|  |TAMS 0x0000000086500000, 0x0000000086400000| Complete 
| 101|0x0000000086500000, 0x0000000086600000, 0x0000000086600000|100%| O|  |TAMS 0x0000000086600000, 0x0000000086500000| Untracked 
| 102|0x0000000086600000, 0x0000000086700000, 0x0000000086700000|100%| O|  |TAMS 0x0000000086700000, 0x0000000086600000| Untracked 
| 103|0x0000000086700000, 0x0000000086800000, 0x0000000086800000|100%| O|  |TAMS 0x0000000086800000, 0x0000000086700000| Complete 
| 104|0x0000000086800000, 0x0000000086900000, 0x0000000086900000|100%| O|  |TAMS 0x0000000086800000, 0x0000000086800000| Untracked 
| 105|0x0000000086900000, 0x0000000086a00000, 0x0000000086a00000|100%| O|  |TAMS 0x0000000086a00000, 0x0000000086900000| Complete 
| 106|0x0000000086a00000, 0x0000000086b00000, 0x0000000086b00000|100%| O|  |TAMS 0x0000000086b00000, 0x0000000086a00000| Untracked 
| 107|0x0000000086b00000, 0x0000000086c00000, 0x0000000086c00000|100%| O|  |TAMS 0x0000000086b00000, 0x0000000086b00000| Untracked 
| 108|0x0000000086c00000, 0x0000000086d00000, 0x0000000086d00000|100%| O|  |TAMS 0x0000000086d00000, 0x0000000086c00000| Untracked 
| 109|0x0000000086d00000, 0x0000000086e00000, 0x0000000086e00000|100%| O|  |TAMS 0x0000000086e00000, 0x0000000086d00000| Untracked 
| 110|0x0000000086e00000, 0x0000000086f00000, 0x0000000086f00000|100%| O|  |TAMS 0x0000000086f00000, 0x0000000086e00000| Untracked 
| 111|0x0000000086f00000, 0x0000000087000000, 0x0000000087000000|100%| O|  |TAMS 0x0000000087000000, 0x0000000086f00000| Untracked 
| 112|0x0000000087000000, 0x0000000087100000, 0x0000000087100000|100%| O|  |TAMS 0x0000000087100000, 0x0000000087000000| Untracked 
| 113|0x0000000087100000, 0x0000000087200000, 0x0000000087200000|100%| O|  |TAMS 0x0000000087200000, 0x0000000087100000| Complete 
| 114|0x0000000087200000, 0x0000000087300000, 0x0000000087300000|100%|HS|  |TAMS 0x0000000087200000, 0x0000000087200000| Complete 
| 115|0x0000000087300000, 0x0000000087400000, 0x0000000087400000|100%|HC|  |TAMS 0x0000000087300000, 0x0000000087300000| Complete 
| 116|0x0000000087400000, 0x0000000087500000, 0x0000000087500000|100%| O|  |TAMS 0x0000000087500000, 0x0000000087400000| Complete 
| 117|0x0000000087500000, 0x0000000087600000, 0x0000000087600000|100%| O|  |TAMS 0x0000000087600000, 0x0000000087500000| Complete 
| 118|0x0000000087600000, 0x0000000087700000, 0x0000000087700000|100%| O|  |TAMS 0x0000000087700000, 0x0000000087600000| Untracked 
| 119|0x0000000087700000, 0x0000000087800000, 0x0000000087800000|100%| O|  |TAMS 0x0000000087800000, 0x0000000087700000| Untracked 
| 120|0x0000000087800000, 0x0000000087900000, 0x0000000087900000|100%| O|  |TAMS 0x0000000087900000, 0x0000000087800000| Complete 
| 121|0x0000000087900000, 0x0000000087a00000, 0x0000000087a00000|100%| O|  |TAMS 0x0000000087a00000, 0x0000000087900000| Untracked 
| 122|0x0000000087a00000, 0x0000000087b00000, 0x0000000087b00000|100%| O|  |TAMS 0x0000000087b00000, 0x0000000087a00000| Untracked 
| 123|0x0000000087b00000, 0x0000000087c00000, 0x0000000087c00000|100%| O|  |TAMS 0x0000000087c00000, 0x0000000087b00000| Untracked 
| 124|0x0000000087c00000, 0x0000000087d00000, 0x0000000087d00000|100%| O|  |TAMS 0x0000000087d00000, 0x0000000087c00000| Untracked 
| 125|0x0000000087d00000, 0x0000000087e00000, 0x0000000087e00000|100%| O|  |TAMS 0x0000000087e00000, 0x0000000087d00000| Untracked 
| 126|0x0000000087e00000, 0x0000000087f00000, 0x0000000087f00000|100%| O|  |TAMS 0x0000000087f00000, 0x0000000087e00000| Untracked 
| 127|0x0000000087f00000, 0x0000000088000000, 0x0000000088000000|100%| O|  |TAMS 0x0000000088000000, 0x0000000087f00000| Untracked 
| 128|0x0000000088000000, 0x0000000088100000, 0x0000000088100000|100%| O|  |TAMS 0x0000000088100000, 0x0000000088000000| Untracked 
| 129|0x0000000088100000, 0x0000000088200000, 0x0000000088200000|100%| O|  |TAMS 0x000000008815fc00, 0x0000000088100000| Untracked 
| 130|0x0000000088200000, 0x0000000088300000, 0x0000000088300000|100%| O|  |TAMS 0x0000000088200000, 0x0000000088200000| Untracked 
| 131|0x0000000088300000, 0x00000000883f5e00, 0x0000000088400000| 96%| O|  |TAMS 0x0000000088300000, 0x0000000088300000| Untracked 
| 132|0x0000000088400000, 0x0000000088500000, 0x0000000088500000|100%|HS|  |TAMS 0x0000000088400000, 0x0000000088400000| Complete 
| 133|0x0000000088500000, 0x0000000088600000, 0x0000000088600000|100%|HS|  |TAMS 0x0000000088500000, 0x0000000088500000| Complete 
| 134|0x0000000088600000, 0x0000000088700000, 0x0000000088700000|100%|HS|  |TAMS 0x0000000088600000, 0x0000000088600000| Complete 
| 135|0x0000000088700000, 0x0000000088800000, 0x0000000088800000|100%|HS|  |TAMS 0x0000000088700000, 0x0000000088700000| Complete 
| 136|0x0000000088800000, 0x0000000088900000, 0x0000000088900000|100%|HC|  |TAMS 0x0000000088800000, 0x0000000088800000| Complete 
| 137|0x0000000088900000, 0x0000000088a00000, 0x0000000088a00000|100%|HC|  |TAMS 0x0000000088900000, 0x0000000088900000| Complete 
| 138|0x0000000088a00000, 0x0000000088b00000, 0x0000000088b00000|100%|HC|  |TAMS 0x0000000088a00000, 0x0000000088a00000| Complete 
| 139|0x0000000088b00000, 0x0000000088c00000, 0x0000000088c00000|100%|HS|  |TAMS 0x0000000088b00000, 0x0000000088b00000| Complete 
| 140|0x0000000088c00000, 0x0000000088c00000, 0x0000000088d00000|  0%| F|  |TAMS 0x0000000088c00000, 0x0000000088c00000| Untracked 
| 141|0x0000000088d00000, 0x0000000088d00000, 0x0000000088e00000|  0%| F|  |TAMS 0x0000000088d00000, 0x0000000088d00000| Untracked 
| 142|0x0000000088e00000, 0x0000000088e00000, 0x0000000088f00000|  0%| F|  |TAMS 0x0000000088e00000, 0x0000000088e00000| Untracked 
| 143|0x0000000088f00000, 0x0000000088f00000, 0x0000000089000000|  0%| F|  |TAMS 0x0000000088f00000, 0x0000000088f00000| Untracked 
| 144|0x0000000089000000, 0x0000000089000000, 0x0000000089100000|  0%| F|  |TAMS 0x0000000089000000, 0x0000000089000000| Untracked 
| 145|0x0000000089100000, 0x0000000089100000, 0x0000000089200000|  0%| F|  |TAMS 0x0000000089100000, 0x0000000089100000| Untracked 
| 146|0x0000000089200000, 0x0000000089200000, 0x0000000089300000|  0%| F|  |TAMS 0x0000000089200000, 0x0000000089200000| Untracked 
| 147|0x0000000089300000, 0x0000000089300000, 0x0000000089400000|  0%| F|  |TAMS 0x0000000089300000, 0x0000000089300000| Untracked 
| 148|0x0000000089400000, 0x0000000089400000, 0x0000000089500000|  0%| F|  |TAMS 0x0000000089400000, 0x0000000089400000| Untracked 
| 149|0x0000000089500000, 0x0000000089500000, 0x0000000089600000|  0%| F|  |TAMS 0x0000000089500000, 0x0000000089500000| Untracked 
| 150|0x0000000089600000, 0x0000000089600000, 0x0000000089700000|  0%| F|  |TAMS 0x0000000089600000, 0x0000000089600000| Untracked 
| 151|0x0000000089700000, 0x0000000089700000, 0x0000000089800000|  0%| F|  |TAMS 0x0000000089700000, 0x0000000089700000| Untracked 
| 152|0x0000000089800000, 0x0000000089800000, 0x0000000089900000|  0%| F|  |TAMS 0x0000000089800000, 0x0000000089800000| Untracked 
| 153|0x0000000089900000, 0x0000000089900000, 0x0000000089a00000|  0%| F|  |TAMS 0x0000000089900000, 0x0000000089900000| Untracked 
| 154|0x0000000089a00000, 0x0000000089a00000, 0x0000000089b00000|  0%| F|  |TAMS 0x0000000089a00000, 0x0000000089a00000| Untracked 
| 155|0x0000000089b00000, 0x0000000089b00000, 0x0000000089c00000|  0%| F|  |TAMS 0x0000000089b00000, 0x0000000089b00000| Untracked 
| 156|0x0000000089c00000, 0x0000000089c00000, 0x0000000089d00000|  0%| F|  |TAMS 0x0000000089c00000, 0x0000000089c00000| Untracked 
| 157|0x0000000089d00000, 0x0000000089d00000, 0x0000000089e00000|  0%| F|  |TAMS 0x0000000089d00000, 0x0000000089d00000| Untracked 
| 158|0x0000000089e00000, 0x0000000089e00000, 0x0000000089f00000|  0%| F|  |TAMS 0x0000000089e00000, 0x0000000089e00000| Untracked 
| 159|0x0000000089f00000, 0x0000000089f00000, 0x000000008a000000|  0%| F|  |TAMS 0x0000000089f00000, 0x0000000089f00000| Untracked 
| 160|0x000000008a000000, 0x000000008a000000, 0x000000008a100000|  0%| F|  |TAMS 0x000000008a000000, 0x000000008a000000| Untracked 
| 161|0x000000008a100000, 0x000000008a100000, 0x000000008a200000|  0%| F|  |TAMS 0x000000008a100000, 0x000000008a100000| Untracked 
| 162|0x000000008a200000, 0x000000008a200000, 0x000000008a300000|  0%| F|  |TAMS 0x000000008a200000, 0x000000008a200000| Untracked 
| 163|0x000000008a300000, 0x000000008a300000, 0x000000008a400000|  0%| F|  |TAMS 0x000000008a300000, 0x000000008a300000| Untracked 
| 164|0x000000008a400000, 0x000000008a400000, 0x000000008a500000|  0%| F|  |TAMS 0x000000008a400000, 0x000000008a400000| Untracked 
| 165|0x000000008a500000, 0x000000008a500000, 0x000000008a600000|  0%| F|  |TAMS 0x000000008a500000, 0x000000008a500000| Untracked 
| 166|0x000000008a600000, 0x000000008a600000, 0x000000008a700000|  0%| F|  |TAMS 0x000000008a600000, 0x000000008a600000| Untracked 
| 167|0x000000008a700000, 0x000000008a700000, 0x000000008a800000|  0%| F|  |TAMS 0x000000008a700000, 0x000000008a700000| Untracked 
| 168|0x000000008a800000, 0x000000008a800000, 0x000000008a900000|  0%| F|  |TAMS 0x000000008a800000, 0x000000008a800000| Untracked 
| 169|0x000000008a900000, 0x000000008a900000, 0x000000008aa00000|  0%| F|  |TAMS 0x000000008a900000, 0x000000008a900000| Untracked 
| 170|0x000000008aa00000, 0x000000008aa00000, 0x000000008ab00000|  0%| F|  |TAMS 0x000000008aa00000, 0x000000008aa00000| Untracked 
| 171|0x000000008ab00000, 0x000000008ab00000, 0x000000008ac00000|  0%| F|  |TAMS 0x000000008ab00000, 0x000000008ab00000| Untracked 
| 172|0x000000008ac00000, 0x000000008ac00000, 0x000000008ad00000|  0%| F|  |TAMS 0x000000008ac00000, 0x000000008ac00000| Untracked 
| 173|0x000000008ad00000, 0x000000008ad00000, 0x000000008ae00000|  0%| F|  |TAMS 0x000000008ad00000, 0x000000008ad00000| Untracked 
| 174|0x000000008ae00000, 0x000000008ae00000, 0x000000008af00000|  0%| F|  |TAMS 0x000000008ae00000, 0x000000008ae00000| Untracked 
| 175|0x000000008af00000, 0x000000008af00000, 0x000000008b000000|  0%| F|  |TAMS 0x000000008af00000, 0x000000008af00000| Untracked 
| 176|0x000000008b000000, 0x000000008b000000, 0x000000008b100000|  0%| F|  |TAMS 0x000000008b000000, 0x000000008b000000| Untracked 
| 177|0x000000008b100000, 0x000000008b100000, 0x000000008b200000|  0%| F|  |TAMS 0x000000008b100000, 0x000000008b100000| Untracked 
| 178|0x000000008b200000, 0x000000008b200000, 0x000000008b300000|  0%| F|  |TAMS 0x000000008b200000, 0x000000008b200000| Untracked 
| 179|0x000000008b300000, 0x000000008b300000, 0x000000008b400000|  0%| F|  |TAMS 0x000000008b300000, 0x000000008b300000| Untracked 
| 180|0x000000008b400000, 0x000000008b400000, 0x000000008b500000|  0%| F|  |TAMS 0x000000008b400000, 0x000000008b400000| Untracked 
| 181|0x000000008b500000, 0x000000008b500000, 0x000000008b600000|  0%| F|  |TAMS 0x000000008b500000, 0x000000008b500000| Untracked 
| 182|0x000000008b600000, 0x000000008b600000, 0x000000008b700000|  0%| F|  |TAMS 0x000000008b600000, 0x000000008b600000| Untracked 
| 183|0x000000008b700000, 0x000000008b700000, 0x000000008b800000|  0%| F|  |TAMS 0x000000008b700000, 0x000000008b700000| Untracked 
| 184|0x000000008b800000, 0x000000008b800000, 0x000000008b900000|  0%| F|  |TAMS 0x000000008b800000, 0x000000008b800000| Untracked 
| 185|0x000000008b900000, 0x000000008b900000, 0x000000008ba00000|  0%| F|  |TAMS 0x000000008b900000, 0x000000008b900000| Untracked 
| 186|0x000000008ba00000, 0x000000008ba00000, 0x000000008bb00000|  0%| F|  |TAMS 0x000000008ba00000, 0x000000008ba00000| Untracked 
| 187|0x000000008bb00000, 0x000000008bb00000, 0x000000008bc00000|  0%| F|  |TAMS 0x000000008bb00000, 0x000000008bb00000| Untracked 
| 188|0x000000008bc00000, 0x000000008bc00000, 0x000000008bd00000|  0%| F|  |TAMS 0x000000008bc00000, 0x000000008bc00000| Untracked 
| 189|0x000000008bd00000, 0x000000008bd00000, 0x000000008be00000|  0%| F|  |TAMS 0x000000008bd00000, 0x000000008bd00000| Untracked 
| 190|0x000000008be00000, 0x000000008be00000, 0x000000008bf00000|  0%| F|  |TAMS 0x000000008be00000, 0x000000008be00000| Untracked 
| 191|0x000000008bf00000, 0x000000008bf00000, 0x000000008c000000|  0%| F|  |TAMS 0x000000008bf00000, 0x000000008bf00000| Untracked 
| 192|0x000000008c000000, 0x000000008c000000, 0x000000008c100000|  0%| F|  |TAMS 0x000000008c000000, 0x000000008c000000| Untracked 
| 193|0x000000008c100000, 0x000000008c100000, 0x000000008c200000|  0%| F|  |TAMS 0x000000008c100000, 0x000000008c100000| Untracked 
| 194|0x000000008c200000, 0x000000008c200000, 0x000000008c300000|  0%| F|  |TAMS 0x000000008c200000, 0x000000008c200000| Untracked 
| 195|0x000000008c300000, 0x000000008c300000, 0x000000008c400000|  0%| F|  |TAMS 0x000000008c300000, 0x000000008c300000| Untracked 
| 196|0x000000008c400000, 0x000000008c500000, 0x000000008c500000|100%| E|  |TAMS 0x000000008c400000, 0x000000008c400000| Complete 
| 197|0x000000008c500000, 0x000000008c600000, 0x000000008c600000|100%| E|CS|TAMS 0x000000008c500000, 0x000000008c500000| Complete 
| 198|0x000000008c600000, 0x000000008c700000, 0x000000008c700000|100%| E|CS|TAMS 0x000000008c600000, 0x000000008c600000| Complete 
| 199|0x000000008c700000, 0x000000008c800000, 0x000000008c800000|100%| E|CS|TAMS 0x000000008c700000, 0x000000008c700000| Complete 
| 200|0x000000008c800000, 0x000000008c900000, 0x000000008c900000|100%| E|CS|TAMS 0x000000008c800000, 0x000000008c800000| Complete 
| 201|0x000000008c900000, 0x000000008ca00000, 0x000000008ca00000|100%| E|CS|TAMS 0x000000008c900000, 0x000000008c900000| Complete 
| 202|0x000000008ca00000, 0x000000008cb00000, 0x000000008cb00000|100%| E|CS|TAMS 0x000000008ca00000, 0x000000008ca00000| Complete 
| 203|0x000000008cb00000, 0x000000008cc00000, 0x000000008cc00000|100%| E|CS|TAMS 0x000000008cb00000, 0x000000008cb00000| Complete 
| 204|0x000000008cc00000, 0x000000008cd00000, 0x000000008cd00000|100%| E|CS|TAMS 0x000000008cc00000, 0x000000008cc00000| Complete 
| 205|0x000000008cd00000, 0x000000008ce00000, 0x000000008ce00000|100%| E|CS|TAMS 0x000000008cd00000, 0x000000008cd00000| Complete 
| 206|0x000000008ce00000, 0x000000008cf00000, 0x000000008cf00000|100%| E|CS|TAMS 0x000000008ce00000, 0x000000008ce00000| Complete 
| 207|0x000000008cf00000, 0x000000008d000000, 0x000000008d000000|100%| E|CS|TAMS 0x000000008cf00000, 0x000000008cf00000| Complete 
| 208|0x000000008d000000, 0x000000008d100000, 0x000000008d100000|100%| E|CS|TAMS 0x000000008d000000, 0x000000008d000000| Complete 
| 209|0x000000008d100000, 0x000000008d11ec20, 0x000000008d200000| 12%| S|CS|TAMS 0x000000008d100000, 0x000000008d100000| Complete 
| 210|0x000000008d200000, 0x000000008d300000, 0x000000008d300000|100%| S|CS|TAMS 0x000000008d200000, 0x000000008d200000| Complete 
| 211|0x000000008d300000, 0x000000008d400000, 0x000000008d400000|100%| S|CS|TAMS 0x000000008d300000, 0x000000008d300000| Complete 
| 212|0x000000008d400000, 0x000000008d500000, 0x000000008d500000|100%| S|CS|TAMS 0x000000008d400000, 0x000000008d400000| Complete 
| 213|0x000000008d500000, 0x000000008d600000, 0x000000008d600000|100%| S|CS|TAMS 0x000000008d500000, 0x000000008d500000| Complete 
| 214|0x000000008d600000, 0x000000008d700000, 0x000000008d700000|100%| E|CS|TAMS 0x000000008d600000, 0x000000008d600000| Complete 
| 215|0x000000008d700000, 0x000000008d800000, 0x000000008d800000|100%| E|CS|TAMS 0x000000008d700000, 0x000000008d700000| Complete 
| 216|0x000000008d800000, 0x000000008d900000, 0x000000008d900000|100%| E|CS|TAMS 0x000000008d800000, 0x000000008d800000| Complete 
| 217|0x000000008d900000, 0x000000008da00000, 0x000000008da00000|100%| E|CS|TAMS 0x000000008d900000, 0x000000008d900000| Complete 
| 218|0x000000008da00000, 0x000000008db00000, 0x000000008db00000|100%| E|CS|TAMS 0x000000008da00000, 0x000000008da00000| Complete 
| 219|0x000000008db00000, 0x000000008dc00000, 0x000000008dc00000|100%| E|CS|TAMS 0x000000008db00000, 0x000000008db00000| Complete 
| 220|0x000000008dc00000, 0x000000008dd00000, 0x000000008dd00000|100%| E|CS|TAMS 0x000000008dc00000, 0x000000008dc00000| Complete 
| 221|0x000000008dd00000, 0x000000008de00000, 0x000000008de00000|100%| E|CS|TAMS 0x000000008dd00000, 0x000000008dd00000| Complete 
| 222|0x000000008de00000, 0x000000008df00000, 0x000000008df00000|100%| E|CS|TAMS 0x000000008de00000, 0x000000008de00000| Complete 
| 223|0x000000008df00000, 0x000000008e000000, 0x000000008e000000|100%| E|CS|TAMS 0x000000008df00000, 0x000000008df00000| Complete 
| 224|0x000000008e000000, 0x000000008e100000, 0x000000008e100000|100%| E|CS|TAMS 0x000000008e000000, 0x000000008e000000| Complete 
| 225|0x000000008e100000, 0x000000008e200000, 0x000000008e200000|100%| E|CS|TAMS 0x000000008e100000, 0x000000008e100000| Complete 
| 226|0x000000008e200000, 0x000000008e300000, 0x000000008e300000|100%| E|CS|TAMS 0x000000008e200000, 0x000000008e200000| Complete 
| 227|0x000000008e300000, 0x000000008e400000, 0x000000008e400000|100%| E|CS|TAMS 0x000000008e300000, 0x000000008e300000| Complete 
| 228|0x000000008e400000, 0x000000008e500000, 0x000000008e500000|100%| E|CS|TAMS 0x000000008e400000, 0x000000008e400000| Complete 
| 229|0x000000008e500000, 0x000000008e600000, 0x000000008e600000|100%| E|CS|TAMS 0x000000008e500000, 0x000000008e500000| Complete 
| 230|0x000000008e600000, 0x000000008e700000, 0x000000008e700000|100%| E|CS|TAMS 0x000000008e600000, 0x000000008e600000| Complete 
| 231|0x000000008e700000, 0x000000008e800000, 0x000000008e800000|100%| E|CS|TAMS 0x000000008e700000, 0x000000008e700000| Complete 
| 232|0x000000008e800000, 0x000000008e900000, 0x000000008e900000|100%| E|CS|TAMS 0x000000008e800000, 0x000000008e800000| Complete 
| 233|0x000000008e900000, 0x000000008ea00000, 0x000000008ea00000|100%| E|CS|TAMS 0x000000008e900000, 0x000000008e900000| Complete 
| 234|0x000000008ea00000, 0x000000008eb00000, 0x000000008eb00000|100%| E|CS|TAMS 0x000000008ea00000, 0x000000008ea00000| Complete 
| 235|0x000000008eb00000, 0x000000008ec00000, 0x000000008ec00000|100%| E|CS|TAMS 0x000000008eb00000, 0x000000008eb00000| Complete 
| 236|0x000000008ec00000, 0x000000008ed00000, 0x000000008ed00000|100%| E|CS|TAMS 0x000000008ec00000, 0x000000008ec00000| Complete 
| 237|0x000000008ed00000, 0x000000008ee00000, 0x000000008ee00000|100%| E|CS|TAMS 0x000000008ed00000, 0x000000008ed00000| Complete 
| 238|0x000000008ee00000, 0x000000008ef00000, 0x000000008ef00000|100%| E|CS|TAMS 0x000000008ee00000, 0x000000008ee00000| Complete 
| 239|0x000000008ef00000, 0x000000008f000000, 0x000000008f000000|100%| E|CS|TAMS 0x000000008ef00000, 0x000000008ef00000| Complete 
| 240|0x000000008f000000, 0x000000008f100000, 0x000000008f100000|100%| E|CS|TAMS 0x000000008f000000, 0x000000008f000000| Complete 
| 241|0x000000008f100000, 0x000000008f200000, 0x000000008f200000|100%| E|CS|TAMS 0x000000008f100000, 0x000000008f100000| Complete 
| 242|0x000000008f200000, 0x000000008f300000, 0x000000008f300000|100%| E|CS|TAMS 0x000000008f200000, 0x000000008f200000| Complete 
| 243|0x000000008f300000, 0x000000008f400000, 0x000000008f400000|100%| E|CS|TAMS 0x000000008f300000, 0x000000008f300000| Complete 
| 244|0x000000008f400000, 0x000000008f500000, 0x000000008f500000|100%| E|CS|TAMS 0x000000008f400000, 0x000000008f400000| Complete 
| 245|0x000000008f500000, 0x000000008f600000, 0x000000008f600000|100%| E|CS|TAMS 0x000000008f500000, 0x000000008f500000| Complete 
| 246|0x000000008f600000, 0x000000008f700000, 0x000000008f700000|100%| E|CS|TAMS 0x000000008f600000, 0x000000008f600000| Complete 
| 247|0x000000008f700000, 0x000000008f800000, 0x000000008f800000|100%| E|CS|TAMS 0x000000008f700000, 0x000000008f700000| Complete 
| 248|0x000000008f800000, 0x000000008f900000, 0x000000008f900000|100%| E|CS|TAMS 0x000000008f800000, 0x000000008f800000| Complete 
| 249|0x000000008f900000, 0x000000008fa00000, 0x000000008fa00000|100%| E|CS|TAMS 0x000000008f900000, 0x000000008f900000| Complete 

Card table byte_map: [0x000001922b400000,0x000001922b800000] _byte_map_base: 0x000001922b000000

Marking Bits (Prev, Next): (CMBitMap*) 0x000001921886b710, (CMBitMap*) 0x000001921886b6d0
 Prev Bits: [0x000001922dc00000, 0x000001922fc00000)
 Next Bits: [0x000001922bc00000, 0x000001922dc00000)

Polling page: 0x0000019216790000

Metaspace:

Usage:
  Non-class:    107.03 MB used.
      Class:     15.61 MB used.
       Both:    122.64 MB used.

Virtual space:
  Non-class space:      112.00 MB reserved,     107.44 MB ( 96%) committed,  14 nodes.
      Class space:        1.00 GB reserved,      15.94 MB (  2%) committed,  1 nodes.
             Both:        1.11 GB reserved,     123.38 MB ( 11%) committed. 

Chunk freelists:
   Non-Class:  592.00 KB
       Class:  80.00 KB
        Both:  672.00 KB

MaxMetaspaceSize: unlimited
CompressedClassSpaceSize: 1.00 GB
Initial GC threshold: 21.00 MB
Current GC threshold: 195.00 MB
CDS: off
MetaspaceReclaimPolicy: balanced
 - commit_granule_bytes: 65536.
 - commit_granule_words: 8192.
 - virtual_space_node_default_size: 1048576.
 - enlarge_chunks_in_place: 1.
 - new_chunks_are_fully_committed: 0.
 - uncommit_free_chunks: 1.
 - use_allocation_guard: 0.
 - handle_deallocations: 1.


Internal statistics:

num_allocs_failed_limit: 3.
num_arena_births: 840.
num_arena_deaths: 0.
num_vsnodes_births: 15.
num_vsnodes_deaths: 0.
num_space_committed: 1972.
num_space_uncommitted: 0.
num_chunks_returned_to_freelist: 3.
num_chunks_taken_from_freelist: 5050.
num_chunk_merges: 3.
num_chunk_splits: 3918.
num_chunks_enlarged: 3207.
num_purges: 0.
num_inconsistent_stats: 0.

CodeHeap 'non-profiled nmethods': size=120000Kb used=5938Kb max_used=5938Kb free=114061Kb
 bounds [0x00000192237a0000, 0x0000019223d70000, 0x000001922acd0000]
CodeHeap 'profiled nmethods': size=120000Kb used=23116Kb max_used=23116Kb free=96883Kb
 bounds [0x000001921bcd0000, 0x000001921d370000, 0x0000019223200000]
CodeHeap 'non-nmethods': size=5760Kb used=2509Kb max_used=2550Kb free=3250Kb
 bounds [0x0000019223200000, 0x0000019223490000, 0x00000192237a0000]
 total_blobs=11830 nmethods=10765 adapters=974
 compilation: enabled
              stopped_count=0, restarted_count=0
 full_count=0

Compilation events (20 events):
Event: 57.430 Thread 0x000001923301dc50 12265       1       org.gradle.api.internal.provider.DefaultProperty::publicType (3 bytes)
Event: 57.430 Thread 0x000001923301dc50 nmethod 12265 0x0000019223d69310 code [0x0000019223d694a0, 0x0000019223d69578]
Event: 57.430 Thread 0x000001923301dc50 12266       1       org.gradle.api.internal.provider.sources.GradlePropertyValueSource$Parameters_Decorated::publicType (3 bytes)
Event: 57.430 Thread 0x000001923301dc50 nmethod 12266 0x0000019223d69610 code [0x0000019223d697a0, 0x0000019223d69878]
Event: 57.431 Thread 0x000001923301dc50 12267       3       org.gradle.api.internal.provider.sources.GradlePropertyValueSource$Inject::$gradleServices (13 bytes)
Event: 57.432 Thread 0x000001923301dc50 nmethod 12267 0x000001921d353990 code [0x000001921d353b40, 0x000001921d353ec8]
Event: 57.432 Thread 0x000001923301dc50 12268       1       org.gradle.api.internal.provider.DefaultValueSourceProviderFactory::access$300 (5 bytes)
Event: 57.432 Thread 0x000001923301dc50 nmethod 12268 0x0000019223d69910 code [0x0000019223d69aa0, 0x0000019223d69b58]
Event: 57.432 Thread 0x000001923301dc50 12269       3       com.google.common.collect.ImmutableMap$Builder::buildOrThrow (6 bytes)
Event: 57.432 Thread 0x000001923301dc50 nmethod 12269 0x000001921d354010 code [0x000001921d3541a0, 0x000001921d3542e8]
Event: 57.444 Thread 0x000001923301dc50 12270       3       com.google.common.collect.AbstractIndexedListIterator::hasNext (17 bytes)
Event: 57.444 Thread 0x000001923301dc50 nmethod 12270 0x000001921d354390 code [0x000001921d354520, 0x000001921d354698]
Event: 57.444 Thread 0x000001923301dc50 12271       3       java.util.HashMap$EntrySet::size (8 bytes)
Event: 57.445 Thread 0x000001923301dc50 nmethod 12271 0x000001921d354710 code [0x000001921d3548a0, 0x000001921d3549b8]
Event: 57.449 Thread 0x000001923301dc50 12272       3       com.google.common.collect.ImmutableMap::builder (8 bytes)
Event: 57.450 Thread 0x000001923301dc50 nmethod 12272 0x000001921d354a90 code [0x000001921d354c40, 0x000001921d354f98]
Event: 57.452 Thread 0x000001923301dc50 12273       3       com.google.common.reflect.Types::disallowPrimitiveType (63 bytes)
Event: 57.453 Thread 0x000001923301dc50 nmethod 12273 0x000001921d355110 code [0x000001921d3552e0, 0x000001921d355788]
Event: 57.454 Thread 0x000001923301dc50 12274       3       com.google.common.collect.Hashing::smear (19 bytes)
Event: 57.454 Thread 0x000001923301dc50 nmethod 12274 0x000001921d355910 code [0x000001921d355aa0, 0x000001921d355c18]

GC Heap History (20 events):
Event: 37.186 GC heap before
{Heap before GC invocations=46 (full 0):
 garbage-first heap   total 215040K, used 178977K [0x0000000080000000, 0x0000000100000000)
  region size 1024K, 73 young (74752K), 4 survivors (4096K)
 Metaspace       used 99246K, committed 99840K, reserved 1138688K
  class space    used 12972K, committed 13248K, reserved 1048576K
}
Event: 37.195 GC heap after
{Heap after GC invocations=47 (full 0):
 garbage-first heap   total 215040K, used 112591K [0x0000000080000000, 0x0000000100000000)
  region size 1024K, 8 young (8192K), 8 survivors (8192K)
 Metaspace       used 99246K, committed 99840K, reserved 1138688K
  class space    used 12972K, committed 13248K, reserved 1048576K
}
Event: 39.900 GC heap before
{Heap before GC invocations=47 (full 0):
 garbage-first heap   total 215040K, used 173007K [0x0000000080000000, 0x0000000100000000)
  region size 1024K, 67 young (68608K), 8 survivors (8192K)
 Metaspace       used 108394K, committed 108992K, reserved 1146880K
  class space    used 13973K, committed 14272K, reserved 1048576K
}
Event: 39.913 GC heap after
{Heap after GC invocations=48 (full 0):
 garbage-first heap   total 215040K, used 113656K [0x0000000080000000, 0x0000000100000000)
  region size 1024K, 6 young (6144K), 6 survivors (6144K)
 Metaspace       used 108394K, committed 108992K, reserved 1146880K
  class space    used 13973K, committed 14272K, reserved 1048576K
}
Event: 41.052 GC heap before
{Heap before GC invocations=49 (full 0):
 garbage-first heap   total 215040K, used 178168K [0x0000000080000000, 0x0000000100000000)
  region size 1024K, 68 young (69632K), 6 survivors (6144K)
 Metaspace       used 108643K, committed 109312K, reserved 1146880K
  class space    used 13973K, committed 14272K, reserved 1048576K
}
Event: 41.080 GC heap after
{Heap after GC invocations=50 (full 0):
 garbage-first heap   total 215040K, used 120362K [0x0000000080000000, 0x0000000100000000)
  region size 1024K, 9 young (9216K), 9 survivors (9216K)
 Metaspace       used 108643K, committed 109312K, reserved 1146880K
  class space    used 13973K, committed 14272K, reserved 1048576K
}
Event: 41.094 GC heap before
{Heap before GC invocations=50 (full 0):
 garbage-first heap   total 215040K, used 121386K [0x0000000080000000, 0x0000000100000000)
  region size 1024K, 10 young (10240K), 9 survivors (9216K)
 Metaspace       used 108650K, committed 109312K, reserved 1146880K
  class space    used 13973K, committed 14272K, reserved 1048576K
}
Event: 41.108 GC heap after
{Heap after GC invocations=51 (full 0):
 garbage-first heap   total 215040K, used 120611K [0x0000000080000000, 0x0000000100000000)
  region size 1024K, 1 young (1024K), 1 survivors (1024K)
 Metaspace       used 108650K, committed 109312K, reserved 1146880K
  class space    used 13973K, committed 14272K, reserved 1048576K
}
Event: 48.065 GC heap before
{Heap before GC invocations=51 (full 0):
 garbage-first heap   total 215040K, used 175907K [0x0000000080000000, 0x0000000100000000)
  region size 1024K, 56 young (57344K), 1 survivors (1024K)
 Metaspace       used 113086K, committed 113728K, reserved 1155072K
  class space    used 14617K, committed 14912K, reserved 1048576K
}
Event: 48.076 GC heap after
{Heap after GC invocations=52 (full 0):
 garbage-first heap   total 215040K, used 125056K [0x0000000080000000, 0x0000000100000000)
  region size 1024K, 6 young (6144K), 6 survivors (6144K)
 Metaspace       used 113086K, committed 113728K, reserved 1155072K
  class space    used 14617K, committed 14912K, reserved 1048576K
}
Event: 48.506 GC heap before
{Heap before GC invocations=52 (full 0):
 garbage-first heap   total 215040K, used 144512K [0x0000000080000000, 0x0000000100000000)
  region size 1024K, 26 young (26624K), 6 survivors (6144K)
 Metaspace       used 113162K, committed 113856K, reserved 1155072K
  class space    used 14617K, committed 14912K, reserved 1048576K
}
Event: 48.517 GC heap after
{Heap after GC invocations=53 (full 0):
 garbage-first heap   total 215040K, used 128678K [0x0000000080000000, 0x0000000100000000)
  region size 1024K, 4 young (4096K), 4 survivors (4096K)
 Metaspace       used 113162K, committed 113856K, reserved 1155072K
  class space    used 14617K, committed 14912K, reserved 1048576K
}
Event: 49.558 GC heap before
{Heap before GC invocations=54 (full 0):
 garbage-first heap   total 256000K, used 179878K [0x0000000080000000, 0x0000000100000000)
  region size 1024K, 53 young (54272K), 4 survivors (4096K)
 Metaspace       used 113532K, committed 114176K, reserved 1155072K
  class space    used 14638K, committed 14912K, reserved 1048576K
}
Event: 49.566 GC heap after
{Heap after GC invocations=55 (full 0):
 garbage-first heap   total 256000K, used 132260K [0x0000000080000000, 0x0000000100000000)
  region size 1024K, 7 young (7168K), 7 survivors (7168K)
 Metaspace       used 113532K, committed 114176K, reserved 1155072K
  class space    used 14638K, committed 14912K, reserved 1048576K
}
Event: 49.592 GC heap before
{Heap before GC invocations=55 (full 0):
 garbage-first heap   total 256000K, used 137380K [0x0000000080000000, 0x0000000100000000)
  region size 1024K, 12 young (12288K), 7 survivors (7168K)
 Metaspace       used 113532K, committed 114176K, reserved 1155072K
  class space    used 14638K, committed 14912K, reserved 1048576K
}
Event: 49.600 GC heap after
{Heap after GC invocations=56 (full 0):
 garbage-first heap   total 256000K, used 130581K [0x0000000080000000, 0x0000000100000000)
  region size 1024K, 2 young (2048K), 2 survivors (2048K)
 Metaspace       used 113532K, committed 114176K, reserved 1155072K
  class space    used 14638K, committed 14912K, reserved 1048576K
}
Event: 53.801 GC heap before
{Heap before GC invocations=56 (full 0):
 garbage-first heap   total 256000K, used 205333K [0x0000000080000000, 0x0000000100000000)
  region size 1024K, 76 young (77824K), 2 survivors (2048K)
 Metaspace       used 118250K, committed 118912K, reserved 1155072K
  class space    used 15118K, committed 15424K, reserved 1048576K
}
Event: 53.814 GC heap after
{Heap after GC invocations=57 (full 0):
 garbage-first heap   total 256000K, used 135862K [0x0000000080000000, 0x0000000100000000)
  region size 1024K, 7 young (7168K), 7 survivors (7168K)
 Metaspace       used 118250K, committed 118912K, reserved 1155072K
  class space    used 15118K, committed 15424K, reserved 1048576K
}
Event: 55.165 GC heap before
{Heap before GC invocations=57 (full 0):
 garbage-first heap   total 256000K, used 170678K [0x0000000080000000, 0x0000000100000000)
  region size 1024K, 43 young (44032K), 7 survivors (7168K)
 Metaspace       used 119123K, committed 119808K, reserved 1155072K
  class space    used 15212K, committed 15488K, reserved 1048576K
}
Event: 55.176 GC heap after
{Heap after GC invocations=58 (full 0):
 garbage-first heap   total 256000K, used 139346K [0x0000000080000000, 0x0000000100000000)
  region size 1024K, 5 young (5120K), 5 survivors (5120K)
 Metaspace       used 119123K, committed 119808K, reserved 1155072K
  class space    used 15212K, committed 15488K, reserved 1048576K
}

Dll operation events (2 events):
Event: 0.105 Loaded shared library C:\Program Files\Android\Android Studio1\jbr\bin\java.dll
Event: 2.136 Loaded shared library C:\Program Files\Android\Android Studio1\jbr\bin\verify.dll

Deoptimization events (20 events):
Event: 56.519 Thread 0x00000192346adf70 Uncommon trap: trap_request=0xffffffc6 fr.pc=0x00000192238f2244 relative=0x0000000000000c44
Event: 56.519 Thread 0x00000192346adf70 Uncommon trap: reason=bimorphic_or_optimized_type_check action=maybe_recompile pc=0x00000192238f2244 method=java.util.Properties$LineReader.readLine()I @ 479 c2
Event: 56.519 Thread 0x00000192346adf70 DEOPT PACKING pc=0x00000192238f2244 sp=0x00000046952f6df0
Event: 56.519 Thread 0x00000192346adf70 DEOPT UNPACKING pc=0x00000192232569a3 sp=0x00000046952f6d88 mode 2
Event: 56.519 Thread 0x00000192346adf70 Uncommon trap: trap_request=0xffffffde fr.pc=0x000001922393557c relative=0x00000000000001bc
Event: 56.519 Thread 0x00000192346adf70 Uncommon trap: reason=class_check action=maybe_recompile pc=0x000001922393557c method=java.io.BufferedInputStream.read1([BII)I @ 39 c2
Event: 56.519 Thread 0x00000192346adf70 DEOPT PACKING pc=0x000001922393557c sp=0x00000046952f6c30
Event: 56.519 Thread 0x00000192346adf70 DEOPT UNPACKING pc=0x00000192232569a3 sp=0x00000046952f6be8 mode 2
Event: 56.657 Thread 0x00000192346adf70 Uncommon trap: trap_request=0xffffff45 fr.pc=0x0000019223cb3c60 relative=0x00000000000002a0
Event: 56.657 Thread 0x00000192346adf70 Uncommon trap: reason=unstable_if action=reinterpret pc=0x0000019223cb3c60 method=org.gradle.internal.instantiation.generator.AbstractClassGenerator$InjectionAnnotationValidator.validateMethod(Ljava/lang/reflect/Method;Lorg/gradle/internal/reflect/Propert
Event: 56.657 Thread 0x00000192346adf70 DEOPT PACKING pc=0x0000019223cb3c60 sp=0x00000046952f6610
Event: 56.657 Thread 0x00000192346adf70 DEOPT UNPACKING pc=0x00000192232569a3 sp=0x00000046952f65d8 mode 2
Event: 56.657 Thread 0x00000192346adf70 Uncommon trap: trap_request=0xffffffde fr.pc=0x000001922394a30c relative=0x00000000000042ac
Event: 56.657 Thread 0x00000192346adf70 Uncommon trap: reason=class_check action=maybe_recompile pc=0x000001922394a30c method=java.lang.reflect.Executable.getAnnotation(Ljava/lang/Class;)Ljava/lang/annotation/Annotation; @ 19 c2
Event: 56.657 Thread 0x00000192346adf70 DEOPT PACKING pc=0x000001922394a30c sp=0x00000046952f6470
Event: 56.657 Thread 0x00000192346adf70 DEOPT UNPACKING pc=0x00000192232569a3 sp=0x00000046952f6498 mode 2
Event: 56.657 Thread 0x00000192346adf70 Uncommon trap: trap_request=0xffffffde fr.pc=0x0000019223d5857c relative=0x00000000000001bc
Event: 56.657 Thread 0x00000192346adf70 Uncommon trap: reason=class_check action=maybe_recompile pc=0x0000019223d5857c method=org.gradle.internal.instantiation.generator.AbstractClassGenerator$InjectionAnnotationValidator.validateMethod(Ljava/lang/reflect/Method;Lorg/gradle/internal/reflect/Pro
Event: 56.657 Thread 0x00000192346adf70 DEOPT PACKING pc=0x0000019223d5857c sp=0x00000046952f65a0
Event: 56.657 Thread 0x00000192346adf70 DEOPT UNPACKING pc=0x00000192232569a3 sp=0x00000046952f6540 mode 2

Classes unloaded (0 events):
No events

Classes redefined (0 events):
No events

Internal exceptions (20 events):
Event: 41.991 Thread 0x00000192346adf70 Exception <a 'java/lang/IncompatibleClassChangeError'{0x000000008c6cbec0}: Found class java.lang.Object, but interface was expected> (0x000000008c6cbec0) 
thrown [s\src\hotspot\share\interpreter\linkResolver.cpp, line 838]
Event: 44.474 Thread 0x00000192346adf70 Exception <a 'java/lang/ClassNotFoundException'{0x000000008b14b1b0}: org/jetbrains/plugins/gradle/model/web/WebConfigurationBeanInfo> (0x000000008b14b1b0) 
thrown [s\src\hotspot\share\classfile\systemDictionary.cpp, line 256]
Event: 44.476 Thread 0x00000192346adf70 Exception <a 'java/lang/ClassNotFoundException'{0x000000008b153508}: org/jetbrains/plugins/gradle/model/web/WebConfigurationCustomizer> (0x000000008b153508) 
thrown [s\src\hotspot\share\classfile\systemDictionary.cpp, line 256]
Event: 44.483 Thread 0x00000192346adf70 Exception <a 'java/lang/ClassNotFoundException'{0x000000008b1717a8}: org/jetbrains/plugins/gradle/model/scala/ScalaModelBeanInfo> (0x000000008b1717a8) 
thrown [s\src\hotspot\share\classfile\systemDictionary.cpp, line 256]
Event: 44.484 Thread 0x00000192346adf70 Exception <a 'java/lang/ClassNotFoundException'{0x000000008b179a80}: org/jetbrains/plugins/gradle/model/scala/ScalaModelCustomizer> (0x000000008b179a80) 
thrown [s\src\hotspot\share\classfile\systemDictionary.cpp, line 256]
Event: 44.502 Thread 0x00000192346adf70 Exception <a 'java/lang/ClassNotFoundException'{0x000000008b1aabc0}: org/jetbrains/plugins/gradle/model/DependencyAccessorsModelBeanInfo> (0x000000008b1aabc0) 
thrown [s\src\hotspot\share\classfile\systemDictionary.cpp, line 256]
Event: 44.504 Thread 0x00000192346adf70 Exception <a 'java/lang/ClassNotFoundException'{0x000000008b1b2f40}: org/jetbrains/plugins/gradle/model/DependencyAccessorsModelCustomizer> (0x000000008b1b2f40) 
thrown [s\src\hotspot\share\classfile\systemDictionary.cpp, line 256]
Event: 44.935 Thread 0x00000192346adf70 Exception <a 'java/lang/ClassNotFoundException'{0x000000008a943de8}: org/gradle/api/internal/project/DefaultProject_DecoratedBeanInfo> (0x000000008a943de8) 
thrown [s\src\hotspot\share\classfile\systemDictionary.cpp, line 256]
Event: 44.938 Thread 0x00000192346adf70 Exception <a 'java/lang/ClassNotFoundException'{0x000000008a9508e0}: org/gradle/api/internal/project/DefaultProjectBeanInfo> (0x000000008a9508e0) 
thrown [s\src\hotspot\share\classfile\systemDictionary.cpp, line 256]
Event: 44.939 Thread 0x00000192346adf70 Exception <a 'java/lang/ClassNotFoundException'{0x000000008a95d3e0}: org/gradle/api/internal/project/DefaultProjectCustomizer> (0x000000008a95d3e0) 
thrown [s\src\hotspot\share\classfile\systemDictionary.cpp, line 256]
Event: 44.948 Thread 0x00000192346adf70 Exception <a 'java/lang/ClassNotFoundException'{0x000000008a806d38}: org/gradle/api/internal/project/DefaultProject_DecoratedCustomizer> (0x000000008a806d38) 
thrown [s\src\hotspot\share\classfile\systemDictionary.cpp, line 256]
Event: 52.215 Thread 0x00000192346adf70 Exception <a 'java/lang/NoSuchMethodError'{0x000000008d04ded8}: 'java.lang.Object java.lang.invoke.DirectMethodHandle$Holder.newInvokeSpecial(java.lang.Object, java.lang.Object, java.lang.Object, java.lang.Object, java.lang.Object, int)'> (0x000000008d04ded8) 
thrown [s\src\hotspot\share\interpreter\linkResolver.cpp, line 771]
Event: 52.217 Thread 0x00000192346adf70 Exception <a 'java/lang/NoSuchMethodError'{0x000000008d053330}: 'java.lang.Object java.lang.invoke.DirectMethodHandle$Holder.invokeSpecial(java.lang.Object, java.lang.Object, java.lang.Object, java.lang.Object, java.lang.Object, java.lang.Object, int)'> (0x000000008d053330) 
thrown [s\src\hotspot\share\interpreter\linkResolver.cpp, line 771]
Event: 52.278 Thread 0x00000192346adf70 Exception <a 'java/lang/NoSuchMethodError'{0x000000008d0f32d0}: 'void java.lang.invoke.DirectMethodHandle$Holder.invokeStatic(java.lang.Object, java.lang.Object, java.lang.Object, int, java.lang.Object)'> (0x000000008d0f32d0) 
thrown [s\src\hotspot\share\interpreter\linkResolver.cpp, line 771]
Event: 53.661 Thread 0x00000192346adf70 Implicit null exception at 0x0000019223ac216f to 0x0000019223ac23ac
Event: 55.027 Thread 0x0000019235be0ff0 Exception <a 'sun/nio/fs/WindowsException'{0x000000008d8b0bd8}> (0x000000008d8b0bd8) 
thrown [s\src\hotspot\share\prims\jni.cpp, line 517]
Event: 55.125 Thread 0x0000019235be0ff0 Exception <a 'sun/nio/fs/WindowsException'{0x000000008d7f7878}> (0x000000008d7f7878) 
thrown [s\src\hotspot\share\prims\jni.cpp, line 517]
Event: 55.127 Thread 0x0000019235be0ff0 Exception <a 'sun/nio/fs/WindowsException'{0x000000008d7f7a78}> (0x000000008d7f7a78) 
thrown [s\src\hotspot\share\prims\jni.cpp, line 517]
Event: 55.152 Thread 0x00000192346adf70 Implicit null exception at 0x0000019223b5d312 to 0x0000019223b5da00
Event: 56.619 Thread 0x00000192346adf70 Exception <a 'java/lang/NoSuchMethodError'{0x000000008d9fe940}: 'int java.lang.invoke.DirectMethodHandle$Holder.invokeInterface(java.lang.Object, java.lang.Object, java.lang.Object, java.lang.Object)'> (0x000000008d9fe940) 
thrown [s\src\hotspot\share\interpreter\linkResolver.cpp, line 771]

VM Operations (20 events):
Event: 55.030 Executing VM operation: HandshakeAllThreads
Event: 55.030 Executing VM operation: HandshakeAllThreads done
Event: 55.084 Executing VM operation: HandshakeAllThreads
Event: 55.084 Executing VM operation: HandshakeAllThreads done
Event: 55.095 Executing VM operation: HandshakeAllThreads
Event: 55.096 Executing VM operation: HandshakeAllThreads done
Event: 55.165 Executing VM operation: G1TryInitiateConcMark
Event: 55.178 Executing VM operation: G1TryInitiateConcMark done
Event: 55.325 Executing VM operation: G1Concurrent
Event: 55.337 Executing VM operation: G1Concurrent done
Event: 55.388 Executing VM operation: G1Concurrent
Event: 55.388 Executing VM operation: G1Concurrent done
Event: 56.391 Executing VM operation: Cleanup
Event: 56.391 Executing VM operation: Cleanup done
Event: 56.587 Executing VM operation: HandshakeAllThreads
Event: 56.587 Executing VM operation: HandshakeAllThreads done
Event: 56.614 Executing VM operation: HandshakeAllThreads
Event: 56.614 Executing VM operation: HandshakeAllThreads done
Event: 57.200 Executing VM operation: HandshakeAllThreads
Event: 57.211 Executing VM operation: HandshakeAllThreads done

Events (20 events):
Event: 57.228 loading class java/time/format/DateTimeTextProvider$1
Event: 57.228 loading class java/time/format/DateTimeTextProvider$1 done
Event: 57.228 loading class java/time/format/DateTimeFormatterBuilder$1
Event: 57.228 loading class java/time/format/DateTimeFormatterBuilder$1 done
Event: 57.228 loading class java/time/format/DateTimeFormatterBuilder$TextPrinterParser
Event: 57.230 loading class java/time/format/DateTimeFormatterBuilder$TextPrinterParser done
Event: 57.232 Thread 0x00000192330225a0 flushing nmethod 0x000001921c777290
Event: 57.232 Thread 0x00000192330225a0 flushing nmethod 0x000001921c7a0990
Event: 57.232 Thread 0x00000192330225a0 flushing nmethod 0x000001921c7a3f10
Event: 57.233 Thread 0x00000192330225a0 flushing nmethod 0x000001921c830d10
Event: 57.233 Thread 0x00000192330225a0 flushing nmethod 0x000001921c853190
Event: 57.233 Thread 0x00000192330225a0 flushing nmethod 0x000001921c857610
Event: 57.233 Thread 0x00000192330225a0 flushing nmethod 0x000001921c85a710
Event: 57.233 Thread 0x00000192330225a0 flushing nmethod 0x000001921c85ab10
Event: 57.233 Thread 0x00000192330225a0 flushing nmethod 0x000001921c89d290
Event: 57.234 Thread 0x00000192330225a0 flushing nmethod 0x000001921c935590
Event: 57.239 Thread 0x00000192330225a0 flushing nmethod 0x000001921cce3390
Event: 57.241 Thread 0x00000192330225a0 flushing nmethod 0x000001921ceb5990
Event: 57.242 loading class java/util/concurrent/Executors$DefaultThreadFactory
Event: 57.243 loading class java/util/concurrent/Executors$DefaultThreadFactory done


Dynamic libraries:
0x00007ff61b590000 - 0x00007ff61b59a000 	C:\Program Files\Android\Android Studio1\jbr\bin\java.exe
0x00007fff2e790000 - 0x00007fff2e9a7000 	C:\WINDOWS\SYSTEM32\ntdll.dll
0x00007fff2d4a0000 - 0x00007fff2d564000 	C:\WINDOWS\System32\KERNEL32.DLL
0x00007fff2bef0000 - 0x00007fff2c296000 	C:\WINDOWS\System32\KERNELBASE.dll
0x00007fff2bd50000 - 0x00007fff2be61000 	C:\WINDOWS\System32\ucrtbase.dll
0x00007fff08ac0000 - 0x00007fff08ad7000 	C:\Program Files\Android\Android Studio1\jbr\bin\jli.dll
0x00007fff1dcc0000 - 0x00007fff1dcdb000 	C:\Program Files\Android\Android Studio1\jbr\bin\VCRUNTIME140.dll
0x00007fff2d1d0000 - 0x00007fff2d37e000 	C:\WINDOWS\System32\USER32.dll
0x00007fff2bad0000 - 0x00007fff2baf6000 	C:\WINDOWS\System32\win32u.dll
0x00007fff2cae0000 - 0x00007fff2cb09000 	C:\WINDOWS\System32\GDI32.dll
0x00007fff2bc30000 - 0x00007fff2bd48000 	C:\WINDOWS\System32\gdi32full.dll
0x00007fff2c2a0000 - 0x00007fff2c33a000 	C:\WINDOWS\System32\msvcp_win.dll
0x00007fff1a170000 - 0x00007fff1a403000 	C:\WINDOWS\WinSxS\amd64_microsoft.windows.common-controls_6595b64144ccf1df_6.0.22621.2506_none_270c5ae97388e100\COMCTL32.dll
0x00007fff2cd80000 - 0x00007fff2ce27000 	C:\WINDOWS\System32\msvcrt.dll
0x00007fff2c4e0000 - 0x00007fff2c511000 	C:\WINDOWS\System32\IMM32.DLL
0x00007fff1df50000 - 0x00007fff1df5c000 	C:\Program Files\Android\Android Studio1\jbr\bin\vcruntime140_1.dll
0x00007ffeee020000 - 0x00007ffeee0ad000 	C:\Program Files\Android\Android Studio1\jbr\bin\msvcp140.dll
0x00007ffedb4f0000 - 0x00007ffedc15e000 	C:\Program Files\Android\Android Studio1\jbr\bin\server\jvm.dll
0x00007fff2ca20000 - 0x00007fff2cad3000 	C:\WINDOWS\System32\ADVAPI32.dll
0x00007fff2cb10000 - 0x00007fff2cbb8000 	C:\WINDOWS\System32\sechost.dll
0x00007fff2c340000 - 0x00007fff2c368000 	C:\WINDOWS\System32\bcrypt.dll
0x00007fff2e630000 - 0x00007fff2e747000 	C:\WINDOWS\System32\RPCRT4.dll
0x00007fff271b0000 - 0x00007fff271b9000 	C:\WINDOWS\SYSTEM32\WSOCK32.dll
0x00007fff2d7e0000 - 0x00007fff2d851000 	C:\WINDOWS\System32\WS2_32.dll
0x00007fff24d80000 - 0x00007fff24db4000 	C:\WINDOWS\SYSTEM32\WINMM.dll
0x00007fff240e0000 - 0x00007fff240ea000 	C:\WINDOWS\SYSTEM32\VERSION.dll
0x00007fff2aae0000 - 0x00007fff2aaf8000 	C:\WINDOWS\SYSTEM32\kernel.appcore.dll
0x00007fff27110000 - 0x00007fff2711a000 	C:\Program Files\Android\Android Studio1\jbr\bin\jimage.dll
0x00007fff17920000 - 0x00007fff17b53000 	C:\WINDOWS\SYSTEM32\DBGHELP.DLL
0x00007fff2ce30000 - 0x00007fff2d1b9000 	C:\WINDOWS\System32\combase.dll
0x00007fff2e550000 - 0x00007fff2e627000 	C:\WINDOWS\System32\OLEAUT32.dll
0x00007fff0e200000 - 0x00007fff0e232000 	C:\WINDOWS\SYSTEM32\dbgcore.DLL
0x00007fff2be70000 - 0x00007fff2beea000 	C:\WINDOWS\System32\bcryptPrimitives.dll
0x00007fff1e350000 - 0x00007fff1e375000 	C:\Program Files\Android\Android Studio1\jbr\bin\java.dll
0x00007fff1e330000 - 0x00007fff1e348000 	C:\Program Files\Android\Android Studio1\jbr\bin\zip.dll
0x00007fff2dc50000 - 0x00007fff2e4ab000 	C:\WINDOWS\System32\SHELL32.dll
0x00007fff299e0000 - 0x00007fff2a2d6000 	C:\WINDOWS\SYSTEM32\windows.storage.dll
0x00007fff298a0000 - 0x00007fff299de000 	C:\WINDOWS\SYSTEM32\wintypes.dll
0x00007fff2d380000 - 0x00007fff2d473000 	C:\WINDOWS\System32\SHCORE.dll
0x00007fff2d910000 - 0x00007fff2d96e000 	C:\WINDOWS\System32\shlwapi.dll
0x00007fff2ba00000 - 0x00007fff2ba26000 	C:\WINDOWS\SYSTEM32\profapi.dll
0x00007fff1d130000 - 0x00007fff1d149000 	C:\Program Files\Android\Android Studio1\jbr\bin\net.dll
0x00007fff25750000 - 0x00007fff25887000 	C:\WINDOWS\SYSTEM32\WINHTTP.dll
0x00007fff2af90000 - 0x00007fff2aff9000 	C:\WINDOWS\system32\mswsock.dll
0x00007fff1cbe0000 - 0x00007fff1cbf6000 	C:\Program Files\Android\Android Studio1\jbr\bin\nio.dll
0x00007fff26520000 - 0x00007fff26530000 	C:\Program Files\Android\Android Studio1\jbr\bin\verify.dll
0x00007fff26340000 - 0x00007fff26367000 	C:\Users\hp\.gradle\native\68d5fa5c4cc2d200863cafc0d521ce42e7d3e7ee720ec0a83991735586a16f82\windows-amd64\native-platform.dll
0x00007fff1d380000 - 0x00007fff1d4c4000 	C:\Users\hp\.gradle\native\e376f236ea51e6404a007f0833ffe2c6e607c4080706a723a18a27aeea778392\windows-amd64\native-platform-file-events.dll
0x00007fff1e490000 - 0x00007fff1e499000 	C:\Program Files\Android\Android Studio1\jbr\bin\management.dll
0x00007fff1b2b0000 - 0x00007fff1b2bb000 	C:\Program Files\Android\Android Studio1\jbr\bin\management_ext.dll
0x00007fff2d1c0000 - 0x00007fff2d1c8000 	C:\WINDOWS\System32\PSAPI.DLL
0x00007fff2b1e0000 - 0x00007fff2b1fb000 	C:\WINDOWS\SYSTEM32\CRYPTSP.dll
0x00007fff2aa40000 - 0x00007fff2aa75000 	C:\WINDOWS\system32\rsaenh.dll
0x00007fff2b080000 - 0x00007fff2b0ac000 	C:\WINDOWS\SYSTEM32\USERENV.dll
0x00007fff2b200000 - 0x00007fff2b20c000 	C:\WINDOWS\SYSTEM32\CRYPTBASE.dll
0x00007fff2a580000 - 0x00007fff2a5ad000 	C:\WINDOWS\SYSTEM32\IPHLPAPI.DLL
0x00007fff2d970000 - 0x00007fff2d979000 	C:\WINDOWS\System32\NSI.dll
0x00007fff25730000 - 0x00007fff25749000 	C:\WINDOWS\SYSTEM32\dhcpcsvc6.DLL
0x00007fff25710000 - 0x00007fff2572f000 	C:\WINDOWS\SYSTEM32\dhcpcsvc.DLL
0x00007fff2a5b0000 - 0x00007fff2a6a9000 	C:\WINDOWS\SYSTEM32\DNSAPI.dll
0x00007fff26620000 - 0x00007fff26628000 	C:\WINDOWS\system32\wshunix.dll

dbghelp: loaded successfully - version: 4.0.5 - missing functions: none
symbol engine: initialized successfully - sym options: 0x614 - pdb path: .;C:\Program Files\Android\Android Studio1\jbr\bin;C:\WINDOWS\SYSTEM32;C:\WINDOWS\WinSxS\amd64_microsoft.windows.common-controls_6595b64144ccf1df_6.0.22621.2506_none_270c5ae97388e100;C:\Program Files\Android\Android Studio1\jbr\bin\server;C:\Users\hp\.gradle\native\68d5fa5c4cc2d200863cafc0d521ce42e7d3e7ee720ec0a83991735586a16f82\windows-amd64;C:\Users\hp\.gradle\native\e376f236ea51e6404a007f0833ffe2c6e607c4080706a723a18a27aeea778392\windows-amd64

VM Arguments:
jvm_args: --add-opens=java.base/java.util=ALL-UNNAMED --add-opens=java.base/java.lang=ALL-UNNAMED --add-opens=java.base/java.lang.invoke=ALL-UNNAMED --add-opens=java.prefs/java.util.prefs=ALL-UNNAMED --add-opens=java.base/java.nio.charset=ALL-UNNAMED --add-opens=java.base/java.net=ALL-UNNAMED --add-opens=java.base/java.util.concurrent.atomic=ALL-UNNAMED -Xmx2048m -Dfile.encoding=UTF-8 -Duser.country=US -Duser.language=en -Duser.variant 
java_command: org.gradle.launcher.daemon.bootstrap.GradleDaemon 8.0
java_class_path (initial): C:\Users\hp\.gradle\wrapper\dists\gradle-8.0-bin\ca5e32bp14vu59qr306oxotwh\gradle-8.0\lib\gradle-launcher-8.0.jar
Launcher Type: SUN_STANDARD

[Global flags]
     intx CICompilerCount                          = 4                                         {product} {ergonomic}
     uint ConcGCThreads                            = 2                                         {product} {ergonomic}
     uint G1ConcRefinementThreads                  = 8                                         {product} {ergonomic}
   size_t G1HeapRegionSize                         = 1048576                                   {product} {ergonomic}
    uintx GCDrainStackTargetSize                   = 64                                        {product} {ergonomic}
   size_t InitialHeapSize                          = 100663296                                 {product} {ergonomic}
   size_t MarkStackSize                            = 4194304                                   {product} {ergonomic}
   size_t MaxHeapSize                              = 2147483648                                {product} {command line}
   size_t MaxNewSize                               = 1287651328                                {product} {ergonomic}
   size_t MinHeapDeltaBytes                        = 1048576                                   {product} {ergonomic}
   size_t MinHeapSize                              = 8388608                                   {product} {ergonomic}
    uintx NonNMethodCodeHeapSize                   = 5839372                                {pd product} {ergonomic}
    uintx NonProfiledCodeHeapSize                  = 122909434                              {pd product} {ergonomic}
    uintx ProfiledCodeHeapSize                     = 122909434                              {pd product} {ergonomic}
    uintx ReservedCodeCacheSize                    = 251658240                              {pd product} {ergonomic}
     bool SegmentedCodeCache                       = true                                      {product} {ergonomic}
   size_t SoftMaxHeapSize                          = 2147483648                             {manageable} {ergonomic}
     bool UseCompressedClassPointers               = true                           {product lp64_product} {ergonomic}
     bool UseCompressedOops                        = true                           {product lp64_product} {ergonomic}
     bool UseG1GC                                  = true                                      {product} {ergonomic}
     bool UseLargePagesIndividualAllocation        = false                                  {pd product} {ergonomic}

Logging:
Log output configuration:
 #0: stdout all=warning uptime,level,tags
 #1: stderr all=off uptime,level,tags

Environment Variables:
JAVA_HOME=C:\Program Files\Java\jdk-18.0.2
PATH=C:\Program Files (x86)\VMware\VMware Workstation\bin\;C:\Program Files\Common Files\Oracle\Java\javapath;C:\Program Files (x86)\Common Files\Oracle\Java\javapath;C:\WINDOWS\system32;C:\WINDOWS;C:\WINDOWS\System32\Wbem;C:\WINDOWS\System32\WindowsPowerShell\v1.0\;C:\WINDOWS\System32\OpenSSH\;C:\Program Files\Java\jdk1.8.0_311\bin;C:\Program Files\Git\cmd;C:\Program Files\Java\jdk-18.0.2\bin;C:\xampp\php;C:\ProgramData\ComposerSetup\bin;E:\src\flutter\bin;C:\dart-sdk\bin;C:\Program Files\DB Browser for SQLite;C:\Program Files\nodejs\;C:\Users\hp\AppData\Local\Packages\PythonSoftwareFoundation.Python.3.9_qbz5n2kfra8p0\LocalCache\local-packages\Python39\Scripts;C:\hadoop\winutils.exe\bin;C:\Program Files\Java\jdk-18.0.2\bin;C:\Users\hp\AppData\Local\Pub\Cache\bin;C:\Users\hp\AppData\Local\Microsoft\WindowsApps;C:\MinGW\bin;C:\Program Files\JetBrains\IntelliJ IDEA Community Edition 2022.2\bin;C:\Users\hp\AppData\Local\Programs\Microsoft VS Code\bin;C:\Users\hp\AppData\Local\GitHubDesktop\bin;C:\Users\hp\AppData\Roaming\Composer\vendor\bin;E:\src\flutter\bin;C:\dart-sdk\bin;C:\Program Files\DB Browser for SQLite;C:\Users\hp\AppData\Roaming\npm;C:\Users\hp\AppData\Local\Packages\PythonSoftwareFoundation.Python.3.9_qbz5n2kfra8p0\LocalCache\local-packages\Python39\Scripts;C:\Users\hp\AppData\Local\Pub\Cache\bin;C:\spark\spark-3.3.4-bin-hadoop3\bin;C:\spark\spark-3.3.4-bin-hadoop3\bin;C:\Users\hp\AppData\Local\Coursier\data\bin;C:\Users\hp\Downloads\sbt-1.9.8.zip\sbt\bin;
USERNAME=hp
OS=Windows_NT
PROCESSOR_IDENTIFIER=AMD64 Family 23 Model 24 Stepping 1, AuthenticAMD
TMP=C:\Users\hp\AppData\Local\Temp
TEMP=C:\Users\hp\AppData\Local\Temp


JNI global refs:
JNI global refs: 25, weak refs: 4

JNI global refs memory usage: 843, weak refs: 841


---------------  S Y S T E M  ---------------

OS:
 Windows 11 , 64 bit Build 22621 (10.0.22621.3085)
OS uptime: 2 days 3:32 hours
Hyper-V role detected

CPU: total 8 (initial active 8) (8 cores per cpu, 2 threads per core) family 23 model 24 stepping 1 microcode 0x0, cx8, cmov, fxsr, ht, mmx, 3dnowpref, sse, sse2, sse3, ssse3, sse4a, sse4.1, sse4.2, popcnt, lzcnt, tsc, tscinvbit, avx, avx2, aes, clmul, bmi1, bmi2, adx, sha, fma, vzeroupper, clflush, clflushopt, hv

Memory: 4k page, system-wide physical 6021M (617M free)
TotalPageFile size 24453M (AvailPageFile size 1M)
current process WorkingSet (physical memory assigned to process): 439M, peak: 446M
current process commit charge ("private bytes"): 584M, peak: 589M

vm_info: OpenJDK 64-Bit Server VM (17.0.6+0-b2043.56-10027231) for windows-amd64 JRE (17.0.6+0-b2043.56-10027231), built on Apr 28 2023 00:43:19 by "androidbuild" with MS VC++ 16.10 / 16.11 (VS2019)

END.
